#INFO: **** input file is /home/sharmagroup/sharmagroup/project/afqmc_ccpt/cu2o2/f0/s4/ccsd.py ****
import numpy as np
from pyscf import gto, scf, cc

norb_frozen = 10
f = 0
s = 4
# bond lengths
cu_cu = 2.8 + f * 0.8
o_o = 2.3 - f * 0.9

atomString = f'Cu {-cu_cu/2} 0. 0.; Cu {cu_cu/2} 0. 0.; O 0. {o_o/2} 0.; O 0. {-o_o/2} 0.'

mol = gto.M(atom = atomString,
    basis = {'O': gto.basis.parse('''
O    S
 105374.95                   0.459000000E-04             -0.105000000E-04            0.900000000E-05             -0.109000000E-04
  15679.240                  0.360700000E-03             -0.825000000E-04            0.705000000E-04             -0.822000000E-04
   3534.5447                 0.191980000E-02             -0.441200000E-03            0.375700000E-03             -0.467500000E-03
    987.36516                0.820670000E-02             -0.188640000E-02            0.161460000E-02             -0.184650000E-02
    315.97875                0.297257000E-01             -0.695400000E-02            0.593400000E-02             -0.755850000E-02
    111.65428                0.904558000E-01             -0.217208000E-01            0.187866000E-01             -0.210868000E-01
     42.699451               0.217405400E+00             -0.568513000E-01            0.494683000E-01             -0.667511000E-01
     17.395596               0.368765700E+00             -0.113963500E+00            0.103039900E+00             -0.109367300E+00
      7.4383090              0.337279800E+00             -0.162020100E+00            0.162058600E+00             -0.273143100E+00
      3.2228620              0.967505000E-01             -0.333800000E-01            0.936700000E-03             0.209713700E+00
      1.2538770              0.256740000E-02             0.365506800E+00             -0.822425100E+00            0.120348070E+01
       .49515500             0.137460000E-02             0.552003100E+00             -0.101790200E+00            -0.677469400E+00
       .19166500             -0.141000000E-03            0.223639300E+00             0.425393900E+00             -0.142988400E+01
       .06708300             0.683000000E-04             0.657450000E-02             0.687702800E+00             0.148910680E+01
O    P
    200.00000                0.893300000E-03            -0.838400000E-03            0.126180000E-02
     46.533367               0.736900000E-02            -0.684910000E-02            0.111628000E-01
     14.621809               0.349392000E-01            -0.328505000E-01            0.518316000E-01
      5.3130640              0.115298500E+00            -0.110006000E+00            0.197884500E+00
      2.1025250              0.258323100E+00            -0.313526300E+00            0.570765200E+00
       .85022300             0.369623100E+00            -0.319601100E+00            -0.178929100E+00
       .33759700             0.323878900E+00            0.221724300E+00             -0.898207700E+00
       .12889200             0.146798900E+00            0.562261600E+00             0.266664300E+00
       .04511200             0.336127000E-01            0.301325100E+00             0.625899400E+00
O    D
      3.7500000              0.12849340            -0.21820550
      1.3125000              0.52118840            -0.48176950
       .45937500             0.43457840             0.13575950
       .16078100             0.14574090             0.82977340
    '''),
    'Cu': gto.basis.parse('''
Cu    S
     27.6963200              0.2311320              0.0000000              0.0000000              0.0000000              0.0000000              0.0000000
     13.5053500             -0.6568110              0.0000000              0.0000000              0.0000000              0.0000000              0.0000000
      8.8153550             -0.5458750              0.0000000              0.0000000              0.0000000              0.0000000              0.0000000
      2.3808050              0.0000000              1.0000000              0.0000000              0.0000000              0.0000000              0.0000000
      0.9526160              0.0000000              0.0000000              1.0000000              0.0000000              0.0000000              0.0000000
      0.1126620              0.0000000              0.0000000              0.0000000              1.0000000              0.0000000              0.0000000
      0.0404860              0.0000000              0.0000000              0.0000000              0.0000000              1.0000000              0.0000000
      0.0100000              0.0000000              0.0000000              0.0000000              0.0000000              0.0000000              1.0000000
Cu    P
     93.5043270              0.0228290              0.0000000              0.0000000              0.0000000              0.0000000
     16.2854640             -1.0095130              0.0000000              0.0000000              0.0000000              0.0000000
      5.9942360              0.0000000              0.2464500              0.0000000              0.0000000              0.0000000
      2.5368750              0.0000000              0.7920240              0.0000000              0.0000000              0.0000000
      0.8979340              0.0000000              0.0000000              1.0000000              0.0000000              0.0000000
      0.1317290              0.0000000              0.0000000              0.0000000              1.0000000              0.0000000
      0.0308780              0.0000000              0.0000000              0.0000000              0.0000000              1.0000000
Cu    D
     41.2250060              0.0446940              0.0000000              0.0000000
     12.3432500              0.2121060              0.0000000              0.0000000
      4.2019200              0.4534230              0.0000000              0.0000000
      1.3798250              0.5334650              0.0000000              0.0000000
      0.3834530              0.0000000              1.0000000              0.0000000
      0.1000000              0.0000000              0.0000000              1.0000000
    ''')},
    ecp = {'Cu': gto.basis.parse_ecp('''
Cu nelec 10
Cu ul
2       1.000000000            0.000000000
Cu S
2      30.220000000          355.770158000
2      13.190000000           70.865357000
Cu P
2      33.130000000          233.891976000
2      13.220000000           53.947299000
Cu D
2      38.420000000          -31.272165000
2      13.260000000           -2.741104000
    ''')},
    verbose=4, unit='angstrom', symmetry=0, spin=s, charge=2)
# mf = scf.RHF(mol)
# mf.level_shift = 0.5
# mf.kernel()

umf = scf.RHF(mol)
umf.chkfile = 'rmf.chk'
# umf.init_guess = 'chk'
umf.level_shift = 0.5
umf.kernel()
mo1 = umf.stability()[0]
umf = umf.newton().run(mo1, umf.mo_occ)
mo1 = umf.stability()[0]
umf = umf.newton().run(mo1, umf.mo_occ)
mo1 = umf.stability()[0]
umf = umf.newton().run(mo1, umf.mo_occ)
mo1 = umf.stability()[0]
umf = umf.newton().run(mo1, umf.mo_occ)
umf.stability()

mycc = cc.CCSD(umf)
mycc.frozen = norb_frozen
mycc.max_cycle = 100
mycc.run()
et = mycc.ccsd_t()
print(f'spin = {s}  ccsd(t) energy is: { mycc.e_tot + et}')

options = {'n_eql': 3,
           'n_prop_steps': 50,
            'n_ene_blocks': 5,
            'n_sr_blocks': 5,
            'n_blocks': 10,
            'n_walkers': 30,
            'seed': 2,
            'walker_type': 'rhf',
            'trial': 'uccsd_pt2_ad', # ccsd_pt,ccsd_pt_ad,ccsd_pt2_ad, ucisd
            'dt':0.005,
            'free_projection':False,
            'ad_mode':None,
            'use_gpu': True,
            }

# from ad_afqmc import pyscf_interface
# from ad_afqmc.ccsd_pt import sample_uccsd_pt2
# pyscf_interface.prep_afqmc(mycc,options,chol_cut=1e-5)
# sample_uccsd_pt2.run_afqmc(options)
#INFO: ******************** input file end ********************


System: uname_result(system='Linux', node='sharmagroup-rn', release='6.14.0-33-generic', version='#33~24.04.1-Ubuntu SMP PREEMPT_DYNAMIC Fri Sep 19 17:02:30 UTC 2', machine='x86_64')  Threads 16
Python 3.11.14 (main, Oct 21 2025, 18:31:21) [GCC 11.2.0]
numpy 2.3.1  scipy 1.16.2  h5py 3.14.0
Date: Mon Oct 27 17:24:59 2025
PySCF version 2.11.0
PySCF path  /home/sharmagroup/sharmagroup/pyscf
GIT HEAD (branch master) 3d1768f5e33b144b606c3d2c81c12ee54d794501

[CONFIG] conf_file None
[INPUT] verbose = 4
[INPUT] num. atoms = 4
[INPUT] num. electrons = 52
[INPUT] charge = 2
[INPUT] spin (= nelec alpha-beta = 2S) = 4
[INPUT] symmetry 0 subgroup None
[INPUT] Mole.unit = angstrom
[INPUT] Symbol           X                Y                Z      unit          X                Y                Z       unit  Magmom
[INPUT]  1 Cu    -1.400000000000   0.000000000000   0.000000000000 AA   -2.645616574391   0.000000000000   0.000000000000 Bohr   0.0
[INPUT]  2 Cu     1.400000000000   0.000000000000   0.000000000000 AA    2.645616574391   0.000000000000   0.000000000000 Bohr   0.0
[INPUT]  3 O      0.000000000000   1.150000000000   0.000000000000 AA    0.000000000000   2.173185043250   0.000000000000 Bohr   0.0
[INPUT]  4 O      0.000000000000  -1.150000000000   0.000000000000 AA    0.000000000000  -2.173185043250   0.000000000000 Bohr   0.0

nuclear repulsion = 260.534383992932
number of shells = 12
number of NR pGTOs = 240
number of NR cGTOs = 118
basis = {'O': [[0, [105374.95, 4.59e-05, -1.05e-05, 9e-06, -1.09e-05], [15679.24, 0.0003607, -8.25e-05, 7.05e-05, -8.22e-05], [3534.5447, 0.0019198, -0.0004412, 0.0003757, -0.0004675], [987.36516, 0.0082067, -0.0018864, 0.0016146, -0.0018465], [315.97875, 0.0297257, -0.006954, 0.005934, -0.0075585], [111.65428, 0.0904558, -0.0217208, 0.0187866, -0.0210868], [42.699451, 0.2174054, -0.0568513, 0.0494683, -0.0667511], [17.395596, 0.3687657, -0.1139635, 0.1030399, -0.1093673], [7.438309, 0.3372798, -0.1620201, 0.1620586, -0.2731431], [3.222862, 0.0967505, -0.03338, 0.0009367, 0.2097137], [1.253877, 0.0025674, 0.3655068, -0.8224251, 1.2034807], [0.495155, 0.0013746, 0.5520031, -0.1017902, -0.6774694], [0.191665, -0.000141, 0.2236393, 0.4253939, -1.429884], [0.067083, 6.83e-05, 0.0065745, 0.6877028, 1.4891068]], [1, [200.0, 0.0008933, -0.0008384, 0.0012618], [46.533367, 0.007369, -0.0068491, 0.0111628], [14.621809, 0.0349392, -0.0328505, 0.0518316], [5.313064, 0.1152985, -0.110006, 0.1978845], [2.102525, 0.2583231, -0.3135263, 0.5707652], [0.850223, 0.3696231, -0.3196011, -0.1789291], [0.337597, 0.3238789, 0.2217243, -0.8982077], [0.128892, 0.1467989, 0.5622616, 0.2666643], [0.045112, 0.0336127, 0.3013251, 0.6258994]], [2, [3.75, 0.1284934, -0.2182055], [1.3125, 0.5211884, -0.4817695], [0.459375, 0.4345784, 0.1357595], [0.160781, 0.1457409, 0.8297734]]], 'Cu': [[0, [27.69632, 0.231132, 0.0, 0.0, 0.0, 0.0, 0.0], [13.50535, -0.656811, 0.0, 0.0, 0.0, 0.0, 0.0], [8.815355, -0.545875, 0.0, 0.0, 0.0, 0.0, 0.0], [2.380805, 0.0, 1.0, 0.0, 0.0, 0.0, 0.0], [0.952616, 0.0, 0.0, 1.0, 0.0, 0.0, 0.0], [0.112662, 0.0, 0.0, 0.0, 1.0, 0.0, 0.0], [0.040486, 0.0, 0.0, 0.0, 0.0, 1.0, 0.0], [0.01, 0.0, 0.0, 0.0, 0.0, 0.0, 1.0]], [1, [93.504327, 0.022829, 0.0, 0.0, 0.0, 0.0], [16.285464, -1.009513, 0.0, 0.0, 0.0, 0.0], [5.994236, 0.0, 0.24645, 0.0, 0.0, 0.0], [2.536875, 0.0, 0.792024, 0.0, 0.0, 0.0], [0.897934, 0.0, 0.0, 1.0, 0.0, 0.0], [0.131729, 0.0, 0.0, 0.0, 1.0, 0.0], [0.030878, 0.0, 0.0, 0.0, 0.0, 1.0]], [2, [41.225006, 0.044694, 0.0, 0.0], [12.34325, 0.212106, 0.0, 0.0], [4.20192, 0.453423, 0.0, 0.0], [1.379825, 0.533465, 0.0, 0.0], [0.383453, 0.0, 1.0, 0.0], [0.1, 0.0, 0.0, 1.0]]]}
ecp = {'Cu': [10, [[-1, [[], [], [], [], [], [], []]], [0, [[], [], [[30.22, 355.770158], [13.19, 70.865357]], [], [], [], []]], [1, [[], [], [[33.13, 233.891976], [13.22, 53.947299]], [], [], [], []]], [2, [[], [], [[38.42, -31.272165], [13.26, -2.741104]], [], [], [], []]]]]}
CPU time:         0.24


******** <class 'pyscf.scf.rohf.ROHF'> ********
method = ROHF
initial guess = minao
damping factor = 0
level_shift factor = 0.5
DIIS = <class 'pyscf.scf.diis.CDIIS'>
diis_start_cycle = 1
diis_space = 8
diis_damp = 0
SCF conv_tol = 1e-09
SCF conv_tol_grad = None
SCF max_cycles = 50
direct_scf = True
direct_scf_tol = 1e-13
chkfile to save SCF result = rmf.chk
max_memory 4000 MB (current use 109 MB)
num. doubly occ = 24  num. singly occ = 4
Set gradient conv threshold to 3.16228e-05
init E= -475.452687119517
  HOMO = -0.248099941028531  LUMO = 0.126398070713485
cycle= 1 E= -540.957043027064  delta_E= -65.5  |g|= 2.76  |ddm|= 2.92
  HOMO = -0.601082720867619  LUMO = 0.122951752628759
cycle= 2 E= -541.154678007809  delta_E= -0.198  |g|= 0.469  |ddm|= 0.549
  HOMO = -0.450089881365992  LUMO = 0.129463234415914
cycle= 3 E= -541.203823862539  delta_E= -0.0491  |g|= 0.34  |ddm|= 0.344
  HOMO = -0.46819570764327  LUMO = 0.136606143145708
cycle= 4 E= -541.248485729396  delta_E= -0.0447  |g|= 0.176  |ddm|= 0.241
  HOMO = -0.451537603965744  LUMO = 0.133460957178975
cycle= 5 E= -541.282284132568  delta_E= -0.0338  |g|= 0.25  |ddm|= 0.249
  HOMO = -0.441488835396198  LUMO = 0.12965811290346
cycle= 6 E= -541.307978542962  delta_E= -0.0257  |g|= 0.266  |ddm|= 0.191
  HOMO = -0.391594634345491  LUMO = 0.103880469249812
cycle= 7 E= -541.375779836074  delta_E= -0.0678  |g|= 0.0984  |ddm|= 0.655
  HOMO = -0.387521798486004  LUMO = 0.102945480017778
cycle= 8 E= -541.382541215717  delta_E= -0.00676  |g|= 0.0349  |ddm|= 0.159
  HOMO = -0.39161396496615  LUMO = 0.102798768297253
cycle= 9 E= -541.383351761631  delta_E= -0.000811  |g|= 0.0157  |ddm|= 0.0439
  HOMO = -0.389215564940731  LUMO = 0.101669691159941
cycle= 10 E= -541.383637734971  delta_E= -0.000286  |g|= 0.0105  |ddm|= 0.0411
  HOMO = -0.393887350555519  LUMO = 0.103145954912336
cycle= 11 E= -541.383610620858  delta_E= 2.71e-05  |g|= 0.00957  |ddm|= 0.0251
  HOMO = -0.392002615115312  LUMO = 0.1022689566606
cycle= 12 E= -541.383665836244  delta_E= -5.52e-05  |g|= 0.00242  |ddm|= 0.0125
  HOMO = -0.391853110489239  LUMO = 0.102165795358936
cycle= 13 E= -541.383676701715  delta_E= -1.09e-05  |g|= 0.00122  |ddm|= 0.0076
  HOMO = -0.392115999211147  LUMO = 0.102247197283328
cycle= 14 E= -541.383677145397  delta_E= -4.44e-07  |g|= 0.000482  |ddm|= 0.00152
  HOMO = -0.392064893828658  LUMO = 0.102201911511965
cycle= 15 E= -541.383677434928  delta_E= -2.9e-07  |g|= 0.000262  |ddm|= 0.00095
  HOMO = -0.392073093422533  LUMO = 0.102201103348319
cycle= 16 E= -541.383677504398  delta_E= -6.95e-08  |g|= 0.000141  |ddm|= 0.00044
  HOMO = -0.392070052604801  LUMO = 0.102201083637195
cycle= 17 E= -541.383677522139  delta_E= -1.77e-08  |g|= 7.18e-05  |ddm|= 0.000217
  HOMO = -0.392073121471929  LUMO = 0.102201026726224
cycle= 18 E= -541.383677526724  delta_E= -4.58e-09  |g|= 3.18e-05  |ddm|= 0.00011
  HOMO = -0.39207131863214  LUMO = 0.102200721811949
cycle= 19 E= -541.383677527697  delta_E= -9.73e-10  |g|= 1.52e-05  |ddm|= 5.02e-05
  HOMO = -0.642072324381833  LUMO = -0.39779846532057
Extra cycle  E= -541.383677527752  delta_E= -5.5e-11  |g|= 3.06e-05  |ddm|= 6.7e-05
converged SCF energy = -541.383677527752
rohf_internal: lowest eigs of H = [-0.00279981  0.02881983  0.0642031 ]
<class 'pyscf.scf.rohf.ROHF'> wavefunction has an internal instability




******** <class 'pyscf.soscf.newton_ah.SecondOrderROHF'> ********
method = SecondOrderROHF
initial guess = minao
damping factor = 0
level_shift factor = 0.5
DIIS = <class 'pyscf.scf.diis.CDIIS'>
diis_start_cycle = 1
diis_space = 8
diis_damp = 0
SCF conv_tol = 1e-09
SCF conv_tol_grad = None
SCF max_cycles = 50
direct_scf = True
direct_scf_tol = 1e-13
chkfile to save SCF result = rmf.chk
max_memory 4000 MB (current use 347 MB)
num. doubly occ = 24  num. singly occ = 4
******** <class 'pyscf.scf.rohf.ROHF'> Newton solver flags ********
SCF tol = 1e-09
conv_tol_grad = None
max. SCF cycles = 50
direct_scf = True
direct_scf_tol = 1e-13
chkfile to save SCF result = rmf.chk
max_cycle_inner = 12
max_stepsize = 0.05
ah_start_tol = 1e+09
ah_level_shift = 0
ah_conv_tol = 1e-12
ah_lindep = 1e-14
ah_start_cycle = 1
ah_max_cycle = 40
ah_grad_trust_region = 2.5
kf_interval = 4
kf_trust_region = 5
canonicalization = True
max_memory 4000 MB (current use 347 MB)
Set conv_tol_grad to 3.16228e-05
  HOMO = -0.634688051179848  LUMO = -0.397681052337983
Initial guess E= -541.374607223092  |g|= 0.0846368
macro= 0  E= -541.383344935431  delta_E= -0.00873771  |g|= 0.0130067  3 KF 15 JK
macro= 1  E= -541.38385063404  delta_E= -0.000505699  |g|= 0.00157126  4 KF 17 JK
macro= 2  E= -541.383853701185  delta_E= -3.06715e-06  |g|= 0.000891391  1 KF 6 JK
macro= 3  E= -541.383861743074  delta_E= -8.04189e-06  |g|= 0.00182  2 KF 10 JK
macro= 4  E= -541.383862597192  delta_E= -8.54118e-07  |g|= 0.000197401  3 KF 19 JK
macro= 5  E= -541.383862616789  delta_E= -1.95971e-08  |g|= 3.13245e-05  2 KF 15 JK
macro= 6  E= -541.383862616931  delta_E= -1.41881e-10  |g|= 1.38401e-05  1 KF 3 JK
Canonicalize SCF orbitals
macro X = 7  E=-541.383862616931  |g|= 1.38401e-05  total 17 KF 93 JK
converged SCF energy = -541.383862616931
rohf_internal: lowest eigs of H = [0.01224294 0.02546894 0.06349981]
<class 'pyscf.soscf.newton_ah.SecondOrderROHF'> wavefunction is stable in the internal stability analysis




******** <class 'pyscf.soscf.newton_ah.SecondOrderROHF'> ********
method = SecondOrderROHF
initial guess = minao
damping factor = 0
level_shift factor = 0.5
DIIS = <class 'pyscf.scf.diis.CDIIS'>
diis_start_cycle = 1
diis_space = 8
diis_damp = 0
SCF conv_tol = 1e-09
SCF conv_tol_grad = None
SCF max_cycles = 50
direct_scf = True
direct_scf_tol = 1e-13
chkfile to save SCF result = rmf.chk
max_memory 4000 MB (current use 352 MB)
num. doubly occ = 24  num. singly occ = 4
******** <class 'pyscf.scf.rohf.ROHF'> Newton solver flags ********
SCF tol = 1e-09
conv_tol_grad = None
max. SCF cycles = 50
direct_scf = True
direct_scf_tol = 1e-13
chkfile to save SCF result = rmf.chk
max_cycle_inner = 12
max_stepsize = 0.05
ah_start_tol = 1e+09
ah_level_shift = 0
ah_conv_tol = 1e-12
ah_lindep = 1e-14
ah_start_cycle = 1
ah_max_cycle = 40
ah_grad_trust_region = 2.5
kf_interval = 4
kf_trust_region = 5
canonicalization = True
max_memory 4000 MB (current use 352 MB)
Set conv_tol_grad to 3.16228e-05
  HOMO = -0.647513476399707  LUMO = -0.397741747984749
Initial guess E= -541.383862616931  |g|= 5.49532e-06
macro= 0  E= -541.383862616935  delta_E= -4.54747e-12  |g|= 5.49532e-06  1 KF 2 JK
Canonicalize SCF orbitals
macro X = 1  E=-541.383862616935  |g|= 5.49532e-06  total 2 KF 4 JK
converged SCF energy = -541.383862616935
rohf_internal: lowest eigs of H = [0.01225875 0.02542611 0.0805832 ]
<class 'pyscf.soscf.newton_ah.SecondOrderROHF'> wavefunction is stable in the internal stability analysis




******** <class 'pyscf.soscf.newton_ah.SecondOrderROHF'> ********
method = SecondOrderROHF
initial guess = minao
damping factor = 0
level_shift factor = 0.5
DIIS = <class 'pyscf.scf.diis.CDIIS'>
diis_start_cycle = 1
diis_space = 8
diis_damp = 0
SCF conv_tol = 1e-09
SCF conv_tol_grad = None
SCF max_cycles = 50
direct_scf = True
direct_scf_tol = 1e-13
chkfile to save SCF result = rmf.chk
max_memory 4000 MB (current use 353 MB)
num. doubly occ = 24  num. singly occ = 4
******** <class 'pyscf.scf.rohf.ROHF'> Newton solver flags ********
SCF tol = 1e-09
conv_tol_grad = None
max. SCF cycles = 50
direct_scf = True
direct_scf_tol = 1e-13
chkfile to save SCF result = rmf.chk
max_cycle_inner = 12
max_stepsize = 0.05
ah_start_tol = 1e+09
ah_level_shift = 0
ah_conv_tol = 1e-12
ah_lindep = 1e-14
ah_start_cycle = 1
ah_max_cycle = 40
ah_grad_trust_region = 2.5
kf_interval = 4
kf_trust_region = 5
canonicalization = True
max_memory 4000 MB (current use 353 MB)
Set conv_tol_grad to 3.16228e-05
  HOMO = -0.647513408448475  LUMO = -0.39774174311312
Initial guess E= -541.383862616936  |g|= 1.06966e-05
macro= 0  E= -541.383862616937  delta_E= -1.13687e-12  |g|= 1.06966e-05  1 KF 2 JK
Canonicalize SCF orbitals
macro X = 1  E=-541.383862616937  |g|= 1.06966e-05  total 2 KF 4 JK
converged SCF energy = -541.383862616937
rohf_internal: lowest eigs of H = [0.01227613 0.02538214 0.06327529]
<class 'pyscf.soscf.newton_ah.SecondOrderROHF'> wavefunction is stable in the internal stability analysis




******** <class 'pyscf.soscf.newton_ah.SecondOrderROHF'> ********
method = SecondOrderROHF
initial guess = minao
damping factor = 0
level_shift factor = 0.5
DIIS = <class 'pyscf.scf.diis.CDIIS'>
diis_start_cycle = 1
diis_space = 8
diis_damp = 0
SCF conv_tol = 1e-09
SCF conv_tol_grad = None
SCF max_cycles = 50
direct_scf = True
direct_scf_tol = 1e-13
chkfile to save SCF result = rmf.chk
max_memory 4000 MB (current use 354 MB)
num. doubly occ = 24  num. singly occ = 4
******** <class 'pyscf.scf.rohf.ROHF'> Newton solver flags ********
SCF tol = 1e-09
conv_tol_grad = None
max. SCF cycles = 50
direct_scf = True
direct_scf_tol = 1e-13
chkfile to save SCF result = rmf.chk
max_cycle_inner = 12
max_stepsize = 0.05
ah_start_tol = 1e+09
ah_level_shift = 0
ah_conv_tol = 1e-12
ah_lindep = 1e-14
ah_start_cycle = 1
ah_max_cycle = 40
ah_grad_trust_region = 2.5
kf_interval = 4
kf_trust_region = 5
canonicalization = True
max_memory 4000 MB (current use 354 MB)
Set conv_tol_grad to 3.16228e-05
  HOMO = -0.647513407788856  LUMO = -0.397741744108368
Initial guess E= -541.383862616937  |g|= 7.65783e-06
macro= 0  E= -541.383862616938  delta_E= -1.59162e-12  |g|= 7.65783e-06  1 KF 2 JK
Canonicalize SCF orbitals
macro X = 1  E=-541.383862616938  |g|= 7.65783e-06  total 2 KF 4 JK
converged SCF energy = -541.383862616938
rohf_internal: lowest eigs of H = [0.01224546 0.02533771 0.06309235]
<class 'pyscf.soscf.newton_ah.SecondOrderROHF'> wavefunction is stable in the internal stability analysis

WARN: RCCSD method does not support ROHF method. ROHF object is converted to UHF object and UCCSD method is called.


******** <class 'pyscf.cc.uccsd.UCCSD'> ********
CC2 = 0
CCSD nocc = (np.int64(18), np.int64(14)), nmo = (108, 108)
frozen orbitals 10
max_cycle = 100
direct = 0
conv_tol = 1e-07
conv_tol_normt = 1e-06
diis_space = 6
diis_start_cycle = 0
diis_start_energy_diff = 1e+09
max_memory 4000 MB (current use 354 MB)
Init t2, MP2 energy = -0.620150620977838
Init E_corr(UCCSD) = -0.628939665202105
cycle = 1  E_corr(UCCSD) = -0.610943331873876  dE = 0.0179963333  norm(t1,t2) = 0.169561
cycle = 2  E_corr(UCCSD) = -0.646285888996088  dE = -0.0353425571  norm(t1,t2) = 0.0652677
cycle = 3  E_corr(UCCSD) = -0.64536181190039  dE = 0.000924077096  norm(t1,t2) = 0.0638286
cycle = 4  E_corr(UCCSD) = -0.66352015058049  dE = -0.0181583387  norm(t1,t2) = 0.0488311
cycle = 5  E_corr(UCCSD) = -0.668057848396535  dE = -0.00453769782  norm(t1,t2) = 0.0258832
cycle = 6  E_corr(UCCSD) = -0.669413289138839  dE = -0.00135544074  norm(t1,t2) = 0.0171457
cycle = 7  E_corr(UCCSD) = -0.671233905303327  dE = -0.00182061616  norm(t1,t2) = 0.0118169
cycle = 8  E_corr(UCCSD) = -0.672551168059125  dE = -0.00131726276  norm(t1,t2) = 0.00931472
cycle = 9  E_corr(UCCSD) = -0.673447898797208  dE = -0.000896730738  norm(t1,t2) = 0.00736184
cycle = 10  E_corr(UCCSD) = -0.673832168563608  dE = -0.000384269766  norm(t1,t2) = 0.00588594
cycle = 11  E_corr(UCCSD) = -0.674077439035856  dE = -0.000245270472  norm(t1,t2) = 0.00497205
cycle = 12  E_corr(UCCSD) = -0.674235624973472  dE = -0.000158185938  norm(t1,t2) = 0.00442534
cycle = 13  E_corr(UCCSD) = -0.674658119770692  dE = -0.000422494797  norm(t1,t2) = 0.00381265
cycle = 14  E_corr(UCCSD) = -0.674838993935021  dE = -0.000180874164  norm(t1,t2) = 0.00317296
cycle = 15  E_corr(UCCSD) = -0.67495720863364  dE = -0.000118214699  norm(t1,t2) = 0.00242459
cycle = 16  E_corr(UCCSD) = -0.675021065996339  dE = -6.38573627e-05  norm(t1,t2) = 0.00179761
cycle = 17  E_corr(UCCSD) = -0.674969901095345  dE = 5.1164901e-05  norm(t1,t2) = 0.00133528
cycle = 18  E_corr(UCCSD) = -0.674977238328602  dE = -7.33723326e-06  norm(t1,t2) = 0.00100756
cycle = 19  E_corr(UCCSD) = -0.674985194773021  dE = -7.95644442e-06  norm(t1,t2) = 0.000739372
cycle = 20  E_corr(UCCSD) = -0.675013970645499  dE = -2.87758725e-05  norm(t1,t2) = 0.000601924
cycle = 21  E_corr(UCCSD) = -0.675039613245286  dE = -2.56425998e-05  norm(t1,t2) = 0.000452387
cycle = 22  E_corr(UCCSD) = -0.67506596494395  dE = -2.63516987e-05  norm(t1,t2) = 0.000320335
cycle = 23  E_corr(UCCSD) = -0.675075164036925  dE = -9.19909298e-06  norm(t1,t2) = 0.000212199
cycle = 24  E_corr(UCCSD) = -0.675084915258408  dE = -9.75122148e-06  norm(t1,t2) = 0.000148523
cycle = 25  E_corr(UCCSD) = -0.675092668701794  dE = -7.75344339e-06  norm(t1,t2) = 0.00011355
cycle = 26  E_corr(UCCSD) = -0.675098250017675  dE = -5.58131588e-06  norm(t1,t2) = 7.60423e-05
cycle = 27  E_corr(UCCSD) = -0.675101929197145  dE = -3.67917947e-06  norm(t1,t2) = 4.77818e-05
cycle = 28  E_corr(UCCSD) = -0.675105043595101  dE = -3.11439796e-06  norm(t1,t2) = 3.74115e-05
cycle = 29  E_corr(UCCSD) = -0.675107449800895  dE = -2.40620579e-06  norm(t1,t2) = 2.63089e-05
cycle = 30  E_corr(UCCSD) = -0.675108356987045  dE = -9.0718615e-07  norm(t1,t2) = 1.93116e-05
cycle = 31  E_corr(UCCSD) = -0.675108956175742  dE = -5.99188697e-07  norm(t1,t2) = 1.47744e-05
cycle = 32  E_corr(UCCSD) = -0.67510967447251  dE = -7.18296768e-07  norm(t1,t2) = 1.33836e-05
cycle = 33  E_corr(UCCSD) = -0.675110138180506  dE = -4.63707996e-07  norm(t1,t2) = 1.0852e-05
cycle = 34  E_corr(UCCSD) = -0.675110797590332  dE = -6.59409826e-07  norm(t1,t2) = 9.17394e-06
cycle = 35  E_corr(UCCSD) = -0.675110956708755  dE = -1.59118423e-07  norm(t1,t2) = 7.67664e-06
cycle = 36  E_corr(UCCSD) = -0.675111575686602  dE = -6.18977847e-07  norm(t1,t2) = 6.74634e-06
cycle = 37  E_corr(UCCSD) = -0.675111884730512  dE = -3.09043911e-07  norm(t1,t2) = 5.32353e-06
cycle = 38  E_corr(UCCSD) = -0.675112154855522  dE = -2.70125009e-07  norm(t1,t2) = 3.9263e-06
cycle = 39  E_corr(UCCSD) = -0.675112236798314  dE = -8.19427926e-08  norm(t1,t2) = 2.79183e-06
cycle = 40  E_corr(UCCSD) = -0.675112282079616  dE = -4.52813019e-08  norm(t1,t2) = 2.20595e-06
cycle = 41  E_corr(UCCSD) = -0.675112302581685  dE = -2.05020688e-08  norm(t1,t2) = 1.53849e-06
cycle = 42  E_corr(UCCSD) = -0.675112296693349  dE = 5.88833537e-09  norm(t1,t2) = 1.05108e-06
cycle = 43  E_corr(UCCSD) = -0.675112276914291  dE = 1.97790586e-08  norm(t1,t2) = 7.66279e-07
UCCSD converged
E(UCCSD) = -542.0589748938527  E_corr = -0.6751122769142909
UCCSD(T) correction = -0.0359394279644651
spin = 4  ccsd(t) energy is: -542.0949143218171
