#INFO: **** input file is /home/sharmagroup/sharmagroup/project/afqmc_ccpt/cu2o2/f0/s4/ccsd.py ****
import numpy as np
from pyscf import gto, scf, cc

norb_frozen = 10
f = 0
s = 4
# bond lengths
cu_cu = 2.8 + f * 0.8
o_o = 2.3 - f * 0.9

atomString = f'Cu {-cu_cu/2} 0. 0.; Cu {cu_cu/2} 0. 0.; O 0. {o_o/2} 0.; O 0. {-o_o/2} 0.'

mol = gto.M(atom = atomString,
    basis = {'O': gto.basis.parse('''
O    S
 105374.95                   0.459000000E-04             -0.105000000E-04            0.900000000E-05             -0.109000000E-04
  15679.240                  0.360700000E-03             -0.825000000E-04            0.705000000E-04             -0.822000000E-04
   3534.5447                 0.191980000E-02             -0.441200000E-03            0.375700000E-03             -0.467500000E-03
    987.36516                0.820670000E-02             -0.188640000E-02            0.161460000E-02             -0.184650000E-02
    315.97875                0.297257000E-01             -0.695400000E-02            0.593400000E-02             -0.755850000E-02
    111.65428                0.904558000E-01             -0.217208000E-01            0.187866000E-01             -0.210868000E-01
     42.699451               0.217405400E+00             -0.568513000E-01            0.494683000E-01             -0.667511000E-01
     17.395596               0.368765700E+00             -0.113963500E+00            0.103039900E+00             -0.109367300E+00
      7.4383090              0.337279800E+00             -0.162020100E+00            0.162058600E+00             -0.273143100E+00
      3.2228620              0.967505000E-01             -0.333800000E-01            0.936700000E-03             0.209713700E+00
      1.2538770              0.256740000E-02             0.365506800E+00             -0.822425100E+00            0.120348070E+01
       .49515500             0.137460000E-02             0.552003100E+00             -0.101790200E+00            -0.677469400E+00
       .19166500             -0.141000000E-03            0.223639300E+00             0.425393900E+00             -0.142988400E+01
       .06708300             0.683000000E-04             0.657450000E-02             0.687702800E+00             0.148910680E+01
O    P
    200.00000                0.893300000E-03            -0.838400000E-03            0.126180000E-02
     46.533367               0.736900000E-02            -0.684910000E-02            0.111628000E-01
     14.621809               0.349392000E-01            -0.328505000E-01            0.518316000E-01
      5.3130640              0.115298500E+00            -0.110006000E+00            0.197884500E+00
      2.1025250              0.258323100E+00            -0.313526300E+00            0.570765200E+00
       .85022300             0.369623100E+00            -0.319601100E+00            -0.178929100E+00
       .33759700             0.323878900E+00            0.221724300E+00             -0.898207700E+00
       .12889200             0.146798900E+00            0.562261600E+00             0.266664300E+00
       .04511200             0.336127000E-01            0.301325100E+00             0.625899400E+00
O    D
      3.7500000              0.12849340            -0.21820550
      1.3125000              0.52118840            -0.48176950
       .45937500             0.43457840             0.13575950
       .16078100             0.14574090             0.82977340
    '''),
    'Cu': gto.basis.parse('''
Cu    S
     27.6963200              0.2311320              0.0000000              0.0000000              0.0000000              0.0000000              0.0000000
     13.5053500             -0.6568110              0.0000000              0.0000000              0.0000000              0.0000000              0.0000000
      8.8153550             -0.5458750              0.0000000              0.0000000              0.0000000              0.0000000              0.0000000
      2.3808050              0.0000000              1.0000000              0.0000000              0.0000000              0.0000000              0.0000000
      0.9526160              0.0000000              0.0000000              1.0000000              0.0000000              0.0000000              0.0000000
      0.1126620              0.0000000              0.0000000              0.0000000              1.0000000              0.0000000              0.0000000
      0.0404860              0.0000000              0.0000000              0.0000000              0.0000000              1.0000000              0.0000000
      0.0100000              0.0000000              0.0000000              0.0000000              0.0000000              0.0000000              1.0000000
Cu    P
     93.5043270              0.0228290              0.0000000              0.0000000              0.0000000              0.0000000
     16.2854640             -1.0095130              0.0000000              0.0000000              0.0000000              0.0000000
      5.9942360              0.0000000              0.2464500              0.0000000              0.0000000              0.0000000
      2.5368750              0.0000000              0.7920240              0.0000000              0.0000000              0.0000000
      0.8979340              0.0000000              0.0000000              1.0000000              0.0000000              0.0000000
      0.1317290              0.0000000              0.0000000              0.0000000              1.0000000              0.0000000
      0.0308780              0.0000000              0.0000000              0.0000000              0.0000000              1.0000000
Cu    D
     41.2250060              0.0446940              0.0000000              0.0000000
     12.3432500              0.2121060              0.0000000              0.0000000
      4.2019200              0.4534230              0.0000000              0.0000000
      1.3798250              0.5334650              0.0000000              0.0000000
      0.3834530              0.0000000              1.0000000              0.0000000
      0.1000000              0.0000000              0.0000000              1.0000000
    ''')},
    ecp = {'Cu': gto.basis.parse_ecp('''
Cu nelec 10
Cu ul
2       1.000000000            0.000000000
Cu S
2      30.220000000          355.770158000
2      13.190000000           70.865357000
Cu P
2      33.130000000          233.891976000
2      13.220000000           53.947299000
Cu D
2      38.420000000          -31.272165000
2      13.260000000           -2.741104000
    ''')},
    verbose=4, unit='angstrom', symmetry=0, spin=s, charge=2)
# mf = scf.RHF(mol)
# mf.level_shift = 0.5
# mf.kernel()

umf = scf.UHF(mol)
umf.chkfile = 'umf.chk'
# umf.init_guess = 'chk'
umf.level_shift = 0.5
umf.kernel()
mo1 = umf.stability()[0]
umf = umf.newton().run(mo1, umf.mo_occ)
mo1 = umf.stability()[0]
umf = umf.newton().run(mo1, umf.mo_occ)
mo1 = umf.stability()[0]
umf = umf.newton().run(mo1, umf.mo_occ)
mo1 = umf.stability()[0]
umf = umf.newton().run(mo1, umf.mo_occ)
umf.stability()

mycc = cc.CCSD(umf)
mycc.frozen = norb_frozen
mycc.max_cycle = 100
mycc.run()
et = mycc.ccsd_t()
print(f'spin = {s}  ccsd(t) energy is: { mycc.e_tot + et}')

options = {'n_eql': 3,
           'n_prop_steps': 50,
            'n_ene_blocks': 5,
            'n_sr_blocks': 5,
            'n_blocks': 10,
            'n_walkers': 30,
            'seed': 2,
            'walker_type': 'rhf',
            'trial': 'uccsd_pt2_ad', # ccsd_pt,ccsd_pt_ad,ccsd_pt2_ad, ucisd
            'dt':0.005,
            'free_projection':False,
            'ad_mode':None,
            'use_gpu': True,
            }

# from ad_afqmc import pyscf_interface
# from ad_afqmc.ccsd_pt import sample_uccsd_pt2
# pyscf_interface.prep_afqmc(mycc,options,chol_cut=1e-5)
# sample_uccsd_pt2.run_afqmc(options)
#INFO: ******************** input file end ********************


System: uname_result(system='Linux', node='sharmagroup-rn', release='6.14.0-33-generic', version='#33~24.04.1-Ubuntu SMP PREEMPT_DYNAMIC Fri Sep 19 17:02:30 UTC 2', machine='x86_64')  Threads 16
Python 3.11.14 (main, Oct 21 2025, 18:31:21) [GCC 11.2.0]
numpy 2.3.1  scipy 1.16.2  h5py 3.14.0
Date: Mon Oct 27 17:40:45 2025
PySCF version 2.11.0
PySCF path  /home/sharmagroup/sharmagroup/pyscf
GIT HEAD (branch master) 3d1768f5e33b144b606c3d2c81c12ee54d794501

[CONFIG] conf_file None
[INPUT] verbose = 4
[INPUT] num. atoms = 4
[INPUT] num. electrons = 52
[INPUT] charge = 2
[INPUT] spin (= nelec alpha-beta = 2S) = 4
[INPUT] symmetry 0 subgroup None
[INPUT] Mole.unit = angstrom
[INPUT] Symbol           X                Y                Z      unit          X                Y                Z       unit  Magmom
[INPUT]  1 Cu    -1.400000000000   0.000000000000   0.000000000000 AA   -2.645616574391   0.000000000000   0.000000000000 Bohr   0.0
[INPUT]  2 Cu     1.400000000000   0.000000000000   0.000000000000 AA    2.645616574391   0.000000000000   0.000000000000 Bohr   0.0
[INPUT]  3 O      0.000000000000   1.150000000000   0.000000000000 AA    0.000000000000   2.173185043250   0.000000000000 Bohr   0.0
[INPUT]  4 O      0.000000000000  -1.150000000000   0.000000000000 AA    0.000000000000  -2.173185043250   0.000000000000 Bohr   0.0

nuclear repulsion = 260.534383992932
number of shells = 12
number of NR pGTOs = 240
number of NR cGTOs = 118
basis = {'O': [[0, [105374.95, 4.59e-05, -1.05e-05, 9e-06, -1.09e-05], [15679.24, 0.0003607, -8.25e-05, 7.05e-05, -8.22e-05], [3534.5447, 0.0019198, -0.0004412, 0.0003757, -0.0004675], [987.36516, 0.0082067, -0.0018864, 0.0016146, -0.0018465], [315.97875, 0.0297257, -0.006954, 0.005934, -0.0075585], [111.65428, 0.0904558, -0.0217208, 0.0187866, -0.0210868], [42.699451, 0.2174054, -0.0568513, 0.0494683, -0.0667511], [17.395596, 0.3687657, -0.1139635, 0.1030399, -0.1093673], [7.438309, 0.3372798, -0.1620201, 0.1620586, -0.2731431], [3.222862, 0.0967505, -0.03338, 0.0009367, 0.2097137], [1.253877, 0.0025674, 0.3655068, -0.8224251, 1.2034807], [0.495155, 0.0013746, 0.5520031, -0.1017902, -0.6774694], [0.191665, -0.000141, 0.2236393, 0.4253939, -1.429884], [0.067083, 6.83e-05, 0.0065745, 0.6877028, 1.4891068]], [1, [200.0, 0.0008933, -0.0008384, 0.0012618], [46.533367, 0.007369, -0.0068491, 0.0111628], [14.621809, 0.0349392, -0.0328505, 0.0518316], [5.313064, 0.1152985, -0.110006, 0.1978845], [2.102525, 0.2583231, -0.3135263, 0.5707652], [0.850223, 0.3696231, -0.3196011, -0.1789291], [0.337597, 0.3238789, 0.2217243, -0.8982077], [0.128892, 0.1467989, 0.5622616, 0.2666643], [0.045112, 0.0336127, 0.3013251, 0.6258994]], [2, [3.75, 0.1284934, -0.2182055], [1.3125, 0.5211884, -0.4817695], [0.459375, 0.4345784, 0.1357595], [0.160781, 0.1457409, 0.8297734]]], 'Cu': [[0, [27.69632, 0.231132, 0.0, 0.0, 0.0, 0.0, 0.0], [13.50535, -0.656811, 0.0, 0.0, 0.0, 0.0, 0.0], [8.815355, -0.545875, 0.0, 0.0, 0.0, 0.0, 0.0], [2.380805, 0.0, 1.0, 0.0, 0.0, 0.0, 0.0], [0.952616, 0.0, 0.0, 1.0, 0.0, 0.0, 0.0], [0.112662, 0.0, 0.0, 0.0, 1.0, 0.0, 0.0], [0.040486, 0.0, 0.0, 0.0, 0.0, 1.0, 0.0], [0.01, 0.0, 0.0, 0.0, 0.0, 0.0, 1.0]], [1, [93.504327, 0.022829, 0.0, 0.0, 0.0, 0.0], [16.285464, -1.009513, 0.0, 0.0, 0.0, 0.0], [5.994236, 0.0, 0.24645, 0.0, 0.0, 0.0], [2.536875, 0.0, 0.792024, 0.0, 0.0, 0.0], [0.897934, 0.0, 0.0, 1.0, 0.0, 0.0], [0.131729, 0.0, 0.0, 0.0, 1.0, 0.0], [0.030878, 0.0, 0.0, 0.0, 0.0, 1.0]], [2, [41.225006, 0.044694, 0.0, 0.0], [12.34325, 0.212106, 0.0, 0.0], [4.20192, 0.453423, 0.0, 0.0], [1.379825, 0.533465, 0.0, 0.0], [0.383453, 0.0, 1.0, 0.0], [0.1, 0.0, 0.0, 1.0]]]}
ecp = {'Cu': [10, [[-1, [[], [], [], [], [], [], []]], [0, [[], [], [[30.22, 355.770158], [13.19, 70.865357]], [], [], [], []]], [1, [[], [], [[33.13, 233.891976], [13.22, 53.947299]], [], [], [], []]], [2, [[], [], [[38.42, -31.272165], [13.26, -2.741104]], [], [], [], []]]]]}
CPU time:         0.24


******** <class 'pyscf.scf.uhf.UHF'> ********
method = UHF
initial guess = minao
damping factor = 0
level_shift factor = 0.5
DIIS = <class 'pyscf.scf.diis.CDIIS'>
diis_start_cycle = 1
diis_space = 8
diis_damp = 0
SCF conv_tol = 1e-09
SCF conv_tol_grad = None
SCF max_cycles = 50
direct_scf = True
direct_scf_tol = 1e-13
chkfile to save SCF result = umf.chk
max_memory 4000 MB (current use 108 MB)
number electrons alpha = 28  beta = 24
Set gradient conv threshold to 3.16228e-05
init E= -475.452687119517
  alpha nocc = 28  HOMO = -0.248099941028564  LUMO = 0.126398070713486
  beta  nocc = 24  HOMO = -0.434271109607455  LUMO = -0.386725958596171

WARN: system HOMO -0.248099941028564 >= system LUMO -0.386725958596171

cycle= 1 E= -540.957043027063  delta_E= -65.5  |g|= 1.97  |ddm|= 2.92
  alpha nocc = 28  HOMO = -1.02144149519293  LUMO = 0.111853062496985
  beta  nocc = 24  HOMO = -0.960778986998523  LUMO = -0.115894601202078
cycle= 2 E= -541.169844064897  delta_E= -0.213  |g|= 0.278  |ddm|= 0.436
  alpha nocc = 28  HOMO = -1.03409503292808  LUMO = 0.128615060466735
  beta  nocc = 24  HOMO = -0.90670985398535  LUMO = -0.0318281805368159
cycle= 3 E= -541.216144592236  delta_E= -0.0463  |g|= 0.169  |ddm|= 0.233
  alpha nocc = 28  HOMO = -1.01612220292383  LUMO = 0.134533252344397
  beta  nocc = 24  HOMO = -0.896228449806623  LUMO = -0.00350478710146977
cycle= 4 E= -541.242341610189  delta_E= -0.0262  |g|= 0.134  |ddm|= 0.164
  alpha nocc = 28  HOMO = -1.03215438237578  LUMO = 0.133799836335187
  beta  nocc = 24  HOMO = -0.869071061363049  LUMO = 0.0321238842941068
cycle= 5 E= -541.270864830931  delta_E= -0.0285  |g|= 0.112  |ddm|= 0.196
  alpha nocc = 28  HOMO = -1.03288305857468  LUMO = 0.130367291341918
  beta  nocc = 24  HOMO = -0.854401515601083  LUMO = 0.0582278944473347
cycle= 6 E= -541.293441579671  delta_E= -0.0226  |g|= 0.108  |ddm|= 0.166
  alpha nocc = 28  HOMO = -1.01747663934848  LUMO = 0.122291476051166
  beta  nocc = 24  HOMO = -0.839367548121245  LUMO = 0.0721209208026601
cycle= 7 E= -541.324125735134  delta_E= -0.0307  |g|= 0.0983  |ddm|= 0.236
  alpha nocc = 28  HOMO = -0.951229258339788  LUMO = 0.106798888983666
  beta  nocc = 24  HOMO = -0.846305120907099  LUMO = 0.0914451550805795
cycle= 8 E= -541.368653685028  delta_E= -0.0445  |g|= 0.086  |ddm|= 0.413
  alpha nocc = 28  HOMO = -0.983064611246446  LUMO = 0.112516425855619
  beta  nocc = 24  HOMO = -0.847098779832976  LUMO = 0.0788166465526825
cycle= 9 E= -541.375210700292  delta_E= -0.00656  |g|= 0.0816  |ddm|= 0.0985
  alpha nocc = 28  HOMO = -0.894040029028346  LUMO = 0.0909849918728136
  beta  nocc = 24  HOMO = -0.908608431810814  LUMO = 0.100065087039828
cycle= 10 E= -541.393485535769  delta_E= -0.0183  |g|= 0.0951  |ddm|= 0.375
  alpha nocc = 28  HOMO = -0.924556265380076  LUMO = 0.0983896005268081
  beta  nocc = 24  HOMO = -0.892148995014476  LUMO = 0.0970446022132015
cycle= 11 E= -541.396703143235  delta_E= -0.00322  |g|= 0.0346  |ddm|= 0.0821
  alpha nocc = 28  HOMO = -0.932549909037485  LUMO = 0.0999298374038361
  beta  nocc = 24  HOMO = -0.883662751835423  LUMO = 0.093297514408674
cycle= 12 E= -541.397306730914  delta_E= -0.000604  |g|= 0.0111  |ddm|= 0.0386
  alpha nocc = 28  HOMO = -0.925461611652675  LUMO = 0.097884353996046
  beta  nocc = 24  HOMO = -0.890276709852504  LUMO = 0.0957663047784109
cycle= 13 E= -541.397493809873  delta_E= -0.000187  |g|= 0.00738  |ddm|= 0.0313
  alpha nocc = 28  HOMO = -0.929064361522631  LUMO = 0.0988146010083265
  beta  nocc = 24  HOMO = -0.886326821977691  LUMO = 0.094576873183346
cycle= 14 E= -541.397519977709  delta_E= -2.62e-05  |g|= 0.00336  |ddm|= 0.00927
  alpha nocc = 28  HOMO = -0.92785108155721  LUMO = 0.098440426387255
  beta  nocc = 24  HOMO = -0.888149206177495  LUMO = 0.0949459596584001
cycle= 15 E= -541.397531365105  delta_E= -1.14e-05  |g|= 0.00116  |ddm|= 0.00545
  alpha nocc = 28  HOMO = -0.927431854337834  LUMO = 0.0983729854967628
  beta  nocc = 24  HOMO = -0.888488290626387  LUMO = 0.0950685637520642
cycle= 16 E= -541.397534329734  delta_E= -2.96e-06  |g|= 0.000908  |ddm|= 0.00372
  alpha nocc = 28  HOMO = -0.927807921374981  LUMO = 0.0984800528264332
  beta  nocc = 24  HOMO = -0.888106435531294  LUMO = 0.0949642888327531
cycle= 17 E= -541.397534845181  delta_E= -5.15e-07  |g|= 0.000275  |ddm|= 0.00115
  alpha nocc = 28  HOMO = -0.927669324935081  LUMO = 0.098452468139956
  beta  nocc = 24  HOMO = -0.888266744953289  LUMO = 0.0950008973736168
cycle= 18 E= -541.397534986265  delta_E= -1.41e-07  |g|= 0.000122  |ddm|= 0.00068
  alpha nocc = 28  HOMO = -0.927669945187359  LUMO = 0.0984528419382266
  beta  nocc = 24  HOMO = -0.8882788784068  LUMO = 0.0949983511082778
cycle= 19 E= -541.397535016685  delta_E= -3.04e-08  |g|= 6.73e-05  |ddm|= 0.000326
  alpha nocc = 28  HOMO = -0.927667111590323  LUMO = 0.0984532947228817
  beta  nocc = 24  HOMO = -0.888281975713511  LUMO = 0.0949989981902651
cycle= 20 E= -541.397535024209  delta_E= -7.52e-09  |g|= 3.07e-05  |ddm|= 0.00017
  alpha nocc = 28  HOMO = -0.927666538277577  LUMO = 0.0984532012199763
  beta  nocc = 24  HOMO = -0.888281929213038  LUMO = 0.0949992279224899
cycle= 21 E= -541.397535025835  delta_E= -1.63e-09  |g|= 1.46e-05  |ddm|= 7.7e-05
  alpha nocc = 28  HOMO = -0.927666897755122  LUMO = 0.0984532217599882
  beta  nocc = 24  HOMO = -0.88828161440712  LUMO = 0.0949993173128852
cycle= 22 E= -541.397535026193  delta_E= -3.58e-10  |g|= 6.9e-06  |ddm|= 3.55e-05
  alpha nocc = 28  HOMO = -0.927667895484048  LUMO = -0.401546633719868
  beta  nocc = 24  HOMO = -0.888281107619499  LUMO = -0.405000906423492
Extra cycle  E= -541.397535026271  delta_E= -7.8e-11  |g|= 4.81e-06  |ddm|= 1.76e-05
converged SCF energy = -541.397535026271  <S^2> = 6.0244136  2S+1 = 5.0097559
uhf_internal: lowest eigs of H = [-0.00840041  0.0265028   0.06643077]
<class 'pyscf.scf.uhf.UHF'> wavefunction has an internal instability




******** <class 'pyscf.soscf.newton_ah.SecondOrderUHF'> ********
method = SecondOrderUHF
initial guess = minao
damping factor = 0
level_shift factor = 0.5
DIIS = <class 'pyscf.scf.diis.CDIIS'>
diis_start_cycle = 1
diis_space = 8
diis_damp = 0
SCF conv_tol = 1e-09
SCF conv_tol_grad = None
SCF max_cycles = 50
direct_scf = True
direct_scf_tol = 1e-13
chkfile to save SCF result = umf.chk
max_memory 4000 MB (current use 348 MB)
number electrons alpha = 28  beta = 24
******** <class 'pyscf.scf.uhf.UHF'> Newton solver flags ********
SCF tol = 1e-09
conv_tol_grad = None
max. SCF cycles = 50
direct_scf = True
direct_scf_tol = 1e-13
chkfile to save SCF result = umf.chk
max_cycle_inner = 12
max_stepsize = 0.05
ah_start_tol = 1e+09
ah_level_shift = 0
ah_conv_tol = 1e-12
ah_lindep = 1e-14
ah_start_cycle = 1
ah_max_cycle = 40
ah_grad_trust_region = 2.5
kf_interval = 4
kf_trust_region = 5
canonicalization = True
max_memory 4000 MB (current use 348 MB)
Set conv_tol_grad to 3.16228e-05
  alpha nocc = 28  HOMO = -0.947447591539322  LUMO = -0.401514607736488
  beta  nocc = 24  HOMO = -0.914032808141109  LUMO = -0.395078730400575
Initial guess E= -541.385970752794  |g|= 0.1172
macro= 0  E= -541.397220801985  delta_E= -0.01125  |g|= 0.019733  3 KF 11 JK
macro= 1  E= -541.398000927951  delta_E= -0.000780126  |g|= 0.00422725  3 KF 15 JK
macro= 2  E= -541.398025846634  delta_E= -2.49187e-05  |g|= 2.91514e-05  4 KF 22 JK
macro= 3  E= -541.398025846958  delta_E= -3.2469e-10  |g|= 1.39593e-05  1 KF 3 JK
Canonicalize SCF orbitals
macro X = 4  E=-541.398025846958  |g|= 1.39593e-05  total 12 KF 56 JK
converged SCF energy = -541.398025846958  <S^2> = 6.0266761  2S+1 = 5.0106591
uhf_internal: lowest eigs of H = [0.01576169 0.02135552 0.06280117]
<class 'pyscf.soscf.newton_ah.SecondOrderUHF'> wavefunction is stable in the internal stability analysis




******** <class 'pyscf.soscf.newton_ah.SecondOrderUHF'> ********
method = SecondOrderUHF
initial guess = minao
damping factor = 0
level_shift factor = 0.5
DIIS = <class 'pyscf.scf.diis.CDIIS'>
diis_start_cycle = 1
diis_space = 8
diis_damp = 0
SCF conv_tol = 1e-09
SCF conv_tol_grad = None
SCF max_cycles = 50
direct_scf = True
direct_scf_tol = 1e-13
chkfile to save SCF result = umf.chk
max_memory 4000 MB (current use 354 MB)
number electrons alpha = 28  beta = 24
******** <class 'pyscf.scf.uhf.UHF'> Newton solver flags ********
SCF tol = 1e-09
conv_tol_grad = None
max. SCF cycles = 50
direct_scf = True
direct_scf_tol = 1e-13
chkfile to save SCF result = umf.chk
max_cycle_inner = 12
max_stepsize = 0.05
ah_start_tol = 1e+09
ah_level_shift = 0
ah_conv_tol = 1e-12
ah_lindep = 1e-14
ah_start_cycle = 1
ah_max_cycle = 40
ah_grad_trust_region = 2.5
kf_interval = 4
kf_trust_region = 5
canonicalization = True
max_memory 4000 MB (current use 354 MB)
Set conv_tol_grad to 3.16228e-05
  alpha nocc = 28  HOMO = -0.935444477042516  LUMO = -0.401411305581221
  beta  nocc = 24  HOMO = -0.89262388457993  LUMO = -0.396008555733342
Initial guess E= -541.398025846959  |g|= 7.49442e-06
macro= 0  E= -541.398025846964  delta_E= -5.22959e-12  |g|= 7.49442e-06  1 KF 2 JK
Canonicalize SCF orbitals
macro X = 1  E=-541.398025846964  |g|= 7.49442e-06  total 2 KF 4 JK
converged SCF energy = -541.398025846964  <S^2> = 6.0266761  2S+1 = 5.0106591
uhf_internal: lowest eigs of H = [0.01579746 0.02120972 0.0662007 ]
<class 'pyscf.soscf.newton_ah.SecondOrderUHF'> wavefunction is stable in the internal stability analysis




******** <class 'pyscf.soscf.newton_ah.SecondOrderUHF'> ********
method = SecondOrderUHF
initial guess = minao
damping factor = 0
level_shift factor = 0.5
DIIS = <class 'pyscf.scf.diis.CDIIS'>
diis_start_cycle = 1
diis_space = 8
diis_damp = 0
SCF conv_tol = 1e-09
SCF conv_tol_grad = None
SCF max_cycles = 50
direct_scf = True
direct_scf_tol = 1e-13
chkfile to save SCF result = umf.chk
max_memory 4000 MB (current use 355 MB)
number electrons alpha = 28  beta = 24
******** <class 'pyscf.scf.uhf.UHF'> Newton solver flags ********
SCF tol = 1e-09
conv_tol_grad = None
max. SCF cycles = 50
direct_scf = True
direct_scf_tol = 1e-13
chkfile to save SCF result = umf.chk
max_cycle_inner = 12
max_stepsize = 0.05
ah_start_tol = 1e+09
ah_level_shift = 0
ah_conv_tol = 1e-12
ah_lindep = 1e-14
ah_start_cycle = 1
ah_max_cycle = 40
ah_grad_trust_region = 2.5
kf_interval = 4
kf_trust_region = 5
canonicalization = True
max_memory 4000 MB (current use 355 MB)
Set conv_tol_grad to 3.16228e-05
  alpha nocc = 28  HOMO = -0.935444486683483  LUMO = -0.401411303733633
  beta  nocc = 24  HOMO = -0.8926239266017  LUMO = -0.39600855145585
Initial guess E= -541.398025846964  |g|= 1.08785e-05
macro= 0  E= -541.398025846967  delta_E= -2.95586e-12  |g|= 1.08785e-05  1 KF 2 JK
Canonicalize SCF orbitals
macro X = 1  E=-541.398025846967  |g|= 1.08785e-05  total 2 KF 4 JK
converged SCF energy = -541.398025846967  <S^2> = 6.0266761  2S+1 = 5.0106591
uhf_internal: lowest eigs of H = [0.01578835 0.02121741 0.0644598 ]
<class 'pyscf.soscf.newton_ah.SecondOrderUHF'> wavefunction is stable in the internal stability analysis




******** <class 'pyscf.soscf.newton_ah.SecondOrderUHF'> ********
method = SecondOrderUHF
initial guess = minao
damping factor = 0
level_shift factor = 0.5
DIIS = <class 'pyscf.scf.diis.CDIIS'>
diis_start_cycle = 1
diis_space = 8
diis_damp = 0
SCF conv_tol = 1e-09
SCF conv_tol_grad = None
SCF max_cycles = 50
direct_scf = True
direct_scf_tol = 1e-13
chkfile to save SCF result = umf.chk
max_memory 4000 MB (current use 356 MB)
number electrons alpha = 28  beta = 24
******** <class 'pyscf.scf.uhf.UHF'> Newton solver flags ********
SCF tol = 1e-09
conv_tol_grad = None
max. SCF cycles = 50
direct_scf = True
direct_scf_tol = 1e-13
chkfile to save SCF result = umf.chk
max_cycle_inner = 12
max_stepsize = 0.05
ah_start_tol = 1e+09
ah_level_shift = 0
ah_conv_tol = 1e-12
ah_lindep = 1e-14
ah_start_cycle = 1
ah_max_cycle = 40
ah_grad_trust_region = 2.5
kf_interval = 4
kf_trust_region = 5
canonicalization = True
max_memory 4000 MB (current use 356 MB)
Set conv_tol_grad to 3.16228e-05
  alpha nocc = 28  HOMO = -0.935444490348642  LUMO = -0.401411303991056
  beta  nocc = 24  HOMO = -0.892623930529656  LUMO = -0.396008551624668
Initial guess E= -541.398025846967  |g|= 6.64626e-06
macro= 0  E= -541.398025846968  delta_E= -1.13687e-12  |g|= 6.64626e-06  1 KF 2 JK
Canonicalize SCF orbitals
macro X = 1  E=-541.398025846968  |g|= 6.64626e-06  total 2 KF 4 JK
converged SCF energy = -541.398025846968  <S^2> = 6.0266761  2S+1 = 5.0106591
uhf_internal: lowest eigs of H = [0.01586673 0.02119903 0.06650141]
<class 'pyscf.soscf.newton_ah.SecondOrderUHF'> wavefunction is stable in the internal stability analysis

******** <class 'pyscf.cc.uccsd.UCCSD'> ********
CC2 = 0
CCSD nocc = (np.int64(18), np.int64(14)), nmo = (108, 108)
frozen orbitals 10
max_cycle = 100
direct = 0
conv_tol = 1e-07
conv_tol_normt = 1e-06
diis_space = 6
diis_start_cycle = 0
diis_start_energy_diff = 1e+09
max_memory 4000 MB (current use 356 MB)
Init t2, MP2 energy = -0.621975438589693
Init E_corr(UCCSD) = -0.621975438609795
cycle = 1  E_corr(UCCSD) = -0.601454566152175  dE = 0.0205208725  norm(t1,t2) = 0.163091
cycle = 2  E_corr(UCCSD) = -0.635322665079388  dE = -0.0338680989  norm(t1,t2) = 0.0640763
cycle = 3  E_corr(UCCSD) = -0.634467908264012  dE = 0.000854756815  norm(t1,t2) = 0.0574403
cycle = 4  E_corr(UCCSD) = -0.651734738550251  dE = -0.0172668303  norm(t1,t2) = 0.0443283
cycle = 5  E_corr(UCCSD) = -0.655266859554209  dE = -0.003532121  norm(t1,t2) = 0.0224754
cycle = 6  E_corr(UCCSD) = -0.656505133933025  dE = -0.00123827438  norm(t1,t2) = 0.016045
cycle = 7  E_corr(UCCSD) = -0.658535213890369  dE = -0.00203007996  norm(t1,t2) = 0.0120266
cycle = 8  E_corr(UCCSD) = -0.65956804802328  dE = -0.00103283413  norm(t1,t2) = 0.00940319
cycle = 9  E_corr(UCCSD) = -0.660184758676552  dE = -0.000616710653  norm(t1,t2) = 0.00775756
cycle = 10  E_corr(UCCSD) = -0.66074248343893  dE = -0.000557724762  norm(t1,t2) = 0.00657573
cycle = 11  E_corr(UCCSD) = -0.661183957130389  dE = -0.000441473691  norm(t1,t2) = 0.0054471
cycle = 12  E_corr(UCCSD) = -0.661555203310794  dE = -0.00037124618  norm(t1,t2) = 0.00465141
cycle = 13  E_corr(UCCSD) = -0.66207443017285  dE = -0.000519226862  norm(t1,t2) = 0.00377109
cycle = 14  E_corr(UCCSD) = -0.662138892831801  dE = -6.4462659e-05  norm(t1,t2) = 0.00276162
cycle = 15  E_corr(UCCSD) = -0.662174530303618  dE = -3.56374718e-05  norm(t1,t2) = 0.00210228
cycle = 16  E_corr(UCCSD) = -0.66215692983759  dE = 1.7600466e-05  norm(t1,t2) = 0.00151569
cycle = 17  E_corr(UCCSD) = -0.66211078751303  dE = 4.61423246e-05  norm(t1,t2) = 0.00107648
cycle = 18  E_corr(UCCSD) = -0.662056300710182  dE = 5.44868028e-05  norm(t1,t2) = 0.000841627
cycle = 19  E_corr(UCCSD) = -0.6620153120459  dE = 4.09886643e-05  norm(t1,t2) = 0.000597499
cycle = 20  E_corr(UCCSD) = -0.661980051681047  dE = 3.52603649e-05  norm(t1,t2) = 0.000433089
cycle = 21  E_corr(UCCSD) = -0.661959945144695  dE = 2.01065364e-05  norm(t1,t2) = 0.000318201
cycle = 22  E_corr(UCCSD) = -0.661952838278125  dE = 7.10686657e-06  norm(t1,t2) = 0.000232677
cycle = 23  E_corr(UCCSD) = -0.661950867161775  dE = 1.97111635e-06  norm(t1,t2) = 0.000173928
cycle = 24  E_corr(UCCSD) = -0.661956158451707  dE = -5.29128993e-06  norm(t1,t2) = 0.000132611
cycle = 25  E_corr(UCCSD) = -0.661961523188762  dE = -5.36473705e-06  norm(t1,t2) = 9.42559e-05
cycle = 26  E_corr(UCCSD) = -0.661966158026342  dE = -4.63483758e-06  norm(t1,t2) = 6.48145e-05
cycle = 27  E_corr(UCCSD) = -0.661969211703707  dE = -3.05367737e-06  norm(t1,t2) = 4.80394e-05
cycle = 28  E_corr(UCCSD) = -0.66197167600565  dE = -2.46430194e-06  norm(t1,t2) = 3.79507e-05
cycle = 29  E_corr(UCCSD) = -0.661972591430629  dE = -9.15424979e-07  norm(t1,t2) = 3.13246e-05
cycle = 30  E_corr(UCCSD) = -0.661973481259838  dE = -8.89829208e-07  norm(t1,t2) = 2.76769e-05
cycle = 31  E_corr(UCCSD) = -0.661974022985602  dE = -5.41725765e-07  norm(t1,t2) = 2.45459e-05
cycle = 32  E_corr(UCCSD) = -0.661974807636929  dE = -7.84651326e-07  norm(t1,t2) = 2.09188e-05
cycle = 33  E_corr(UCCSD) = -0.661975244622163  dE = -4.36985234e-07  norm(t1,t2) = 1.71231e-05
cycle = 34  E_corr(UCCSD) = -0.661975748454679  dE = -5.03832517e-07  norm(t1,t2) = 1.30504e-05
cycle = 35  E_corr(UCCSD) = -0.661976172792998  dE = -4.24338319e-07  norm(t1,t2) = 1.01471e-05
cycle = 36  E_corr(UCCSD) = -0.66197671820927  dE = -5.45416272e-07  norm(t1,t2) = 8.01115e-06
cycle = 37  E_corr(UCCSD) = -0.661977093980969  dE = -3.75771698e-07  norm(t1,t2) = 5.64274e-06
cycle = 38  E_corr(UCCSD) = -0.661977411507051  dE = -3.17526082e-07  norm(t1,t2) = 4.48816e-06
cycle = 39  E_corr(UCCSD) = -0.661977746616677  dE = -3.35109626e-07  norm(t1,t2) = 3.74609e-06
cycle = 40  E_corr(UCCSD) = -0.661978013552345  dE = -2.66935668e-07  norm(t1,t2) = 3.0539e-06
cycle = 41  E_corr(UCCSD) = -0.661978229671412  dE = -2.16119068e-07  norm(t1,t2) = 2.48187e-06
cycle = 42  E_corr(UCCSD) = -0.661978342667284  dE = -1.12995871e-07  norm(t1,t2) = 2.0034e-06
cycle = 43  E_corr(UCCSD) = -0.661978468205823  dE = -1.25538539e-07  norm(t1,t2) = 1.64521e-06
cycle = 44  E_corr(UCCSD) = -0.661978505138999  dE = -3.69331764e-08  norm(t1,t2) = 1.23814e-06
cycle = 45  E_corr(UCCSD) = -0.66197851194991  dE = -6.8109105e-09  norm(t1,t2) = 9.89745e-07
UCCSD converged
E(UCCSD) = -542.0600043589181  E_corr = -0.66197851194991
UCCSD(T) correction = -0.0352246564740895
spin = 4  ccsd(t) energy is: -542.0952290153922
