#INFO: **** input file is /home/sharmagroup/sharmagroup/project/afqmc_ccpt/cu2o2/f0/s6/ccsd.py ****
import numpy as np
from pyscf import gto, scf, cc

norb_frozen = 10
f = 0
s = 6
# bond lengths
cu_cu = 2.8 + f * 0.8
o_o = 2.3 - f * 0.9

atomString = f'Cu {-cu_cu/2} 0. 0.; Cu {cu_cu/2} 0. 0.; O 0. {o_o/2} 0.; O 0. {-o_o/2} 0.'

mol = gto.M(atom = atomString,
    basis = {'O': gto.basis.parse('''
O    S
 105374.95                   0.459000000E-04             -0.105000000E-04            0.900000000E-05             -0.109000000E-04
  15679.240                  0.360700000E-03             -0.825000000E-04            0.705000000E-04             -0.822000000E-04
   3534.5447                 0.191980000E-02             -0.441200000E-03            0.375700000E-03             -0.467500000E-03
    987.36516                0.820670000E-02             -0.188640000E-02            0.161460000E-02             -0.184650000E-02
    315.97875                0.297257000E-01             -0.695400000E-02            0.593400000E-02             -0.755850000E-02
    111.65428                0.904558000E-01             -0.217208000E-01            0.187866000E-01             -0.210868000E-01
     42.699451               0.217405400E+00             -0.568513000E-01            0.494683000E-01             -0.667511000E-01
     17.395596               0.368765700E+00             -0.113963500E+00            0.103039900E+00             -0.109367300E+00
      7.4383090              0.337279800E+00             -0.162020100E+00            0.162058600E+00             -0.273143100E+00
      3.2228620              0.967505000E-01             -0.333800000E-01            0.936700000E-03             0.209713700E+00
      1.2538770              0.256740000E-02             0.365506800E+00             -0.822425100E+00            0.120348070E+01
       .49515500             0.137460000E-02             0.552003100E+00             -0.101790200E+00            -0.677469400E+00
       .19166500             -0.141000000E-03            0.223639300E+00             0.425393900E+00             -0.142988400E+01
       .06708300             0.683000000E-04             0.657450000E-02             0.687702800E+00             0.148910680E+01
O    P
    200.00000                0.893300000E-03            -0.838400000E-03            0.126180000E-02
     46.533367               0.736900000E-02            -0.684910000E-02            0.111628000E-01
     14.621809               0.349392000E-01            -0.328505000E-01            0.518316000E-01
      5.3130640              0.115298500E+00            -0.110006000E+00            0.197884500E+00
      2.1025250              0.258323100E+00            -0.313526300E+00            0.570765200E+00
       .85022300             0.369623100E+00            -0.319601100E+00            -0.178929100E+00
       .33759700             0.323878900E+00            0.221724300E+00             -0.898207700E+00
       .12889200             0.146798900E+00            0.562261600E+00             0.266664300E+00
       .04511200             0.336127000E-01            0.301325100E+00             0.625899400E+00
O    D
      3.7500000              0.12849340            -0.21820550
      1.3125000              0.52118840            -0.48176950
       .45937500             0.43457840             0.13575950
       .16078100             0.14574090             0.82977340
    '''),
    'Cu': gto.basis.parse('''
Cu    S
     27.6963200              0.2311320              0.0000000              0.0000000              0.0000000              0.0000000              0.0000000
     13.5053500             -0.6568110              0.0000000              0.0000000              0.0000000              0.0000000              0.0000000
      8.8153550             -0.5458750              0.0000000              0.0000000              0.0000000              0.0000000              0.0000000
      2.3808050              0.0000000              1.0000000              0.0000000              0.0000000              0.0000000              0.0000000
      0.9526160              0.0000000              0.0000000              1.0000000              0.0000000              0.0000000              0.0000000
      0.1126620              0.0000000              0.0000000              0.0000000              1.0000000              0.0000000              0.0000000
      0.0404860              0.0000000              0.0000000              0.0000000              0.0000000              1.0000000              0.0000000
      0.0100000              0.0000000              0.0000000              0.0000000              0.0000000              0.0000000              1.0000000
Cu    P
     93.5043270              0.0228290              0.0000000              0.0000000              0.0000000              0.0000000
     16.2854640             -1.0095130              0.0000000              0.0000000              0.0000000              0.0000000
      5.9942360              0.0000000              0.2464500              0.0000000              0.0000000              0.0000000
      2.5368750              0.0000000              0.7920240              0.0000000              0.0000000              0.0000000
      0.8979340              0.0000000              0.0000000              1.0000000              0.0000000              0.0000000
      0.1317290              0.0000000              0.0000000              0.0000000              1.0000000              0.0000000
      0.0308780              0.0000000              0.0000000              0.0000000              0.0000000              1.0000000
Cu    D
     41.2250060              0.0446940              0.0000000              0.0000000
     12.3432500              0.2121060              0.0000000              0.0000000
      4.2019200              0.4534230              0.0000000              0.0000000
      1.3798250              0.5334650              0.0000000              0.0000000
      0.3834530              0.0000000              1.0000000              0.0000000
      0.1000000              0.0000000              0.0000000              1.0000000
    ''')},
    ecp = {'Cu': gto.basis.parse_ecp('''
Cu nelec 10
Cu ul
2       1.000000000            0.000000000
Cu S
2      30.220000000          355.770158000
2      13.190000000           70.865357000
Cu P
2      33.130000000          233.891976000
2      13.220000000           53.947299000
Cu D
2      38.420000000          -31.272165000
2      13.260000000           -2.741104000
    ''')},
    verbose=4, unit='angstrom', symmetry=0, spin=s, charge=2)
# mf = scf.RHF(mol)
# mf.level_shift = 0.5
# mf.kernel()

umf = scf.UHF(mol)
umf.chkfile = 'umf.chk'
# umf.init_guess = 'chk'
umf.level_shift = 0.5
umf.kernel()
mo1 = umf.stability()[0]
umf = umf.newton().run(mo1, umf.mo_occ)
mo1 = umf.stability()[0]
umf = umf.newton().run(mo1, umf.mo_occ)
mo1 = umf.stability()[0]
umf = umf.newton().run(mo1, umf.mo_occ)
mo1 = umf.stability()[0]
umf = umf.newton().run(mo1, umf.mo_occ)
umf.stability()

mycc = cc.CCSD(umf)
mycc.frozen = norb_frozen
mycc.max_cycle = 100
mycc.run()
et = mycc.ccsd_t()
print(f'spin = {s}  ccsd(t) energy is: { mycc.e_tot + et}')

options = {'n_eql': 3,
           'n_prop_steps': 50,
            'n_ene_blocks': 5,
            'n_sr_blocks': 5,
            'n_blocks': 10,
            'n_walkers': 30,
            'seed': 2,
            'walker_type': 'rhf',
            'trial': 'uccsd_pt2_ad', # ccsd_pt,ccsd_pt_ad,ccsd_pt2_ad, ucisd
            'dt':0.005,
            'free_projection':False,
            'ad_mode':None,
            'use_gpu': True,
            }

# from ad_afqmc import pyscf_interface
# from ad_afqmc.ccsd_pt import sample_uccsd_pt2
# pyscf_interface.prep_afqmc(mycc,options,chol_cut=1e-5)
# sample_uccsd_pt2.run_afqmc(options)
#INFO: ******************** input file end ********************


System: uname_result(system='Linux', node='sharmagroup-rn', release='6.14.0-33-generic', version='#33~24.04.1-Ubuntu SMP PREEMPT_DYNAMIC Fri Sep 19 17:02:30 UTC 2', machine='x86_64')  Threads 16
Python 3.11.14 (main, Oct 21 2025, 18:31:21) [GCC 11.2.0]
numpy 2.3.1  scipy 1.16.2  h5py 3.14.0
Date: Mon Oct 27 18:00:20 2025
PySCF version 2.11.0
PySCF path  /home/sharmagroup/sharmagroup/pyscf
GIT HEAD (branch master) 3d1768f5e33b144b606c3d2c81c12ee54d794501

[CONFIG] conf_file None
[INPUT] verbose = 4
[INPUT] num. atoms = 4
[INPUT] num. electrons = 52
[INPUT] charge = 2
[INPUT] spin (= nelec alpha-beta = 2S) = 6
[INPUT] symmetry 0 subgroup None
[INPUT] Mole.unit = angstrom
[INPUT] Symbol           X                Y                Z      unit          X                Y                Z       unit  Magmom
[INPUT]  1 Cu    -1.400000000000   0.000000000000   0.000000000000 AA   -2.645616574391   0.000000000000   0.000000000000 Bohr   0.0
[INPUT]  2 Cu     1.400000000000   0.000000000000   0.000000000000 AA    2.645616574391   0.000000000000   0.000000000000 Bohr   0.0
[INPUT]  3 O      0.000000000000   1.150000000000   0.000000000000 AA    0.000000000000   2.173185043250   0.000000000000 Bohr   0.0
[INPUT]  4 O      0.000000000000  -1.150000000000   0.000000000000 AA    0.000000000000  -2.173185043250   0.000000000000 Bohr   0.0

nuclear repulsion = 260.534383992932
number of shells = 12
number of NR pGTOs = 240
number of NR cGTOs = 118
basis = {'O': [[0, [105374.95, 4.59e-05, -1.05e-05, 9e-06, -1.09e-05], [15679.24, 0.0003607, -8.25e-05, 7.05e-05, -8.22e-05], [3534.5447, 0.0019198, -0.0004412, 0.0003757, -0.0004675], [987.36516, 0.0082067, -0.0018864, 0.0016146, -0.0018465], [315.97875, 0.0297257, -0.006954, 0.005934, -0.0075585], [111.65428, 0.0904558, -0.0217208, 0.0187866, -0.0210868], [42.699451, 0.2174054, -0.0568513, 0.0494683, -0.0667511], [17.395596, 0.3687657, -0.1139635, 0.1030399, -0.1093673], [7.438309, 0.3372798, -0.1620201, 0.1620586, -0.2731431], [3.222862, 0.0967505, -0.03338, 0.0009367, 0.2097137], [1.253877, 0.0025674, 0.3655068, -0.8224251, 1.2034807], [0.495155, 0.0013746, 0.5520031, -0.1017902, -0.6774694], [0.191665, -0.000141, 0.2236393, 0.4253939, -1.429884], [0.067083, 6.83e-05, 0.0065745, 0.6877028, 1.4891068]], [1, [200.0, 0.0008933, -0.0008384, 0.0012618], [46.533367, 0.007369, -0.0068491, 0.0111628], [14.621809, 0.0349392, -0.0328505, 0.0518316], [5.313064, 0.1152985, -0.110006, 0.1978845], [2.102525, 0.2583231, -0.3135263, 0.5707652], [0.850223, 0.3696231, -0.3196011, -0.1789291], [0.337597, 0.3238789, 0.2217243, -0.8982077], [0.128892, 0.1467989, 0.5622616, 0.2666643], [0.045112, 0.0336127, 0.3013251, 0.6258994]], [2, [3.75, 0.1284934, -0.2182055], [1.3125, 0.5211884, -0.4817695], [0.459375, 0.4345784, 0.1357595], [0.160781, 0.1457409, 0.8297734]]], 'Cu': [[0, [27.69632, 0.231132, 0.0, 0.0, 0.0, 0.0, 0.0], [13.50535, -0.656811, 0.0, 0.0, 0.0, 0.0, 0.0], [8.815355, -0.545875, 0.0, 0.0, 0.0, 0.0, 0.0], [2.380805, 0.0, 1.0, 0.0, 0.0, 0.0, 0.0], [0.952616, 0.0, 0.0, 1.0, 0.0, 0.0, 0.0], [0.112662, 0.0, 0.0, 0.0, 1.0, 0.0, 0.0], [0.040486, 0.0, 0.0, 0.0, 0.0, 1.0, 0.0], [0.01, 0.0, 0.0, 0.0, 0.0, 0.0, 1.0]], [1, [93.504327, 0.022829, 0.0, 0.0, 0.0, 0.0], [16.285464, -1.009513, 0.0, 0.0, 0.0, 0.0], [5.994236, 0.0, 0.24645, 0.0, 0.0, 0.0], [2.536875, 0.0, 0.792024, 0.0, 0.0, 0.0], [0.897934, 0.0, 0.0, 1.0, 0.0, 0.0], [0.131729, 0.0, 0.0, 0.0, 1.0, 0.0], [0.030878, 0.0, 0.0, 0.0, 0.0, 1.0]], [2, [41.225006, 0.044694, 0.0, 0.0], [12.34325, 0.212106, 0.0, 0.0], [4.20192, 0.453423, 0.0, 0.0], [1.379825, 0.533465, 0.0, 0.0], [0.383453, 0.0, 1.0, 0.0], [0.1, 0.0, 0.0, 1.0]]]}
ecp = {'Cu': [10, [[-1, [[], [], [], [], [], [], []]], [0, [[], [], [[30.22, 355.770158], [13.19, 70.865357]], [], [], [], []]], [1, [[], [], [[33.13, 233.891976], [13.22, 53.947299]], [], [], [], []]], [2, [[], [], [[38.42, -31.272165], [13.26, -2.741104]], [], [], [], []]]]]}
CPU time:         0.25


******** <class 'pyscf.scf.uhf.UHF'> ********
method = UHF
initial guess = minao
damping factor = 0
level_shift factor = 0.5
DIIS = <class 'pyscf.scf.diis.CDIIS'>
diis_start_cycle = 1
diis_space = 8
diis_damp = 0
SCF conv_tol = 1e-09
SCF conv_tol_grad = None
SCF max_cycles = 50
direct_scf = True
direct_scf_tol = 1e-13
chkfile to save SCF result = umf.chk
max_memory 4000 MB (current use 109 MB)
number electrons alpha = 29  beta = 23
Set gradient conv threshold to 3.16228e-05
init E= -475.452687119517
  alpha nocc = 29  HOMO = 0.126398070713493  LUMO = 0.305945016619721
  beta  nocc = 23  HOMO = -0.459653321181196  LUMO = -0.434271109607443

WARN: system HOMO 0.126398070713493 >= system LUMO -0.434271109607443

cycle= 1 E= -540.634633941846  delta_E= -65.2  |g|= 2.02  |ddm|= 3.01
  alpha nocc = 29  HOMO = -0.608368198989301  LUMO = 0.0555881932078685
  beta  nocc = 23  HOMO = -1.05965313965009  LUMO = -0.255310663784941
cycle= 2 E= -540.901115679176  delta_E= -0.266  |g|= 0.253  |ddm|= 0.592
  alpha nocc = 29  HOMO = -0.596398214410019  LUMO = 0.076789698302983
  beta  nocc = 23  HOMO = -0.970989689264679  LUMO = -0.111514459825053
cycle= 3 E= -540.944986433942  delta_E= -0.0439  |g|= 0.145  |ddm|= 0.27
  alpha nocc = 29  HOMO = -0.592796781162579  LUMO = 0.0824566638271453
  beta  nocc = 23  HOMO = -0.920273845176927  LUMO = -0.0950184515777044
cycle= 4 E= -540.96732645873  delta_E= -0.0223  |g|= 0.122  |ddm|= 0.175
  alpha nocc = 29  HOMO = -0.593706096237722  LUMO = 0.0814406505303716
  beta  nocc = 23  HOMO = -0.891890906232784  LUMO = -0.0891941794204528
cycle= 5 E= -540.986205095365  delta_E= -0.0189  |g|= 0.0912  |ddm|= 0.158
  alpha nocc = 29  HOMO = -0.595228977278376  LUMO = 0.0793316467954869
  beta  nocc = 23  HOMO = -0.85530457369728  LUMO = -0.0839297608093889
cycle= 6 E= -541.003073336788  delta_E= -0.0169  |g|= 0.0821  |ddm|= 0.154
  alpha nocc = 29  HOMO = -0.600474951715685  LUMO = 0.0731375627829099
  beta  nocc = 23  HOMO = -0.807389081368046  LUMO = -0.0937593245218942
cycle= 7 E= -541.026946751  delta_E= -0.0239  |g|= 0.071  |ddm|= 0.238
  alpha nocc = 29  HOMO = -0.605035499125752  LUMO = 0.0690698819166699
  beta  nocc = 23  HOMO = -0.783946555861171  LUMO = -0.101313772273832
cycle= 8 E= -541.047611162973  delta_E= -0.0207  |g|= 0.0623  |ddm|= 0.245
  alpha nocc = 29  HOMO = -0.611088021120452  LUMO = 0.0627882472635927
  beta  nocc = 23  HOMO = -0.7791325296413  LUMO = -0.119649927181547
cycle= 9 E= -541.06476081416  delta_E= -0.0171  |g|= 0.0554  |ddm|= 0.248
  alpha nocc = 29  HOMO = -0.616122169561885  LUMO = 0.0575957213371322
  beta  nocc = 23  HOMO = -0.785514722701264  LUMO = -0.133212255812491
cycle= 10 E= -541.078846304405  delta_E= -0.0141  |g|= 0.0486  |ddm|= 0.248
  alpha nocc = 29  HOMO = -0.622069441095925  LUMO = 0.0505846423895409
  beta  nocc = 23  HOMO = -0.80002461746307  LUMO = -0.156328135083276
cycle= 11 E= -541.089082105174  delta_E= -0.0102  |g|= 0.0438  |ddm|= 0.251
  alpha nocc = 29  HOMO = -0.619711764221684  LUMO = 0.0531527058581581
  beta  nocc = 23  HOMO = -0.806967449680896  LUMO = -0.152964388865757
cycle= 12 E= -541.091385535062  delta_E= -0.0023  |g|= 0.029  |ddm|= 0.0809
  alpha nocc = 29  HOMO = -0.626816256509292  LUMO = 0.0465371187822247
  beta  nocc = 23  HOMO = -0.820438072471745  LUMO = -0.158185868743839
cycle= 13 E= -541.093573569925  delta_E= -0.00219  |g|= 0.0491  |ddm|= 0.163
  alpha nocc = 29  HOMO = -0.622877468899315  LUMO = 0.0498506591530399
  beta  nocc = 23  HOMO = -0.802999652929952  LUMO = -0.153813319080067
cycle= 14 E= -541.094391649427  delta_E= -0.000818  |g|= 0.00898  |ddm|= 0.041
  alpha nocc = 29  HOMO = -0.622986996413054  LUMO = 0.049685961700889
  beta  nocc = 23  HOMO = -0.802764111255682  LUMO = -0.153990441336381
cycle= 15 E= -541.094496678505  delta_E= -0.000105  |g|= 0.00545  |ddm|= 0.0188
  alpha nocc = 29  HOMO = -0.623737679044609  LUMO = 0.0489264907406799
  beta  nocc = 23  HOMO = -0.804518842081549  LUMO = -0.154097430433433
cycle= 16 E= -541.094554677108  delta_E= -5.8e-05  |g|= 0.0029  |ddm|= 0.0192
  alpha nocc = 29  HOMO = -0.623700035447751  LUMO = 0.0488718891950868
  beta  nocc = 23  HOMO = -0.804521578682584  LUMO = -0.15400366878288
cycle= 17 E= -541.094568978373  delta_E= -1.43e-05  |g|= 0.00214  |ddm|= 0.00914
  alpha nocc = 29  HOMO = -0.623627115580458  LUMO = 0.0488854241249764
  beta  nocc = 23  HOMO = -0.804077254218344  LUMO = -0.153893806736465
cycle= 18 E= -541.094574062731  delta_E= -5.08e-06  |g|= 0.00098  |ddm|= 0.00494
  alpha nocc = 29  HOMO = -0.62360347010146  LUMO = 0.0488737307582964
  beta  nocc = 23  HOMO = -0.803961769581859  LUMO = -0.153864117806078
cycle= 19 E= -541.09457567442  delta_E= -1.61e-06  |g|= 0.00051  |ddm|= 0.00271
  alpha nocc = 29  HOMO = -0.62357723152727  LUMO = 0.0488639420336808
  beta  nocc = 23  HOMO = -0.803912306638476  LUMO = -0.153845742642739
cycle= 20 E= -541.094576259262  delta_E= -5.85e-07  |g|= 0.00028  |ddm|= 0.0016
  alpha nocc = 29  HOMO = -0.623582882981393  LUMO = 0.0488497686039805
  beta  nocc = 23  HOMO = -0.803948020776039  LUMO = -0.153864264513025
cycle= 21 E= -541.094576456038  delta_E= -1.97e-07  |g|= 0.000172  |ddm|= 0.000966
  alpha nocc = 29  HOMO = -0.62358054262493  LUMO = 0.0488431447777983
  beta  nocc = 23  HOMO = -0.803967009507808  LUMO = -0.153881787933585
cycle= 22 E= -541.094576527733  delta_E= -7.17e-08  |g|= 9.83e-05  |ddm|= 0.0006
  alpha nocc = 29  HOMO = -0.623582616961248  LUMO = 0.048839485192285
  beta  nocc = 23  HOMO = -0.803976945112624  LUMO = -0.153890210734441
cycle= 23 E= -541.094576551416  delta_E= -2.37e-08  |g|= 5.92e-05  |ddm|= 0.000356
  alpha nocc = 29  HOMO = -0.623582703679573  LUMO = 0.0488373317303752
  beta  nocc = 23  HOMO = -0.803984651138274  LUMO = -0.153895003811056
cycle= 24 E= -541.094576560205  delta_E= -8.79e-09  |g|= 3.55e-05  |ddm|= 0.000222
  alpha nocc = 29  HOMO = -0.623583648157943  LUMO = 0.0488359406552533
  beta  nocc = 23  HOMO = -0.803986812264134  LUMO = -0.153896176396132
cycle= 25 E= -541.094576563449  delta_E= -3.24e-09  |g|= 2.21e-05  |ddm|= 0.000139
  alpha nocc = 29  HOMO = -0.623583969935545  LUMO = 0.0488353160212045
  beta  nocc = 23  HOMO = -0.803989332325674  LUMO = -0.153897312385305
cycle= 26 E= -541.094576564688  delta_E= -1.24e-09  |g|= 1.43e-05  |ddm|= 8.26e-05
  alpha nocc = 29  HOMO = -0.62358449839774  LUMO = 0.0488347412202355
  beta  nocc = 23  HOMO = -0.803990928590057  LUMO = -0.153898075195307
cycle= 27 E= -541.094576565205  delta_E= -5.17e-10  |g|= 9.66e-06  |ddm|= 5.38e-05
  alpha nocc = 29  HOMO = -0.623584124655651  LUMO = -0.451164077507477
  beta  nocc = 23  HOMO = -0.803989352310114  LUMO = -0.65389653288806

WARN: system HOMO -0.315684165702969 >= system LUMO -0.65389653288806

Extra cycle  E= -541.094576565456  delta_E= -2.51e-10  |g|= 5.83e-06  |ddm|= 4.3e-05
converged SCF energy = -541.094576565456  <S^2> = 12.038084  2S+1 = 7.0108727
uhf_internal: lowest eigs of H = [-0.52160794 -0.10998809 -0.05322922]
<class 'pyscf.scf.uhf.UHF'> wavefunction has an internal instability




******** <class 'pyscf.soscf.newton_ah.SecondOrderUHF'> ********
method = SecondOrderUHF
initial guess = minao
damping factor = 0
level_shift factor = 0.5
DIIS = <class 'pyscf.scf.diis.CDIIS'>
diis_start_cycle = 1
diis_space = 8
diis_damp = 0
SCF conv_tol = 1e-09
SCF conv_tol_grad = None
SCF max_cycles = 50
direct_scf = True
direct_scf_tol = 1e-13
chkfile to save SCF result = umf.chk
max_memory 4000 MB (current use 347 MB)
number electrons alpha = 29  beta = 23
******** <class 'pyscf.scf.uhf.UHF'> Newton solver flags ********
SCF tol = 1e-09
conv_tol_grad = None
max. SCF cycles = 50
direct_scf = True
direct_scf_tol = 1e-13
chkfile to save SCF result = umf.chk
max_cycle_inner = 12
max_stepsize = 0.05
ah_start_tol = 1e+09
ah_level_shift = 0
ah_conv_tol = 1e-12
ah_lindep = 1e-14
ah_start_cycle = 1
ah_max_cycle = 40
ah_grad_trust_region = 2.5
kf_interval = 4
kf_trust_region = 5
canonicalization = True
max_memory 4000 MB (current use 347 MB)
Set conv_tol_grad to 3.16228e-05
  alpha nocc = 29  HOMO = -0.623046878799515  LUMO = -0.450778013684983
  beta  nocc = 23  HOMO = -1.0235620590187  LUMO = -0.47993474936065
Initial guess E= -541.183110769761  |g|= 0.238052
macro= 0  E= -541.21246586027  delta_E= -0.0293551  |g|= 0.00237887  5 KF 22 JK
macro= 1  E= -541.212469744073  delta_E= -3.8838e-06  |g|= 2.73457e-05  3 KF 13 JK
macro= 2  E= -541.212469744072  delta_E= 9.09495e-13  |g|= 9.18309e-06  1 KF 2 JK
Canonicalize SCF orbitals
macro X = 3  E=-541.212469744072  |g|= 9.18309e-06  total 10 KF 41 JK
converged SCF energy = -541.212469744072  <S^2> = 12.028479  2S+1 = 7.0081322
uhf_internal: lowest eigs of H = [-0.01356653  0.03571355  0.04546927]
<class 'pyscf.soscf.newton_ah.SecondOrderUHF'> wavefunction has an internal instability




******** <class 'pyscf.soscf.newton_ah.SecondOrderUHF'> ********
method = SecondOrderUHF
initial guess = minao
damping factor = 0
level_shift factor = 0.5
DIIS = <class 'pyscf.scf.diis.CDIIS'>
diis_start_cycle = 1
diis_space = 8
diis_damp = 0
SCF conv_tol = 1e-09
SCF conv_tol_grad = None
SCF max_cycles = 50
direct_scf = True
direct_scf_tol = 1e-13
chkfile to save SCF result = umf.chk
max_memory 4000 MB (current use 353 MB)
number electrons alpha = 29  beta = 23
******** <class 'pyscf.scf.uhf.UHF'> Newton solver flags ********
SCF tol = 1e-09
conv_tol_grad = None
max. SCF cycles = 50
direct_scf = True
direct_scf_tol = 1e-13
chkfile to save SCF result = umf.chk
max_cycle_inner = 12
max_stepsize = 0.05
ah_start_tol = 1e+09
ah_level_shift = 0
ah_conv_tol = 1e-12
ah_lindep = 1e-14
ah_start_cycle = 1
ah_max_cycle = 40
ah_grad_trust_region = 2.5
kf_interval = 4
kf_trust_region = 5
canonicalization = True
max_memory 4000 MB (current use 353 MB)
Set conv_tol_grad to 3.16228e-05
  alpha nocc = 29  HOMO = -0.644916245956063  LUMO = -0.434320905586223
  beta  nocc = 23  HOMO = -0.967125252224851  LUMO = -0.505377153984155
Initial guess E= -541.187880057044  |g|= 0.122154
macro= 0  E= -541.210296901341  delta_E= -0.0224168  |g|= 0.0416413  3 KF 12 JK
macro= 1  E= -541.212779533193  delta_E= -0.00248263  |g|= 0.00400346  4 KF 18 JK
macro= 2  E= -541.212838253783  delta_E= -5.87206e-05  |g|= 4.33483e-05  4 KF 24 JK
macro= 3  E= -541.212838257173  delta_E= -3.39037e-09  |g|= 1.96218e-05  1 KF 3 JK
macro= 4  E= -541.212838257173  delta_E= 2.27374e-13  |g|= 1.01856e-05  1 KF 2 JK
Canonicalize SCF orbitals
macro X = 5  E=-541.212838257173  |g|= 1.01856e-05  total 14 KF 65 JK
converged SCF energy = -541.212838257173  <S^2> = 12.029946  2S+1 = 7.0085508
uhf_internal: lowest eigs of H = [0.02186418 0.03749789 0.04293087]
<class 'pyscf.soscf.newton_ah.SecondOrderUHF'> wavefunction is stable in the internal stability analysis




******** <class 'pyscf.soscf.newton_ah.SecondOrderUHF'> ********
method = SecondOrderUHF
initial guess = minao
damping factor = 0
level_shift factor = 0.5
DIIS = <class 'pyscf.scf.diis.CDIIS'>
diis_start_cycle = 1
diis_space = 8
diis_damp = 0
SCF conv_tol = 1e-09
SCF conv_tol_grad = None
SCF max_cycles = 50
direct_scf = True
direct_scf_tol = 1e-13
chkfile to save SCF result = umf.chk
max_memory 4000 MB (current use 355 MB)
number electrons alpha = 29  beta = 23
******** <class 'pyscf.scf.uhf.UHF'> Newton solver flags ********
SCF tol = 1e-09
conv_tol_grad = None
max. SCF cycles = 50
direct_scf = True
direct_scf_tol = 1e-13
chkfile to save SCF result = umf.chk
max_cycle_inner = 12
max_stepsize = 0.05
ah_start_tol = 1e+09
ah_level_shift = 0
ah_conv_tol = 1e-12
ah_lindep = 1e-14
ah_start_cycle = 1
ah_max_cycle = 40
ah_grad_trust_region = 2.5
kf_interval = 4
kf_trust_region = 5
canonicalization = True
max_memory 4000 MB (current use 355 MB)
Set conv_tol_grad to 3.16228e-05
  alpha nocc = 29  HOMO = -0.629272547123241  LUMO = -0.447685817427973
  beta  nocc = 23  HOMO = -0.968052394139608  LUMO = -0.501083495836857
Initial guess E= -541.212838257173  |g|= 1.02032e-05
macro= 0  E= -541.212838257695  delta_E= -5.21823e-10  |g|= 1.02032e-05  1 KF 5 JK
Canonicalize SCF orbitals
macro X = 1  E=-541.212838257695  |g|= 1.02032e-05  total 2 KF 7 JK
converged SCF energy = -541.212838257695  <S^2> = 12.029949  2S+1 = 7.0085517
uhf_internal: lowest eigs of H = [0.02185714 0.03747991 0.0430981 ]
<class 'pyscf.soscf.newton_ah.SecondOrderUHF'> wavefunction is stable in the internal stability analysis




******** <class 'pyscf.soscf.newton_ah.SecondOrderUHF'> ********
method = SecondOrderUHF
initial guess = minao
damping factor = 0
level_shift factor = 0.5
DIIS = <class 'pyscf.scf.diis.CDIIS'>
diis_start_cycle = 1
diis_space = 8
diis_damp = 0
SCF conv_tol = 1e-09
SCF conv_tol_grad = None
SCF max_cycles = 50
direct_scf = True
direct_scf_tol = 1e-13
chkfile to save SCF result = umf.chk
max_memory 4000 MB (current use 356 MB)
number electrons alpha = 29  beta = 23
******** <class 'pyscf.scf.uhf.UHF'> Newton solver flags ********
SCF tol = 1e-09
conv_tol_grad = None
max. SCF cycles = 50
direct_scf = True
direct_scf_tol = 1e-13
chkfile to save SCF result = umf.chk
max_cycle_inner = 12
max_stepsize = 0.05
ah_start_tol = 1e+09
ah_level_shift = 0
ah_conv_tol = 1e-12
ah_lindep = 1e-14
ah_start_cycle = 1
ah_max_cycle = 40
ah_grad_trust_region = 2.5
kf_interval = 4
kf_trust_region = 5
canonicalization = True
max_memory 4000 MB (current use 356 MB)
Set conv_tol_grad to 3.16228e-05
  alpha nocc = 29  HOMO = -0.629271888248677  LUMO = -0.447686096229683
  beta  nocc = 23  HOMO = -0.968045550903176  LUMO = -0.501082103954019
Initial guess E= -541.212838257695  |g|= 1.14304e-05
macro= 0  E= -541.212838257862  delta_E= -1.66665e-10  |g|= 1.14304e-05  1 KF 4 JK
Canonicalize SCF orbitals
macro X = 1  E=-541.212838257862  |g|= 1.14304e-05  total 2 KF 6 JK
converged SCF energy = -541.212838257862  <S^2> = 12.029946  2S+1 = 7.0085509
uhf_internal: lowest eigs of H = [0.02185694 0.03751666 0.04281041]
<class 'pyscf.soscf.newton_ah.SecondOrderUHF'> wavefunction is stable in the internal stability analysis

******** <class 'pyscf.cc.uccsd.UCCSD'> ********
CC2 = 0
CCSD nocc = (np.int64(19), np.int64(13)), nmo = (108, 108)
frozen orbitals 10
max_cycle = 100
direct = 0
conv_tol = 1e-07
conv_tol_normt = 1e-06
diis_space = 6
diis_start_cycle = 0
diis_start_energy_diff = 1e+09
max_memory 4000 MB (current use 356 MB)
Init t2, MP2 energy = -0.58748372711312
Init E_corr(UCCSD) = -0.587483727128703
cycle = 1  E_corr(UCCSD) = -0.570967968569631  dE = 0.0165157586  norm(t1,t2) = 0.182547
cycle = 2  E_corr(UCCSD) = -0.607867604682595  dE = -0.0368996361  norm(t1,t2) = 0.0732912
cycle = 3  E_corr(UCCSD) = -0.606179991310579  dE = 0.00168761337  norm(t1,t2) = 0.0736967
cycle = 4  E_corr(UCCSD) = -0.621347261545774  dE = -0.0151672702  norm(t1,t2) = 0.0530301
cycle = 5  E_corr(UCCSD) = -0.626296323473868  dE = -0.00494906193  norm(t1,t2) = 0.0270207
cycle = 6  E_corr(UCCSD) = -0.627070133853711  dE = -0.00077381038  norm(t1,t2) = 0.0168918
cycle = 7  E_corr(UCCSD) = -0.627820727133153  dE = -0.000750593279  norm(t1,t2) = 0.0114835
cycle = 8  E_corr(UCCSD) = -0.628770745489385  dE = -0.000950018356  norm(t1,t2) = 0.00914298
cycle = 9  E_corr(UCCSD) = -0.629752618066831  dE = -0.000981872577  norm(t1,t2) = 0.00765818
cycle = 10  E_corr(UCCSD) = -0.630130664994424  dE = -0.000378046928  norm(t1,t2) = 0.00584135
cycle = 11  E_corr(UCCSD) = -0.630505050946092  dE = -0.000374385952  norm(t1,t2) = 0.00511668
cycle = 12  E_corr(UCCSD) = -0.630628446601423  dE = -0.000123395655  norm(t1,t2) = 0.00455491
cycle = 13  E_corr(UCCSD) = -0.630884958919754  dE = -0.000256512318  norm(t1,t2) = 0.0040846
cycle = 14  E_corr(UCCSD) = -0.631071864229753  dE = -0.00018690531  norm(t1,t2) = 0.00351613
cycle = 15  E_corr(UCCSD) = -0.631187398351792  dE = -0.000115534122  norm(t1,t2) = 0.00298245
cycle = 16  E_corr(UCCSD) = -0.631233371188553  dE = -4.59728368e-05  norm(t1,t2) = 0.00229468
cycle = 17  E_corr(UCCSD) = -0.631266605633017  dE = -3.32344445e-05  norm(t1,t2) = 0.00194634
cycle = 18  E_corr(UCCSD) = -0.63128191458611  dE = -1.53089531e-05  norm(t1,t2) = 0.00149123
cycle = 19  E_corr(UCCSD) = -0.631291496371933  dE = -9.58178582e-06  norm(t1,t2) = 0.00123999
cycle = 20  E_corr(UCCSD) = -0.631334408757612  dE = -4.29123857e-05  norm(t1,t2) = 0.00101657
cycle = 21  E_corr(UCCSD) = -0.631331619108901  dE = 2.78964871e-06  norm(t1,t2) = 0.000776568
cycle = 22  E_corr(UCCSD) = -0.631369555456202  dE = -3.79363473e-05  norm(t1,t2) = 0.000614529
cycle = 23  E_corr(UCCSD) = -0.631377972266218  dE = -8.41681002e-06  norm(t1,t2) = 0.000493278
cycle = 24  E_corr(UCCSD) = -0.631394623110135  dE = -1.66508439e-05  norm(t1,t2) = 0.000406625
cycle = 25  E_corr(UCCSD) = -0.631413778630637  dE = -1.91555205e-05  norm(t1,t2) = 0.00036855
cycle = 26  E_corr(UCCSD) = -0.631424872716001  dE = -1.10940854e-05  norm(t1,t2) = 0.000318792
cycle = 27  E_corr(UCCSD) = -0.631433878531647  dE = -9.00581565e-06  norm(t1,t2) = 0.000274606
cycle = 28  E_corr(UCCSD) = -0.631439741083734  dE = -5.86255209e-06  norm(t1,t2) = 0.000238281
cycle = 29  E_corr(UCCSD) = -0.63143637048494  dE = 3.37059879e-06  norm(t1,t2) = 0.000208117
cycle = 30  E_corr(UCCSD) = -0.631431732626359  dE = 4.63785858e-06  norm(t1,t2) = 0.000175925
cycle = 31  E_corr(UCCSD) = -0.631428530981695  dE = 3.20164466e-06  norm(t1,t2) = 0.000157251
cycle = 32  E_corr(UCCSD) = -0.631422288317152  dE = 6.24266454e-06  norm(t1,t2) = 0.0001348
cycle = 33  E_corr(UCCSD) = -0.631422787040638  dE = -4.98723486e-07  norm(t1,t2) = 0.000108059
cycle = 34  E_corr(UCCSD) = -0.631424972408878  dE = -2.18536824e-06  norm(t1,t2) = 9.31658e-05
cycle = 35  E_corr(UCCSD) = -0.631427424905794  dE = -2.45249692e-06  norm(t1,t2) = 7.56016e-05
cycle = 36  E_corr(UCCSD) = -0.631432047354275  dE = -4.62244848e-06  norm(t1,t2) = 6.1549e-05
cycle = 37  E_corr(UCCSD) = -0.63143579055647  dE = -3.7432022e-06  norm(t1,t2) = 5.1953e-05
cycle = 38  E_corr(UCCSD) = -0.631437298618712  dE = -1.50806224e-06  norm(t1,t2) = 4.3552e-05
cycle = 39  E_corr(UCCSD) = -0.6314401496393  dE = -2.85102059e-06  norm(t1,t2) = 4.00364e-05
cycle = 40  E_corr(UCCSD) = -0.631440299486529  dE = -1.49847229e-07  norm(t1,t2) = 3.42992e-05
cycle = 41  E_corr(UCCSD) = -0.631440990521237  dE = -6.91034707e-07  norm(t1,t2) = 2.95558e-05
cycle = 42  E_corr(UCCSD) = -0.631441601288633  dE = -6.10767396e-07  norm(t1,t2) = 2.78538e-05
cycle = 43  E_corr(UCCSD) = -0.631441023414563  dE = 5.7787407e-07  norm(t1,t2) = 2.44609e-05
cycle = 44  E_corr(UCCSD) = -0.631441398006478  dE = -3.74591915e-07  norm(t1,t2) = 2.16273e-05
cycle = 45  E_corr(UCCSD) = -0.631441472796391  dE = -7.47899135e-08  norm(t1,t2) = 1.92281e-05
cycle = 46  E_corr(UCCSD) = -0.631442131391023  dE = -6.58594632e-07  norm(t1,t2) = 1.74034e-05
cycle = 47  E_corr(UCCSD) = -0.631442909252771  dE = -7.77861748e-07  norm(t1,t2) = 1.35963e-05
cycle = 48  E_corr(UCCSD) = -0.631443325405438  dE = -4.16152667e-07  norm(t1,t2) = 1.14347e-05
cycle = 49  E_corr(UCCSD) = -0.631443669592425  dE = -3.44186987e-07  norm(t1,t2) = 9.33876e-06
cycle = 50  E_corr(UCCSD) = -0.631443919142459  dE = -2.49550034e-07  norm(t1,t2) = 7.90545e-06
cycle = 51  E_corr(UCCSD) = -0.631443819762525  dE = 9.93799341e-08  norm(t1,t2) = 6.9195e-06
cycle = 52  E_corr(UCCSD) = -0.631443785631489  dE = 3.41310368e-08  norm(t1,t2) = 5.88163e-06
cycle = 53  E_corr(UCCSD) = -0.631443644928307  dE = 1.40703181e-07  norm(t1,t2) = 5.12051e-06
cycle = 54  E_corr(UCCSD) = -0.631443542402828  dE = 1.0252548e-07  norm(t1,t2) = 4.48271e-06
cycle = 55  E_corr(UCCSD) = -0.631443601407262  dE = -5.90044346e-08  norm(t1,t2) = 3.5322e-06
cycle = 56  E_corr(UCCSD) = -0.631443654773231  dE = -5.33659688e-08  norm(t1,t2) = 3.30642e-06
cycle = 57  E_corr(UCCSD) = -0.631443719575327  dE = -6.48020961e-08  norm(t1,t2) = 2.87785e-06
cycle = 58  E_corr(UCCSD) = -0.631443846126413  dE = -1.26551086e-07  norm(t1,t2) = 2.64491e-06
cycle = 59  E_corr(UCCSD) = -0.63144386101949  dE = -1.48930772e-08  norm(t1,t2) = 2.34383e-06
cycle = 60  E_corr(UCCSD) = -0.631443908607827  dE = -4.75883372e-08  norm(t1,t2) = 2.14834e-06
cycle = 61  E_corr(UCCSD) = -0.631443838088916  dE = 7.05189116e-08  norm(t1,t2) = 1.81288e-06
cycle = 62  E_corr(UCCSD) = -0.631443712741029  dE = 1.25347887e-07  norm(t1,t2) = 1.47626e-06
cycle = 63  E_corr(UCCSD) = -0.631443685208555  dE = 2.75324731e-08  norm(t1,t2) = 1.08224e-06
cycle = 64  E_corr(UCCSD) = -0.631443635903505  dE = 4.93050499e-08  norm(t1,t2) = 9.73283e-07
UCCSD converged
E(UCCSD) = -541.8442818937651  E_corr = -0.6314436359035055
UCCSD(T) correction = -0.0405490956946714
spin = 6  ccsd(t) energy is: -541.8848309894598
