#INFO: **** input file is /home/sharmagroup/sharmagroup/project/afqmc_ccpt/cu2o2/f0/s2/ccsd.py ****
import numpy as np
from pyscf import gto, scf, cc

norb_frozen = 10
f = 0
s = 2
# bond lengths
cu_cu = 2.8 + f * 0.8
o_o = 2.3 - f * 0.9

atomString = f'Cu {-cu_cu/2} 0. 0.; Cu {cu_cu/2} 0. 0.; O 0. {o_o/2} 0.; O 0. {-o_o/2} 0.'

mol = gto.M(atom = atomString,
    basis = {'O': gto.basis.parse('''
O    S
 105374.95                   0.459000000E-04             -0.105000000E-04            0.900000000E-05             -0.109000000E-04
  15679.240                  0.360700000E-03             -0.825000000E-04            0.705000000E-04             -0.822000000E-04
   3534.5447                 0.191980000E-02             -0.441200000E-03            0.375700000E-03             -0.467500000E-03
    987.36516                0.820670000E-02             -0.188640000E-02            0.161460000E-02             -0.184650000E-02
    315.97875                0.297257000E-01             -0.695400000E-02            0.593400000E-02             -0.755850000E-02
    111.65428                0.904558000E-01             -0.217208000E-01            0.187866000E-01             -0.210868000E-01
     42.699451               0.217405400E+00             -0.568513000E-01            0.494683000E-01             -0.667511000E-01
     17.395596               0.368765700E+00             -0.113963500E+00            0.103039900E+00             -0.109367300E+00
      7.4383090              0.337279800E+00             -0.162020100E+00            0.162058600E+00             -0.273143100E+00
      3.2228620              0.967505000E-01             -0.333800000E-01            0.936700000E-03             0.209713700E+00
      1.2538770              0.256740000E-02             0.365506800E+00             -0.822425100E+00            0.120348070E+01
       .49515500             0.137460000E-02             0.552003100E+00             -0.101790200E+00            -0.677469400E+00
       .19166500             -0.141000000E-03            0.223639300E+00             0.425393900E+00             -0.142988400E+01
       .06708300             0.683000000E-04             0.657450000E-02             0.687702800E+00             0.148910680E+01
O    P
    200.00000                0.893300000E-03            -0.838400000E-03            0.126180000E-02
     46.533367               0.736900000E-02            -0.684910000E-02            0.111628000E-01
     14.621809               0.349392000E-01            -0.328505000E-01            0.518316000E-01
      5.3130640              0.115298500E+00            -0.110006000E+00            0.197884500E+00
      2.1025250              0.258323100E+00            -0.313526300E+00            0.570765200E+00
       .85022300             0.369623100E+00            -0.319601100E+00            -0.178929100E+00
       .33759700             0.323878900E+00            0.221724300E+00             -0.898207700E+00
       .12889200             0.146798900E+00            0.562261600E+00             0.266664300E+00
       .04511200             0.336127000E-01            0.301325100E+00             0.625899400E+00
O    D
      3.7500000              0.12849340            -0.21820550
      1.3125000              0.52118840            -0.48176950
       .45937500             0.43457840             0.13575950
       .16078100             0.14574090             0.82977340
    '''),
    'Cu': gto.basis.parse('''
Cu    S
     27.6963200              0.2311320              0.0000000              0.0000000              0.0000000              0.0000000              0.0000000
     13.5053500             -0.6568110              0.0000000              0.0000000              0.0000000              0.0000000              0.0000000
      8.8153550             -0.5458750              0.0000000              0.0000000              0.0000000              0.0000000              0.0000000
      2.3808050              0.0000000              1.0000000              0.0000000              0.0000000              0.0000000              0.0000000
      0.9526160              0.0000000              0.0000000              1.0000000              0.0000000              0.0000000              0.0000000
      0.1126620              0.0000000              0.0000000              0.0000000              1.0000000              0.0000000              0.0000000
      0.0404860              0.0000000              0.0000000              0.0000000              0.0000000              1.0000000              0.0000000
      0.0100000              0.0000000              0.0000000              0.0000000              0.0000000              0.0000000              1.0000000
Cu    P
     93.5043270              0.0228290              0.0000000              0.0000000              0.0000000              0.0000000
     16.2854640             -1.0095130              0.0000000              0.0000000              0.0000000              0.0000000
      5.9942360              0.0000000              0.2464500              0.0000000              0.0000000              0.0000000
      2.5368750              0.0000000              0.7920240              0.0000000              0.0000000              0.0000000
      0.8979340              0.0000000              0.0000000              1.0000000              0.0000000              0.0000000
      0.1317290              0.0000000              0.0000000              0.0000000              1.0000000              0.0000000
      0.0308780              0.0000000              0.0000000              0.0000000              0.0000000              1.0000000
Cu    D
     41.2250060              0.0446940              0.0000000              0.0000000
     12.3432500              0.2121060              0.0000000              0.0000000
      4.2019200              0.4534230              0.0000000              0.0000000
      1.3798250              0.5334650              0.0000000              0.0000000
      0.3834530              0.0000000              1.0000000              0.0000000
      0.1000000              0.0000000              0.0000000              1.0000000
    ''')},
    ecp = {'Cu': gto.basis.parse_ecp('''
Cu nelec 10
Cu ul
2       1.000000000            0.000000000
Cu S
2      30.220000000          355.770158000
2      13.190000000           70.865357000
Cu P
2      33.130000000          233.891976000
2      13.220000000           53.947299000
Cu D
2      38.420000000          -31.272165000
2      13.260000000           -2.741104000
    ''')},
    verbose=4, unit='angstrom', symmetry=0, spin=s, charge=2)
# mf = scf.RHF(mol)
# mf.level_shift = 0.5
# mf.kernel()

umf = scf.UHF(mol)
umf.chkfile = 'umf.chk'
umf.init_guess = 'chk'
umf.level_shift = 0.5
umf.kernel()
mo1 = umf.stability()[0]
umf = umf.newton().run(mo1, umf.mo_occ)
mo1 = umf.stability()[0]
umf = umf.newton().run(mo1, umf.mo_occ)
mo1 = umf.stability()[0]
umf = umf.newton().run(mo1, umf.mo_occ)
mo1 = umf.stability()[0]
umf = umf.newton().run(mo1, umf.mo_occ)
umf.stability()

mycc = cc.CCSD(umf)
mycc.frozen = norb_frozen
mycc.max_cycle = 100
mycc.run()
et = mycc.ccsd_t()
print(f'spin = {s}  ccsd(t) energy is: { mycc.e_tot + et}')

options = {'n_eql': 3,
           'n_prop_steps': 50,
            'n_ene_blocks': 5,
            'n_sr_blocks': 5,
            'n_blocks': 10,
            'n_walkers': 30,
            'seed': 2,
            'walker_type': 'rhf',
            'trial': 'uccsd_pt2_ad', # ccsd_pt,ccsd_pt_ad,ccsd_pt2_ad, ucisd
            'dt':0.005,
            'free_projection':False,
            'ad_mode':None,
            'use_gpu': True,
            }

# from ad_afqmc import pyscf_interface
# from ad_afqmc.ccsd_pt import sample_uccsd_pt2
# pyscf_interface.prep_afqmc(mycc,options,chol_cut=1e-5)
# sample_uccsd_pt2.run_afqmc(options)
#INFO: ******************** input file end ********************


System: uname_result(system='Linux', node='sharmagroup-rn', release='6.14.0-33-generic', version='#33~24.04.1-Ubuntu SMP PREEMPT_DYNAMIC Fri Sep 19 17:02:30 UTC 2', machine='x86_64')  Threads 16
Python 3.11.14 (main, Oct 21 2025, 18:31:21) [GCC 11.2.0]
numpy 2.3.1  scipy 1.16.2  h5py 3.14.0
Date: Mon Oct 27 17:53:58 2025
PySCF version 2.11.0
PySCF path  /home/sharmagroup/sharmagroup/pyscf
GIT HEAD (branch master) 3d1768f5e33b144b606c3d2c81c12ee54d794501

[CONFIG] conf_file None
[INPUT] verbose = 4
[INPUT] num. atoms = 4
[INPUT] num. electrons = 52
[INPUT] charge = 2
[INPUT] spin (= nelec alpha-beta = 2S) = 2
[INPUT] symmetry 0 subgroup None
[INPUT] Mole.unit = angstrom
[INPUT] Symbol           X                Y                Z      unit          X                Y                Z       unit  Magmom
[INPUT]  1 Cu    -1.400000000000   0.000000000000   0.000000000000 AA   -2.645616574391   0.000000000000   0.000000000000 Bohr   0.0
[INPUT]  2 Cu     1.400000000000   0.000000000000   0.000000000000 AA    2.645616574391   0.000000000000   0.000000000000 Bohr   0.0
[INPUT]  3 O      0.000000000000   1.150000000000   0.000000000000 AA    0.000000000000   2.173185043250   0.000000000000 Bohr   0.0
[INPUT]  4 O      0.000000000000  -1.150000000000   0.000000000000 AA    0.000000000000  -2.173185043250   0.000000000000 Bohr   0.0

nuclear repulsion = 260.534383992932
number of shells = 12
number of NR pGTOs = 240
number of NR cGTOs = 118
basis = {'O': [[0, [105374.95, 4.59e-05, -1.05e-05, 9e-06, -1.09e-05], [15679.24, 0.0003607, -8.25e-05, 7.05e-05, -8.22e-05], [3534.5447, 0.0019198, -0.0004412, 0.0003757, -0.0004675], [987.36516, 0.0082067, -0.0018864, 0.0016146, -0.0018465], [315.97875, 0.0297257, -0.006954, 0.005934, -0.0075585], [111.65428, 0.0904558, -0.0217208, 0.0187866, -0.0210868], [42.699451, 0.2174054, -0.0568513, 0.0494683, -0.0667511], [17.395596, 0.3687657, -0.1139635, 0.1030399, -0.1093673], [7.438309, 0.3372798, -0.1620201, 0.1620586, -0.2731431], [3.222862, 0.0967505, -0.03338, 0.0009367, 0.2097137], [1.253877, 0.0025674, 0.3655068, -0.8224251, 1.2034807], [0.495155, 0.0013746, 0.5520031, -0.1017902, -0.6774694], [0.191665, -0.000141, 0.2236393, 0.4253939, -1.429884], [0.067083, 6.83e-05, 0.0065745, 0.6877028, 1.4891068]], [1, [200.0, 0.0008933, -0.0008384, 0.0012618], [46.533367, 0.007369, -0.0068491, 0.0111628], [14.621809, 0.0349392, -0.0328505, 0.0518316], [5.313064, 0.1152985, -0.110006, 0.1978845], [2.102525, 0.2583231, -0.3135263, 0.5707652], [0.850223, 0.3696231, -0.3196011, -0.1789291], [0.337597, 0.3238789, 0.2217243, -0.8982077], [0.128892, 0.1467989, 0.5622616, 0.2666643], [0.045112, 0.0336127, 0.3013251, 0.6258994]], [2, [3.75, 0.1284934, -0.2182055], [1.3125, 0.5211884, -0.4817695], [0.459375, 0.4345784, 0.1357595], [0.160781, 0.1457409, 0.8297734]]], 'Cu': [[0, [27.69632, 0.231132, 0.0, 0.0, 0.0, 0.0, 0.0], [13.50535, -0.656811, 0.0, 0.0, 0.0, 0.0, 0.0], [8.815355, -0.545875, 0.0, 0.0, 0.0, 0.0, 0.0], [2.380805, 0.0, 1.0, 0.0, 0.0, 0.0, 0.0], [0.952616, 0.0, 0.0, 1.0, 0.0, 0.0, 0.0], [0.112662, 0.0, 0.0, 0.0, 1.0, 0.0, 0.0], [0.040486, 0.0, 0.0, 0.0, 0.0, 1.0, 0.0], [0.01, 0.0, 0.0, 0.0, 0.0, 0.0, 1.0]], [1, [93.504327, 0.022829, 0.0, 0.0, 0.0, 0.0], [16.285464, -1.009513, 0.0, 0.0, 0.0, 0.0], [5.994236, 0.0, 0.24645, 0.0, 0.0, 0.0], [2.536875, 0.0, 0.792024, 0.0, 0.0, 0.0], [0.897934, 0.0, 0.0, 1.0, 0.0, 0.0], [0.131729, 0.0, 0.0, 0.0, 1.0, 0.0], [0.030878, 0.0, 0.0, 0.0, 0.0, 1.0]], [2, [41.225006, 0.044694, 0.0, 0.0], [12.34325, 0.212106, 0.0, 0.0], [4.20192, 0.453423, 0.0, 0.0], [1.379825, 0.533465, 0.0, 0.0], [0.383453, 0.0, 1.0, 0.0], [0.1, 0.0, 0.0, 1.0]]]}
ecp = {'Cu': [10, [[-1, [[], [], [], [], [], [], []]], [0, [[], [], [[30.22, 355.770158], [13.19, 70.865357]], [], [], [], []]], [1, [[], [], [[33.13, 233.891976], [13.22, 53.947299]], [], [], [], []]], [2, [[], [], [[38.42, -31.272165], [13.26, -2.741104]], [], [], [], []]]]]}
CPU time:         0.25


******** <class 'pyscf.scf.uhf.UHF'> ********
method = UHF
initial guess = chk
damping factor = 0
level_shift factor = 0.5
DIIS = <class 'pyscf.scf.diis.CDIIS'>
diis_start_cycle = 1
diis_space = 8
diis_damp = 0
SCF conv_tol = 1e-09
SCF conv_tol_grad = None
SCF max_cycles = 50
direct_scf = True
direct_scf_tol = 1e-13
chkfile to save SCF result = umf.chk
max_memory 4000 MB (current use 109 MB)
number electrons alpha = 27  beta = 25
Set gradient conv threshold to 3.16228e-05

WARN: Fail in reading umf.chk. Use MINAO initial guess

init E= -475.452687119517
  alpha nocc = 27  HOMO = -0.295999321507291  LUMO = -0.24809994102854
  beta  nocc = 25  HOMO = -0.38672595859617  LUMO = -0.338301889050259

WARN: system HOMO -0.295999321507291 >= system LUMO -0.338301889050259

cycle= 1 E= -540.766052985316  delta_E= -65.3  |g|= 1.97  |ddm|= 2.87
  alpha nocc = 27  HOMO = -0.974148848989119  LUMO = -0.21033541003062
  beta  nocc = 25  HOMO = -0.954796092034015  LUMO = -0.205211123946412
cycle= 2 E= -540.980359277857  delta_E= -0.214  |g|= 0.337  |ddm|= 0.467
  alpha nocc = 27  HOMO = -0.980228313640038  LUMO = -0.0971109024361641
  beta  nocc = 25  HOMO = -0.854838783342365  LUMO = -0.0835481299775383
cycle= 3 E= -541.023149555277  delta_E= -0.0428  |g|= 0.213  |ddm|= 0.25
  alpha nocc = 27  HOMO = -0.973245619378567  LUMO = -0.095275263463491
  beta  nocc = 25  HOMO = -0.857180536005954  LUMO = -0.0814292219612379
cycle= 4 E= -541.052732602217  delta_E= -0.0296  |g|= 0.139  |ddm|= 0.167
  alpha nocc = 27  HOMO = -0.967555883070142  LUMO = -0.0843133434180565
  beta  nocc = 25  HOMO = -0.841090094101829  LUMO = -0.0621804037671976
cycle= 5 E= -541.085114547546  delta_E= -0.0324  |g|= 0.141  |ddm|= 0.193
  alpha nocc = 27  HOMO = -0.968173602510013  LUMO = -0.0846561018792085
  beta  nocc = 25  HOMO = -0.842279932397284  LUMO = -0.0625143565437793
cycle= 6 E= -541.099247401422  delta_E= -0.0141  |g|= 0.159  |ddm|= 0.0908
  alpha nocc = 27  HOMO = -0.973181244295563  LUMO = -0.0903709825608966
  beta  nocc = 25  HOMO = -0.847583740695275  LUMO = -0.0675292108291645
cycle= 7 E= -541.098536585723  delta_E= 0.000711  |g|= 0.177  |ddm|= 0.019
  alpha nocc = 27  HOMO = -0.936946742006635  LUMO = -0.113235641789529
  beta  nocc = 25  HOMO = -0.867986272558522  LUMO = -0.0847397170726128
cycle= 8 E= -541.051475870702  delta_E= 0.0471  |g|= 0.192  |ddm|= 0.273
  alpha nocc = 27  HOMO = -0.86467507926135  LUMO = -0.121046002001324
  beta  nocc = 25  HOMO = -0.881054266404441  LUMO = -0.0935842609836042
cycle= 9 E= -541.007075624336  delta_E= 0.0444  |g|= 0.219  |ddm|= 0.388
  alpha nocc = 27  HOMO = -0.86135862714364  LUMO = -0.105088052851524
  beta  nocc = 25  HOMO = -0.864758580448992  LUMO = -0.0788230454430839
cycle= 10 E= -541.006565306875  delta_E= 0.00051  |g|= 0.161  |ddm|= 0.188
  alpha nocc = 27  HOMO = -0.847054463032708  LUMO = -0.0979267784960135
  beta  nocc = 25  HOMO = -0.840079115035824  LUMO = -0.0567303051956757
cycle= 11 E= -541.017102803537  delta_E= -0.0105  |g|= 0.0687  |ddm|= 0.171
  alpha nocc = 27  HOMO = -0.839087078193228  LUMO = -0.0939880611410364
  beta  nocc = 25  HOMO = -0.820257163311322  LUMO = -0.0519583053592169
cycle= 12 E= -541.026645281229  delta_E= -0.00954  |g|= 0.0453  |ddm|= 0.142
  alpha nocc = 27  HOMO = -0.831041235059197  LUMO = -0.0962670020926263
  beta  nocc = 25  HOMO = -0.804400569504629  LUMO = -0.0439989896696075
cycle= 13 E= -541.034867167405  delta_E= -0.00822  |g|= 0.032  |ddm|= 0.156
  alpha nocc = 27  HOMO = -0.82175950768848  LUMO = -0.0881286750341082
  beta  nocc = 25  HOMO = -0.801270462472125  LUMO = -0.0403049242393607
cycle= 14 E= -541.037780653608  delta_E= -0.00291  |g|= 0.0266  |ddm|= 0.09
  alpha nocc = 27  HOMO = -0.822049608148903  LUMO = -0.0948284221156218
  beta  nocc = 25  HOMO = -0.79287382071073  LUMO = -0.0409927963911771
cycle= 15 E= -541.039468568942  delta_E= -0.00169  |g|= 0.0144  |ddm|= 0.0772
  alpha nocc = 27  HOMO = -0.825625872126849  LUMO = -0.0965107686984308
  beta  nocc = 25  HOMO = -0.794074545209409  LUMO = -0.0418541035312792
cycle= 16 E= -541.039898235692  delta_E= -0.00043  |g|= 0.0087  |ddm|= 0.0361
  alpha nocc = 27  HOMO = -0.825017008889934  LUMO = -0.0964166346007998
  beta  nocc = 25  HOMO = -0.791720467609583  LUMO = -0.0404422970222455
cycle= 17 E= -541.040076432643  delta_E= -0.000178  |g|= 0.00632  |ddm|= 0.0283
  alpha nocc = 27  HOMO = -0.826566071587623  LUMO = -0.0978010337216548
  beta  nocc = 25  HOMO = -0.792159723820895  LUMO = -0.0405491858586106
cycle= 18 E= -541.040119277536  delta_E= -4.28e-05  |g|= 0.00411  |ddm|= 0.0128
  alpha nocc = 27  HOMO = -0.826584701610774  LUMO = -0.0974672143677473
  beta  nocc = 25  HOMO = -0.791696770890287  LUMO = -0.0400917952990561
cycle= 19 E= -541.040135346274  delta_E= -1.61e-05  |g|= 0.00272  |ddm|= 0.00814
  alpha nocc = 27  HOMO = -0.826866171129191  LUMO = -0.097677974061798
  beta  nocc = 25  HOMO = -0.791635312025145  LUMO = -0.0399636644386354
cycle= 20 E= -541.040141383556  delta_E= -6.04e-06  |g|= 0.0017  |ddm|= 0.00479
  alpha nocc = 27  HOMO = -0.826925200019583  LUMO = -0.0977199038586356
  beta  nocc = 25  HOMO = -0.79156799813952  LUMO = -0.0398774134480788
cycle= 21 E= -541.04014377781  delta_E= -2.39e-06  |g|= 0.000993  |ddm|= 0.0027
  alpha nocc = 27  HOMO = -0.827153179827597  LUMO = -0.0978606456109868
  beta  nocc = 25  HOMO = -0.791659499800792  LUMO = -0.0398746325181722
cycle= 22 E= -541.040145051977  delta_E= -1.27e-06  |g|= 0.000639  |ddm|= 0.00152
  alpha nocc = 27  HOMO = -0.827242881610492  LUMO = -0.0979178311831337
  beta  nocc = 25  HOMO = -0.791672382958225  LUMO = -0.0398479112527573
cycle= 23 E= -541.040145838747  delta_E= -7.87e-07  |g|= 0.000677  |ddm|= 0.000956
  alpha nocc = 27  HOMO = -0.826959227449205  LUMO = -0.09777068345006
  beta  nocc = 25  HOMO = -0.791656061314561  LUMO = -0.0399342824141841
cycle= 24 E= -541.040145414418  delta_E= 4.24e-07  |g|= 0.000728  |ddm|= 0.000563
  alpha nocc = 27  HOMO = -0.826667434917347  LUMO = -0.0976246838572318
  beta  nocc = 25  HOMO = -0.791634217346983  LUMO = -0.0400291804425934
cycle= 25 E= -541.040144532806  delta_E= 8.82e-07  |g|= 0.000696  |ddm|= 0.00118
  alpha nocc = 27  HOMO = -0.826533196386613  LUMO = -0.0975572205037691
  beta  nocc = 25  HOMO = -0.791652911990626  LUMO = -0.0400888382592529
cycle= 26 E= -541.040143875269  delta_E= 6.58e-07  |g|= 0.000617  |ddm|= 0.00107
  alpha nocc = 27  HOMO = -0.826226203605186  LUMO = -0.0974081337852223
  beta  nocc = 25  HOMO = -0.791629595487756  LUMO = -0.0401495996758149
cycle= 27 E= -541.040143208573  delta_E= 6.67e-07  |g|= 0.000432  |ddm|= 0.00155
  alpha nocc = 27  HOMO = -0.826155008915081  LUMO = -0.0973769996650634
  beta  nocc = 25  HOMO = -0.791624517502896  LUMO = -0.0401311373924478
cycle= 28 E= -541.040142947724  delta_E= 2.61e-07  |g|= 0.000318  |ddm|= 0.00106
  alpha nocc = 27  HOMO = -0.826070932517754  LUMO = -0.0973287435664244
  beta  nocc = 25  HOMO = -0.791649716137208  LUMO = -0.0401527230225994
cycle= 29 E= -541.040142836225  delta_E= 1.11e-07  |g|= 0.000275  |ddm|= 0.000909
  alpha nocc = 27  HOMO = -0.826072172528047  LUMO = -0.0973311758857247
  beta  nocc = 25  HOMO = -0.791644231528831  LUMO = -0.0401493008863658
cycle= 30 E= -541.040142815924  delta_E= 2.03e-08  |g|= 0.00028  |ddm|= 0.000442
  alpha nocc = 27  HOMO = -0.826062186660266  LUMO = -0.0973224758020422
  beta  nocc = 25  HOMO = -0.791648226996224  LUMO = -0.0401534706250985
cycle= 31 E= -541.040142812079  delta_E= 3.84e-09  |g|= 0.000311  |ddm|= 0.000251
  alpha nocc = 27  HOMO = -0.826061662740729  LUMO = -0.0973292185051511
  beta  nocc = 25  HOMO = -0.791641873596682  LUMO = -0.0401444530593775
cycle= 32 E= -541.040142815576  delta_E= -3.5e-09  |g|= 0.000337  |ddm|= 0.000165
  alpha nocc = 27  HOMO = -0.826031620692394  LUMO = -0.097309542103227
  beta  nocc = 25  HOMO = -0.791657581741841  LUMO = -0.0401706174760353
cycle= 33 E= -541.040142808593  delta_E= 6.98e-09  |g|= 0.000381  |ddm|= 0.000194
  alpha nocc = 27  HOMO = -0.826068749842702  LUMO = -0.0973255725977919
  beta  nocc = 25  HOMO = -0.791668723129456  LUMO = -0.0401640960525541
cycle= 34 E= -541.040142838254  delta_E= -2.97e-08  |g|= 0.000402  |ddm|= 0.000101
  alpha nocc = 27  HOMO = -0.826000373578545  LUMO = -0.097293015787106
  beta  nocc = 25  HOMO = -0.791669569287563  LUMO = -0.0401880033007145
cycle= 35 E= -541.040142817704  delta_E= 2.05e-08  |g|= 0.000428  |ddm|= 0.00022
  alpha nocc = 27  HOMO = -0.826070554749891  LUMO = -0.097328221781051
  beta  nocc = 25  HOMO = -0.791662029606938  LUMO = -0.0401669326688016
cycle= 36 E= -541.04014285902  delta_E= -4.13e-08  |g|= 0.000465  |ddm|= 0.000156
  alpha nocc = 27  HOMO = -0.825950154683675  LUMO = -0.0972634631591892
  beta  nocc = 25  HOMO = -0.791658416769557  LUMO = -0.0401852139743515
cycle= 37 E= -541.040142838772  delta_E= 2.02e-08  |g|= 0.000497  |ddm|= 0.00034
  alpha nocc = 27  HOMO = -0.82611460548696  LUMO = -0.0973534817275722
  beta  nocc = 25  HOMO = -0.791647800676522  LUMO = -0.0401283534865916
cycle= 38 E= -541.040142897804  delta_E= -5.9e-08  |g|= 0.000467  |ddm|= 0.000384
  alpha nocc = 27  HOMO = -0.826132385816422  LUMO = -0.0973579704315561
  beta  nocc = 25  HOMO = -0.791653763429038  LUMO = -0.0401325448062517
cycle= 39 E= -541.040142902689  delta_E= -4.88e-09  |g|= 0.000436  |ddm|= 0.000277
  alpha nocc = 27  HOMO = -0.826133267911068  LUMO = -0.0973630353396701
  beta  nocc = 25  HOMO = -0.791639437866241  LUMO = -0.0401110526814719
cycle= 40 E= -541.040142936988  delta_E= -3.43e-08  |g|= 0.000441  |ddm|= 0.000176
  alpha nocc = 27  HOMO = -0.826004943406205  LUMO = -0.0972873029611692
  beta  nocc = 25  HOMO = -0.791652919767864  LUMO = -0.0401659373839362
cycle= 41 E= -541.040142820621  delta_E= 1.16e-07  |g|= 0.000375  |ddm|= 0.000414
  alpha nocc = 27  HOMO = -0.825843812621313  LUMO = -0.0971994454893984
  beta  nocc = 25  HOMO = -0.791665222450674  LUMO = -0.040216338163449
cycle= 42 E= -541.040142798886  delta_E= 2.17e-08  |g|= 0.000398  |ddm|= 0.000774
  alpha nocc = 27  HOMO = -0.825893751630207  LUMO = -0.097224981265925
  beta  nocc = 25  HOMO = -0.79165150290879  LUMO = -0.0401919327444485
cycle= 43 E= -541.040142799462  delta_E= -5.76e-10  |g|= 0.000376  |ddm|= 0.000213
  alpha nocc = 27  HOMO = -0.825825416733709  LUMO = -0.0971948641041332
  beta  nocc = 25  HOMO = -0.79166893358362  LUMO = -0.0402360490222466
cycle= 44 E= -541.040142821131  delta_E= -2.17e-08  |g|= 0.000373  |ddm|= 0.000369
  alpha nocc = 27  HOMO = -0.825838765237138  LUMO = -0.0972014424970857
  beta  nocc = 25  HOMO = -0.791683214384794  LUMO = -0.0402396863317784
cycle= 45 E= -541.040142813023  delta_E= 8.11e-09  |g|= 0.000325  |ddm|= 0.000173
  alpha nocc = 27  HOMO = -0.825843915708464  LUMO = -0.0972044154565738
  beta  nocc = 25  HOMO = -0.791670883375126  LUMO = -0.0402215299865005
cycle= 46 E= -541.040142794931  delta_E= 1.81e-08  |g|= 0.000316  |ddm|= 8.44e-05
  alpha nocc = 27  HOMO = -0.825841121820183  LUMO = -0.09719928255992
  beta  nocc = 25  HOMO = -0.791675014358122  LUMO = -0.0402226570261505
cycle= 47 E= -541.04014276696  delta_E= 2.8e-08  |g|= 0.000282  |ddm|= 0.00013
  alpha nocc = 27  HOMO = -0.825873792547301  LUMO = -0.0972140709351671
  beta  nocc = 25  HOMO = -0.791677045634434  LUMO = -0.0402120092742294
cycle= 48 E= -541.040142724162  delta_E= 4.28e-08  |g|= 0.000215  |ddm|= 0.000277
  alpha nocc = 27  HOMO = -0.82590663601367  LUMO = -0.0972273113144104
  beta  nocc = 25  HOMO = -0.791683118672418  LUMO = -0.0402017050266145
cycle= 49 E= -541.040142719419  delta_E= 4.74e-09  |g|= 0.000193  |ddm|= 0.000277
  alpha nocc = 27  HOMO = -0.825895603312598  LUMO = -0.0972214188873338
  beta  nocc = 25  HOMO = -0.791684551766864  LUMO = -0.0402062495973651
cycle= 50 E= -541.040142719169  delta_E= 2.49e-10  |g|= 0.000189  |ddm|= 0.000107
SCF not converged.
SCF energy = -541.040142719169 after 50 cycles  <S^2> = 2.4700834  2S+1 = 3.2985351
uhf_internal: lowest eigs of H = [-0.87668593 -0.41272468 -0.37479539]
<class 'pyscf.scf.uhf.UHF'> wavefunction has an internal instability




******** <class 'pyscf.soscf.newton_ah.SecondOrderUHF'> ********
method = SecondOrderUHF
initial guess = chk
damping factor = 0
level_shift factor = 0.5
DIIS = <class 'pyscf.scf.diis.CDIIS'>
diis_start_cycle = 1
diis_space = 8
diis_damp = 0
SCF conv_tol = 1e-09
SCF conv_tol_grad = None
SCF max_cycles = 50
direct_scf = True
direct_scf_tol = 1e-13
chkfile to save SCF result = umf.chk
max_memory 4000 MB (current use 348 MB)
number electrons alpha = 27  beta = 25
******** <class 'pyscf.scf.uhf.UHF'> Newton solver flags ********
SCF tol = 1e-09
conv_tol_grad = None
max. SCF cycles = 50
direct_scf = True
direct_scf_tol = 1e-13
chkfile to save SCF result = umf.chk
max_cycle_inner = 12
max_stepsize = 0.05
ah_start_tol = 1e+09
ah_level_shift = 0
ah_conv_tol = 1e-12
ah_lindep = 1e-14
ah_start_cycle = 1
ah_max_cycle = 40
ah_grad_trust_region = 2.5
kf_interval = 4
kf_trust_region = 5
canonicalization = True
max_memory 4000 MB (current use 348 MB)
Set conv_tol_grad to 3.16228e-05
  alpha nocc = 27  HOMO = -0.995567153430459  LUMO = -0.389197744223015
  beta  nocc = 25  HOMO = -0.765196110124413  LUMO = -0.470358823603519
Initial guess E= -541.210062414203  |g|= 0.325449
macro= 0  E= -541.301852344559  delta_E= -0.0917899  |g|= 0.159055  3 KF 15 JK
macro= 1  E= -541.312529469785  delta_E= -0.0106771  |g|= 4.64903e-05  6 KF 30 JK
macro= 2  E= -541.312529469786  delta_E= -1.36424e-12  |g|= 1.0534e-05  1 KF 2 JK
Canonicalize SCF orbitals
macro X = 3  E=-541.312529469786  |g|= 1.0534e-05  total 11 KF 51 JK
converged SCF energy = -541.312529469786  <S^2> = 3.154404  2S+1 = 3.6902054
uhf_internal: lowest eigs of H = [-0.37409888 -0.37400814  0.02602011]
<class 'pyscf.soscf.newton_ah.SecondOrderUHF'> wavefunction has an internal instability




******** <class 'pyscf.soscf.newton_ah.SecondOrderUHF'> ********
method = SecondOrderUHF
initial guess = chk
damping factor = 0
level_shift factor = 0.5
DIIS = <class 'pyscf.scf.diis.CDIIS'>
diis_start_cycle = 1
diis_space = 8
diis_damp = 0
SCF conv_tol = 1e-09
SCF conv_tol_grad = None
SCF max_cycles = 50
direct_scf = True
direct_scf_tol = 1e-13
chkfile to save SCF result = umf.chk
max_memory 4000 MB (current use 354 MB)
number electrons alpha = 27  beta = 25
******** <class 'pyscf.scf.uhf.UHF'> Newton solver flags ********
SCF tol = 1e-09
conv_tol_grad = None
max. SCF cycles = 50
direct_scf = True
direct_scf_tol = 1e-13
chkfile to save SCF result = umf.chk
max_cycle_inner = 12
max_stepsize = 0.05
ah_start_tol = 1e+09
ah_level_shift = 0
ah_conv_tol = 1e-12
ah_lindep = 1e-14
ah_start_cycle = 1
ah_max_cycle = 40
ah_grad_trust_region = 2.5
kf_interval = 4
kf_trust_region = 5
canonicalization = True
max_memory 4000 MB (current use 354 MB)
Set conv_tol_grad to 3.16228e-05
  alpha nocc = 27  HOMO = -0.963951000090629  LUMO = -0.398303385098658
  beta  nocc = 25  HOMO = -0.867064078847584  LUMO = -0.401649631352742
Initial guess E= -541.35957193996  |g|= 0.169209
macro= 0  E= -541.393285979339  delta_E= -0.033714  |g|= 0.000929919  5 KF 31 JK
macro= 1  E= -541.393287312581  delta_E= -1.33324e-06  |g|= 3.77641e-05  4 KF 27 JK
macro= 2  E= -541.393287312582  delta_E= -6.82121e-13  |g|= 6.38164e-06  1 KF 2 JK
Canonicalize SCF orbitals
macro X = 3  E=-541.393287312582  |g|= 6.38164e-06  total 11 KF 64 JK
converged SCF energy = -541.393287312582  <S^2> = 2.9918582  2S+1 = 3.6010322
uhf_internal: lowest eigs of H = [-0.00578056  0.05234345  0.05509961]
<class 'pyscf.soscf.newton_ah.SecondOrderUHF'> wavefunction has an internal instability




******** <class 'pyscf.soscf.newton_ah.SecondOrderUHF'> ********
method = SecondOrderUHF
initial guess = chk
damping factor = 0
level_shift factor = 0.5
DIIS = <class 'pyscf.scf.diis.CDIIS'>
diis_start_cycle = 1
diis_space = 8
diis_damp = 0
SCF conv_tol = 1e-09
SCF conv_tol_grad = None
SCF max_cycles = 50
direct_scf = True
direct_scf_tol = 1e-13
chkfile to save SCF result = umf.chk
max_memory 4000 MB (current use 355 MB)
number electrons alpha = 27  beta = 25
******** <class 'pyscf.scf.uhf.UHF'> Newton solver flags ********
SCF tol = 1e-09
conv_tol_grad = None
max. SCF cycles = 50
direct_scf = True
direct_scf_tol = 1e-13
chkfile to save SCF result = umf.chk
max_cycle_inner = 12
max_stepsize = 0.05
ah_start_tol = 1e+09
ah_level_shift = 0
ah_conv_tol = 1e-12
ah_lindep = 1e-14
ah_start_cycle = 1
ah_max_cycle = 40
ah_grad_trust_region = 2.5
kf_interval = 4
kf_trust_region = 5
canonicalization = True
max_memory 4000 MB (current use 355 MB)
Set conv_tol_grad to 3.16228e-05
  alpha nocc = 27  HOMO = -0.940019747741763  LUMO = -0.398985440107693
  beta  nocc = 25  HOMO = -0.891836969964236  LUMO = -0.398889388803883
Initial guess E= -541.381749017974  |g|= 0.144
macro= 0  E= -541.394817689753  delta_E= -0.0130687  |g|= 0.00195249  4 KF 28 JK
macro= 1  E= -541.394828733472  delta_E= -1.10437e-05  |g|= 0.00142295  1 KF 6 JK
macro= 2  E= -541.394887233691  delta_E= -5.85002e-05  |g|= 0.000836342  4 KF 19 JK
macro= 3  E= -541.394889491503  delta_E= -2.25781e-06  |g|= 8.33355e-05  3 KF 24 JK
macro= 4  E= -541.394889492507  delta_E= -1.00317e-09  |g|= 1.16415e-05  1 KF 6 JK
macro= 5  E= -541.394889492507  delta_E= -4.54747e-13  |g|= 7.03811e-06  1 KF 2 JK
Canonicalize SCF orbitals
macro X = 6  E=-541.394889492507  |g|= 7.03811e-06  total 15 KF 92 JK
converged SCF energy = -541.394889492507  <S^2> = 3.005868  2S+1 = 3.6088048
uhf_internal: lowest eigs of H = [0.00546487 0.03924898 0.05669094]
<class 'pyscf.soscf.newton_ah.SecondOrderUHF'> wavefunction is stable in the internal stability analysis




******** <class 'pyscf.soscf.newton_ah.SecondOrderUHF'> ********
method = SecondOrderUHF
initial guess = chk
damping factor = 0
level_shift factor = 0.5
DIIS = <class 'pyscf.scf.diis.CDIIS'>
diis_start_cycle = 1
diis_space = 8
diis_damp = 0
SCF conv_tol = 1e-09
SCF conv_tol_grad = None
SCF max_cycles = 50
direct_scf = True
direct_scf_tol = 1e-13
chkfile to save SCF result = umf.chk
max_memory 4000 MB (current use 356 MB)
number electrons alpha = 27  beta = 25
******** <class 'pyscf.scf.uhf.UHF'> Newton solver flags ********
SCF tol = 1e-09
conv_tol_grad = None
max. SCF cycles = 50
direct_scf = True
direct_scf_tol = 1e-13
chkfile to save SCF result = umf.chk
max_cycle_inner = 12
max_stepsize = 0.05
ah_start_tol = 1e+09
ah_level_shift = 0
ah_conv_tol = 1e-12
ah_lindep = 1e-14
ah_start_cycle = 1
ah_max_cycle = 40
ah_grad_trust_region = 2.5
kf_interval = 4
kf_trust_region = 5
canonicalization = True
max_memory 4000 MB (current use 356 MB)
Set conv_tol_grad to 3.16228e-05
  alpha nocc = 27  HOMO = -0.946989313956587  LUMO = -0.39855995695315
  beta  nocc = 25  HOMO = -0.891071997890678  LUMO = -0.39877582819804
Initial guess E= -541.394889492507  |g|= 7.03745e-06
macro= 0  E= -541.394889492515  delta_E= -8.18545e-12  |g|= 7.03745e-06  1 KF 2 JK
Canonicalize SCF orbitals
macro X = 1  E=-541.394889492515  |g|= 7.03745e-06  total 2 KF 4 JK
converged SCF energy = -541.394889492515  <S^2> = 3.0058679  2S+1 = 3.6088047
uhf_internal: lowest eigs of H = [0.00543874 0.03926021 0.06180956]
<class 'pyscf.soscf.newton_ah.SecondOrderUHF'> wavefunction is stable in the internal stability analysis

******** <class 'pyscf.cc.uccsd.UCCSD'> ********
CC2 = 0
CCSD nocc = (np.int64(17), np.int64(15)), nmo = (108, 108)
frozen orbitals 10
max_cycle = 100
direct = 0
conv_tol = 1e-07
conv_tol_normt = 1e-06
diis_space = 6
diis_start_cycle = 0
diis_start_energy_diff = 1e+09
max_memory 4000 MB (current use 356 MB)
Init t2, MP2 energy = -0.619523534561015
Init E_corr(UCCSD) = -0.619523534573696
cycle = 1  E_corr(UCCSD) = -0.59958246896647  dE = 0.0199410656  norm(t1,t2) = 0.160029
cycle = 2  E_corr(UCCSD) = -0.632464919826679  dE = -0.0328824509  norm(t1,t2) = 0.0607693
cycle = 3  E_corr(UCCSD) = -0.631469669591319  dE = 0.000995250235  norm(t1,t2) = 0.0539856
cycle = 4  E_corr(UCCSD) = -0.646610741037923  dE = -0.0151410714  norm(t1,t2) = 0.0405786
cycle = 5  E_corr(UCCSD) = -0.649783019066854  dE = -0.00317227803  norm(t1,t2) = 0.0195057
cycle = 6  E_corr(UCCSD) = -0.650477446929903  dE = -0.000694427863  norm(t1,t2) = 0.0130425
cycle = 7  E_corr(UCCSD) = -0.652041755698873  dE = -0.00156430877  norm(t1,t2) = 0.00907
cycle = 8  E_corr(UCCSD) = -0.652797955154739  dE = -0.000756199456  norm(t1,t2) = 0.00624668
cycle = 9  E_corr(UCCSD) = -0.653182691575441  dE = -0.000384736421  norm(t1,t2) = 0.00440278
cycle = 10  E_corr(UCCSD) = -0.653412805660937  dE = -0.000230114085  norm(t1,t2) = 0.00312042
cycle = 11  E_corr(UCCSD) = -0.653534859003816  dE = -0.000122053343  norm(t1,t2) = 0.00219621
cycle = 12  E_corr(UCCSD) = -0.653592320707349  dE = -5.74617035e-05  norm(t1,t2) = 0.00172659
cycle = 13  E_corr(UCCSD) = -0.65368350779822  dE = -9.11870909e-05  norm(t1,t2) = 0.00134051
cycle = 14  E_corr(UCCSD) = -0.653672678663686  dE = 1.08291345e-05  norm(t1,t2) = 0.000969039
cycle = 15  E_corr(UCCSD) = -0.653653745758793  dE = 1.89329049e-05  norm(t1,t2) = 0.000749425
cycle = 16  E_corr(UCCSD) = -0.653637790249161  dE = 1.59555096e-05  norm(t1,t2) = 0.000580337
cycle = 17  E_corr(UCCSD) = -0.653613817939066  dE = 2.39723101e-05  norm(t1,t2) = 0.000477627
cycle = 18  E_corr(UCCSD) = -0.653592293127725  dE = 2.15248113e-05  norm(t1,t2) = 0.000417373
cycle = 19  E_corr(UCCSD) = -0.653573711351098  dE = 1.85817766e-05  norm(t1,t2) = 0.000358828
cycle = 20  E_corr(UCCSD) = -0.653561112921922  dE = 1.25984292e-05  norm(t1,t2) = 0.000319532
cycle = 21  E_corr(UCCSD) = -0.653549958428245  dE = 1.11544937e-05  norm(t1,t2) = 0.000288975
cycle = 22  E_corr(UCCSD) = -0.653541109490976  dE = 8.84893727e-06  norm(t1,t2) = 0.000257254
cycle = 23  E_corr(UCCSD) = -0.653533935213998  dE = 7.17427698e-06  norm(t1,t2) = 0.000229782
cycle = 24  E_corr(UCCSD) = -0.653528750563697  dE = 5.1846503e-06  norm(t1,t2) = 0.00020065
cycle = 25  E_corr(UCCSD) = -0.653525065901262  dE = 3.68466244e-06  norm(t1,t2) = 0.000177728
cycle = 26  E_corr(UCCSD) = -0.653521234870427  dE = 3.83103083e-06  norm(t1,t2) = 0.00015228
cycle = 27  E_corr(UCCSD) = -0.65351992052982  dE = 1.31434061e-06  norm(t1,t2) = 0.000128443
cycle = 28  E_corr(UCCSD) = -0.653518718079096  dE = 1.20245072e-06  norm(t1,t2) = 0.000109893
cycle = 29  E_corr(UCCSD) = -0.653518724278883  dE = -6.19978735e-09  norm(t1,t2) = 9.09566e-05
cycle = 30  E_corr(UCCSD) = -0.653519115182238  dE = -3.90903355e-07  norm(t1,t2) = 7.6425e-05
cycle = 31  E_corr(UCCSD) = -0.653519157407562  dE = -4.22253236e-08  norm(t1,t2) = 6.14728e-05
cycle = 32  E_corr(UCCSD) = -0.653519369450448  dE = -2.12042886e-07  norm(t1,t2) = 4.85729e-05
cycle = 33  E_corr(UCCSD) = -0.65351881939692  dE = 5.50053528e-07  norm(t1,t2) = 4.00038e-05
cycle = 34  E_corr(UCCSD) = -0.653518313770188  dE = 5.05626732e-07  norm(t1,t2) = 3.23699e-05
cycle = 35  E_corr(UCCSD) = -0.653517670608519  dE = 6.43161669e-07  norm(t1,t2) = 2.78161e-05
cycle = 36  E_corr(UCCSD) = -0.653516989862828  dE = 6.80745691e-07  norm(t1,t2) = 2.39036e-05
cycle = 37  E_corr(UCCSD) = -0.653516243111874  dE = 7.46750954e-07  norm(t1,t2) = 2.12692e-05
cycle = 38  E_corr(UCCSD) = -0.653515629453369  dE = 6.13658505e-07  norm(t1,t2) = 1.85354e-05
cycle = 39  E_corr(UCCSD) = -0.653515086992124  dE = 5.42461245e-07  norm(t1,t2) = 1.60036e-05
cycle = 40  E_corr(UCCSD) = -0.653514694200189  dE = 3.92791935e-07  norm(t1,t2) = 1.38686e-05
cycle = 41  E_corr(UCCSD) = -0.653514368881023  dE = 3.25319166e-07  norm(t1,t2) = 1.17752e-05
cycle = 42  E_corr(UCCSD) = -0.653514186855687  dE = 1.82025336e-07  norm(t1,t2) = 9.94475e-06
cycle = 43  E_corr(UCCSD) = -0.653514063511361  dE = 1.23344325e-07  norm(t1,t2) = 8.30669e-06
cycle = 44  E_corr(UCCSD) = -0.653513985963948  dE = 7.75474135e-08  norm(t1,t2) = 7.06319e-06
cycle = 45  E_corr(UCCSD) = -0.653513887085947  dE = 9.88780008e-08  norm(t1,t2) = 5.96946e-06
cycle = 46  E_corr(UCCSD) = -0.653513818850694  dE = 6.82352526e-08  norm(t1,t2) = 4.56321e-06
cycle = 47  E_corr(UCCSD) = -0.653513750516279  dE = 6.83344149e-08  norm(t1,t2) = 3.66166e-06
cycle = 48  E_corr(UCCSD) = -0.653513670984917  dE = 7.95313625e-08  norm(t1,t2) = 2.91946e-06
cycle = 49  E_corr(UCCSD) = -0.653513621483362  dE = 4.95015547e-08  norm(t1,t2) = 2.35201e-06
cycle = 50  E_corr(UCCSD) = -0.653513572096422  dE = 4.93869401e-08  norm(t1,t2) = 1.98401e-06
cycle = 51  E_corr(UCCSD) = -0.653513543138561  dE = 2.89578612e-08  norm(t1,t2) = 1.68009e-06
cycle = 52  E_corr(UCCSD) = -0.653513504623938  dE = 3.8514623e-08  norm(t1,t2) = 1.49383e-06
cycle = 53  E_corr(UCCSD) = -0.653513483971606  dE = 2.06523318e-08  norm(t1,t2) = 1.24856e-06
cycle = 54  E_corr(UCCSD) = -0.653513464827807  dE = 1.91437989e-08  norm(t1,t2) = 1.04818e-06
cycle = 55  E_corr(UCCSD) = -0.653513449157704  dE = 1.5670103e-08  norm(t1,t2) = 8.93495e-07
UCCSD converged
E(UCCSD) = -542.0484029416731  E_corr = -0.653513449157704
UCCSD(T) correction = -0.034676393665195
spin = 2  ccsd(t) energy is: -542.0830793353383
