# Hostname: sharmagroup-rn
# System Type: Linux
# Machine Type: x86_64
# Processor: x86_64
# Hostname: sharmagroup-rn
# System Type: Linux
# Machine Type: x86_64
# Processor: x86_64
# Using GPU.
# System: Linux
# Node Name: sharmagroup-rn
# Release: 6.14.0-33-generic
# Version: #33~24.04.1-Ubuntu SMP PREEMPT_DYNAMIC Fri Sep 19 17:02:30 UTC 2
# Machine: x86_64
# Processor: x86_64
# Hostname: sharmagroup-rn
# System Type: Linux
# Machine Type: x86_64
# Processor: x86_64
# Using GPU.
# System: Linux
# Node Name: sharmagroup-rn
# Release: 6.14.0-33-generic
# Version: #33~24.04.1-Ubuntu SMP PREEMPT_DYNAMIC Fri Sep 19 17:02:30 UTC 2
# Machine: x86_64
# Processor: x86_64
# Number of MPI ranks: 1
#
# norb: 108
# nelec: (16, 16)
#
# n_eql: 1
# n_prop_steps: 1
# n_ene_blocks: 1
# n_sr_blocks: 1
# n_blocks: 1
# n_walkers: 1
# seed: 2
# walker_type: uhf
# trial: uccsd_pt2_ad
# dt: 0.005
# free_projection: False
# use_gpu: True
# n_exp_terms: 6
# orbital_rotation: True
# do_sr: True
# symmetry: False
# save_walkers: False
# ene0: 0.0
# n_batch: 1
# LNO: False
# orbE: 0
# maxError: 0.001
#
# 

# Propagating with 1 walkers
# Equilibration sweeps:
#   Iter  <exp(t1)>  <t2>  <e0>  <e1>  energy  Walltime
      0  0.916092  0.000000  -219.817148   -0.598948   -542.047510  10.61
      1  0.916351  0.001442  -219.886749   -0.937599   -542.047467  20.43
#
# Sampling sweeps:
#  Iter 	 energy 	 error 	 	 Walltime
# Number of outliers in post: 0 
Final Results1:
# h0 = -301.44275032
# <exp(t1)> = 0.916439 +/- 0.000000
# <t2> = 0.004054 +/- 0.000000
# <e0> = -219.920776 +/- 0.000000
# <e1> = -1.551787 +/- 0.000000
# AFQMC/UCCSD_PT2 energy (covariance): -542.047677 +/- nan
# remove outliers:  0
# AFQMC/UCCSD_PT2 energy (direct obs): -542.047668 +/- nan
# total run time: 29.83
