# Hostname: sharmagroup-rn
# System Type: Linux
# Machine Type: x86_64
# Processor: x86_64
# Hostname: sharmagroup-rn
# System Type: Linux
# Machine Type: x86_64
# Processor: x86_64
# Using GPU.
# System: Linux
# Node Name: sharmagroup-rn
# Release: 6.14.0-33-generic
# Version: #33~24.04.1-Ubuntu SMP PREEMPT_DYNAMIC Fri Sep 19 17:02:30 UTC 2
# Machine: x86_64
# Processor: x86_64
# Number of MPI ranks: 1
#
# norb: 108
# nelec: (16, 16)
#
# n_eql: 3
# n_prop_steps: 50
# n_ene_blocks: 5
# n_sr_blocks: 5
# n_blocks: 10
# n_walkers: 1
# seed: 720017
# walker_type: uhf
# trial: uccsd_pt2_ad
# dt: 0.005
# free_projection: False
# use_gpu: True
# n_exp_terms: 6
# orbital_rotation: True
# do_sr: True
# symmetry: False
# save_walkers: False
# ene0: 0.0
# n_batch: 1
# LNO: False
# orbE: 0
# maxError: 0.001
#
# 

# Propagating with 1 walkers
# Equilibration sweeps:
#   Iter  <exp(t1)>  <t2>  <e0>  <e1>  energy  Walltime
      0  0.916092  0.000000  -219.815745   0.006053   -541.385204  7.12
