#INFO: **** input file is /home/sharmagroup/sharmagroup/project/afqmc_ccpt/cu2o2/f0/s0/ccsd.py ****
import numpy as np
from pyscf import gto, scf, cc

norb_frozen = 10
f = 1.
s = 0
# bond lengths
cu_cu = 2.8 + f * 0.8
o_o = 2.3 - f * 0.9

atomString = f'Cu {-cu_cu/2} 0. 0.; Cu {cu_cu/2} 0. 0.; O 0. {o_o/2} 0.; O 0. {-o_o/2} 0.'

mol = gto.M(atom = atomString,
    basis = {'O': gto.basis.parse('''
O    S
 105374.95                   0.459000000E-04             -0.105000000E-04            0.900000000E-05             -0.109000000E-04
  15679.240                  0.360700000E-03             -0.825000000E-04            0.705000000E-04             -0.822000000E-04
   3534.5447                 0.191980000E-02             -0.441200000E-03            0.375700000E-03             -0.467500000E-03
    987.36516                0.820670000E-02             -0.188640000E-02            0.161460000E-02             -0.184650000E-02
    315.97875                0.297257000E-01             -0.695400000E-02            0.593400000E-02             -0.755850000E-02
    111.65428                0.904558000E-01             -0.217208000E-01            0.187866000E-01             -0.210868000E-01
     42.699451               0.217405400E+00             -0.568513000E-01            0.494683000E-01             -0.667511000E-01
     17.395596               0.368765700E+00             -0.113963500E+00            0.103039900E+00             -0.109367300E+00
      7.4383090              0.337279800E+00             -0.162020100E+00            0.162058600E+00             -0.273143100E+00
      3.2228620              0.967505000E-01             -0.333800000E-01            0.936700000E-03             0.209713700E+00
      1.2538770              0.256740000E-02             0.365506800E+00             -0.822425100E+00            0.120348070E+01
       .49515500             0.137460000E-02             0.552003100E+00             -0.101790200E+00            -0.677469400E+00
       .19166500             -0.141000000E-03            0.223639300E+00             0.425393900E+00             -0.142988400E+01
       .06708300             0.683000000E-04             0.657450000E-02             0.687702800E+00             0.148910680E+01
O    P
    200.00000                0.893300000E-03            -0.838400000E-03            0.126180000E-02
     46.533367               0.736900000E-02            -0.684910000E-02            0.111628000E-01
     14.621809               0.349392000E-01            -0.328505000E-01            0.518316000E-01
      5.3130640              0.115298500E+00            -0.110006000E+00            0.197884500E+00
      2.1025250              0.258323100E+00            -0.313526300E+00            0.570765200E+00
       .85022300             0.369623100E+00            -0.319601100E+00            -0.178929100E+00
       .33759700             0.323878900E+00            0.221724300E+00             -0.898207700E+00
       .12889200             0.146798900E+00            0.562261600E+00             0.266664300E+00
       .04511200             0.336127000E-01            0.301325100E+00             0.625899400E+00
O    D
      3.7500000              0.12849340            -0.21820550
      1.3125000              0.52118840            -0.48176950
       .45937500             0.43457840             0.13575950
       .16078100             0.14574090             0.82977340
    '''),
    'Cu': gto.basis.parse('''
Cu    S
     27.6963200              0.2311320              0.0000000              0.0000000              0.0000000              0.0000000              0.0000000
     13.5053500             -0.6568110              0.0000000              0.0000000              0.0000000              0.0000000              0.0000000
      8.8153550             -0.5458750              0.0000000              0.0000000              0.0000000              0.0000000              0.0000000
      2.3808050              0.0000000              1.0000000              0.0000000              0.0000000              0.0000000              0.0000000
      0.9526160              0.0000000              0.0000000              1.0000000              0.0000000              0.0000000              0.0000000
      0.1126620              0.0000000              0.0000000              0.0000000              1.0000000              0.0000000              0.0000000
      0.0404860              0.0000000              0.0000000              0.0000000              0.0000000              1.0000000              0.0000000
      0.0100000              0.0000000              0.0000000              0.0000000              0.0000000              0.0000000              1.0000000
Cu    P
     93.5043270              0.0228290              0.0000000              0.0000000              0.0000000              0.0000000
     16.2854640             -1.0095130              0.0000000              0.0000000              0.0000000              0.0000000
      5.9942360              0.0000000              0.2464500              0.0000000              0.0000000              0.0000000
      2.5368750              0.0000000              0.7920240              0.0000000              0.0000000              0.0000000
      0.8979340              0.0000000              0.0000000              1.0000000              0.0000000              0.0000000
      0.1317290              0.0000000              0.0000000              0.0000000              1.0000000              0.0000000
      0.0308780              0.0000000              0.0000000              0.0000000              0.0000000              1.0000000
Cu    D
     41.2250060              0.0446940              0.0000000              0.0000000
     12.3432500              0.2121060              0.0000000              0.0000000
      4.2019200              0.4534230              0.0000000              0.0000000
      1.3798250              0.5334650              0.0000000              0.0000000
      0.3834530              0.0000000              1.0000000              0.0000000
      0.1000000              0.0000000              0.0000000              1.0000000
    ''')},
    ecp = {'Cu': gto.basis.parse_ecp('''
Cu nelec 10
Cu ul
2       1.000000000            0.000000000
Cu S
2      30.220000000          355.770158000
2      13.190000000           70.865357000
Cu P
2      33.130000000          233.891976000
2      13.220000000           53.947299000
Cu D
2      38.420000000          -31.272165000
2      13.260000000           -2.741104000
    ''')},
    verbose=4, unit='angstrom', symmetry=0, spin=s, charge=2)
# mf = scf.RHF(mol)
# mf.level_shift = 0.5
# mf.kernel()

umf = scf.UHF(mol)
umf.chkfile = 'umf.chk'
umf.init_guess = 'chk'
umf.level_shift = 0.5
umf.kernel()
mo1 = umf.stability(external=True)[0]
umf = umf.newton().run(mo1, umf.mo_occ)
mo1 = umf.stability(external=True)[0]
umf = umf.newton().run(mo1, umf.mo_occ)
mo1 = umf.stability(external=True)[0]
umf = umf.newton().run(mo1, umf.mo_occ)
mo1 = umf.stability(external=True)[0]
umf = umf.newton().run(mo1, umf.mo_occ)
umf.stability()

mycc = cc.CCSD(umf)
mycc.frozen = norb_frozen
mycc.max_cycle = 100
mycc.run()
et = mycc.ccsd_t()
print(f'spin = {s}  ccsd(t) energy is: { mycc.e_tot + et}')

options = {'n_eql': 3,
           'n_prop_steps': 50,
            'n_ene_blocks': 5,
            'n_sr_blocks': 5,
            'n_blocks': 10,
            'n_walkers': 30,
            'seed': 2,
            'walker_type': 'rhf',
            'trial': 'uccsd_pt2_ad', # ccsd_pt,ccsd_pt_ad,ccsd_pt2_ad, ucisd
            'dt':0.005,
            'free_projection':False,
            'ad_mode':None,
            'use_gpu': True,
            }

from ad_afqmc import pyscf_interface
from ad_afqmc.ccsd_pt import sample_uccsd_pt2
pyscf_interface.prep_afqmc(mycc,options,chol_cut=1e-5)
sample_uccsd_pt2.run_afqmc(options)
#INFO: ******************** input file end ********************


System: uname_result(system='Linux', node='sharmagroup-rn', release='6.14.0-33-generic', version='#33~24.04.1-Ubuntu SMP PREEMPT_DYNAMIC Fri Sep 19 17:02:30 UTC 2', machine='x86_64')  Threads 16
Python 3.11.14 (main, Oct 21 2025, 18:31:21) [GCC 11.2.0]
numpy 2.3.1  scipy 1.16.2  h5py 3.14.0
Date: Fri Oct 24 18:40:15 2025
PySCF version 2.11.0
PySCF path  /home/sharmagroup/sharmagroup/pyscf
GIT HEAD (branch master) 3d1768f5e33b144b606c3d2c81c12ee54d794501

[CONFIG] conf_file None
[INPUT] verbose = 4
[INPUT] num. atoms = 4
[INPUT] num. electrons = 52
[INPUT] charge = 2
[INPUT] spin (= nelec alpha-beta = 2S) = 0
[INPUT] symmetry 0 subgroup None
[INPUT] Mole.unit = angstrom
[INPUT] Symbol           X                Y                Z      unit          X                Y                Z       unit  Magmom
[INPUT]  1 Cu    -1.800000000000   0.000000000000   0.000000000000 AA   -3.401507024217   0.000000000000   0.000000000000 Bohr   0.0
[INPUT]  2 Cu     1.800000000000   0.000000000000   0.000000000000 AA    3.401507024217   0.000000000000   0.000000000000 Bohr   0.0
[INPUT]  3 O      0.000000000000   0.700000000000   0.000000000000 AA    0.000000000000   1.322808287196   0.000000000000 Bohr   0.0
[INPUT]  4 O      0.000000000000  -0.700000000000   0.000000000000 AA    0.000000000000  -1.322808287196   0.000000000000 Bohr   0.0

nuclear repulsion = 243.846197781622
number of shells = 12
number of NR pGTOs = 240
number of NR cGTOs = 118
basis = {'O': [[0, [105374.95, 4.59e-05, -1.05e-05, 9e-06, -1.09e-05], [15679.24, 0.0003607, -8.25e-05, 7.05e-05, -8.22e-05], [3534.5447, 0.0019198, -0.0004412, 0.0003757, -0.0004675], [987.36516, 0.0082067, -0.0018864, 0.0016146, -0.0018465], [315.97875, 0.0297257, -0.006954, 0.005934, -0.0075585], [111.65428, 0.0904558, -0.0217208, 0.0187866, -0.0210868], [42.699451, 0.2174054, -0.0568513, 0.0494683, -0.0667511], [17.395596, 0.3687657, -0.1139635, 0.1030399, -0.1093673], [7.438309, 0.3372798, -0.1620201, 0.1620586, -0.2731431], [3.222862, 0.0967505, -0.03338, 0.0009367, 0.2097137], [1.253877, 0.0025674, 0.3655068, -0.8224251, 1.2034807], [0.495155, 0.0013746, 0.5520031, -0.1017902, -0.6774694], [0.191665, -0.000141, 0.2236393, 0.4253939, -1.429884], [0.067083, 6.83e-05, 0.0065745, 0.6877028, 1.4891068]], [1, [200.0, 0.0008933, -0.0008384, 0.0012618], [46.533367, 0.007369, -0.0068491, 0.0111628], [14.621809, 0.0349392, -0.0328505, 0.0518316], [5.313064, 0.1152985, -0.110006, 0.1978845], [2.102525, 0.2583231, -0.3135263, 0.5707652], [0.850223, 0.3696231, -0.3196011, -0.1789291], [0.337597, 0.3238789, 0.2217243, -0.8982077], [0.128892, 0.1467989, 0.5622616, 0.2666643], [0.045112, 0.0336127, 0.3013251, 0.6258994]], [2, [3.75, 0.1284934, -0.2182055], [1.3125, 0.5211884, -0.4817695], [0.459375, 0.4345784, 0.1357595], [0.160781, 0.1457409, 0.8297734]]], 'Cu': [[0, [27.69632, 0.231132, 0.0, 0.0, 0.0, 0.0, 0.0], [13.50535, -0.656811, 0.0, 0.0, 0.0, 0.0, 0.0], [8.815355, -0.545875, 0.0, 0.0, 0.0, 0.0, 0.0], [2.380805, 0.0, 1.0, 0.0, 0.0, 0.0, 0.0], [0.952616, 0.0, 0.0, 1.0, 0.0, 0.0, 0.0], [0.112662, 0.0, 0.0, 0.0, 1.0, 0.0, 0.0], [0.040486, 0.0, 0.0, 0.0, 0.0, 1.0, 0.0], [0.01, 0.0, 0.0, 0.0, 0.0, 0.0, 1.0]], [1, [93.504327, 0.022829, 0.0, 0.0, 0.0, 0.0], [16.285464, -1.009513, 0.0, 0.0, 0.0, 0.0], [5.994236, 0.0, 0.24645, 0.0, 0.0, 0.0], [2.536875, 0.0, 0.792024, 0.0, 0.0, 0.0], [0.897934, 0.0, 0.0, 1.0, 0.0, 0.0], [0.131729, 0.0, 0.0, 0.0, 1.0, 0.0], [0.030878, 0.0, 0.0, 0.0, 0.0, 1.0]], [2, [41.225006, 0.044694, 0.0, 0.0], [12.34325, 0.212106, 0.0, 0.0], [4.20192, 0.453423, 0.0, 0.0], [1.379825, 0.533465, 0.0, 0.0], [0.383453, 0.0, 1.0, 0.0], [0.1, 0.0, 0.0, 1.0]]]}
ecp = {'Cu': [10, [[-1, [[], [], [], [], [], [], []]], [0, [[], [], [[30.22, 355.770158], [13.19, 70.865357]], [], [], [], []]], [1, [[], [], [[33.13, 233.891976], [13.22, 53.947299]], [], [], [], []]], [2, [[], [], [[38.42, -31.272165], [13.26, -2.741104]], [], [], [], []]]]]}
CPU time:         0.25


******** <class 'pyscf.scf.uhf.UHF'> ********
method = UHF
initial guess = chk
damping factor = 0
level_shift factor = 0.5
DIIS = <class 'pyscf.scf.diis.CDIIS'>
diis_start_cycle = 1
diis_space = 8
diis_damp = 0
SCF conv_tol = 1e-09
SCF conv_tol_grad = None
SCF max_cycles = 50
direct_scf = True
direct_scf_tol = 1e-13
chkfile to save SCF result = umf.chk
max_memory 4000 MB (current use 109 MB)
number electrons alpha = 26  beta = 26
Set gradient conv threshold to 3.16228e-05
init E= -541.345890413736
  alpha nocc = 26  HOMO = -0.776345343889689  LUMO = 0.0956527903426886
  beta  nocc = 26  HOMO = -0.776345450724576  LUMO = 0.0956528577850161
cycle= 1 E= -541.345890413741  delta_E= -5.23e-12  |g|= 2.01e-06  |ddm|= 3.45e-06
  alpha nocc = 26  HOMO = -0.776345507556272  LUMO = -0.404347199109177
  beta  nocc = 26  HOMO = -0.77634559660958  LUMO = -0.404347159052963
Extra cycle  E= -541.345890413746  delta_E= -5.46e-12  |g|= 1.75e-06  |ddm|= 2.73e-06
converged SCF energy = -541.345890413746  <S^2> = 0.99849166  2S+1 = 2.2347185
uhf_internal: lowest eigs of H = [0.03254783 0.03306714 0.04798849]
<class 'pyscf.scf.uhf.UHF'> wavefunction is stable in the internal stability analysis
uhf_real2complex: lowest eigs of H = [0.01727974 0.01733895 0.02714284]
<class 'pyscf.scf.uhf.UHF'> wavefunction is stable in the real -> complex stability analysis
uhf_external: lowest eigs of H = [3.75521576e-05 5.79313804e-03 1.96858640e-02]
<class 'pyscf.scf.uhf.UHF'> wavefunction is stable in the UHF/UKS -> GHF/GKS stability analysis




******** <class 'pyscf.soscf.newton_ah.SecondOrderUHF'> ********
method = SecondOrderUHF
initial guess = chk
damping factor = 0
level_shift factor = 0.5
DIIS = <class 'pyscf.scf.diis.CDIIS'>
diis_start_cycle = 1
diis_space = 8
diis_damp = 0
SCF conv_tol = 1e-09
SCF conv_tol_grad = None
SCF max_cycles = 50
direct_scf = True
direct_scf_tol = 1e-13
chkfile to save SCF result = umf.chk
max_memory 4000 MB (current use 349 MB)
number electrons alpha = 26  beta = 26
******** <class 'pyscf.scf.uhf.UHF'> Newton solver flags ********
SCF tol = 1e-09
conv_tol_grad = None
max. SCF cycles = 50
direct_scf = True
direct_scf_tol = 1e-13
chkfile to save SCF result = umf.chk
max_cycle_inner = 12
max_stepsize = 0.05
ah_start_tol = 1e+09
ah_level_shift = 0
ah_conv_tol = 1e-12
ah_lindep = 1e-14
ah_start_cycle = 1
ah_max_cycle = 40
ah_grad_trust_region = 2.5
kf_interval = 4
kf_trust_region = 5
canonicalization = True
max_memory 4000 MB (current use 349 MB)
Set conv_tol_grad to 3.16228e-05
  alpha nocc = 26  HOMO = -0.776345506683353  LUMO = -0.404347195841858
  beta  nocc = 26  HOMO = -0.776345576278721  LUMO = -0.404347153065327
Initial guess E= -541.345890413746  |g|= 1.75438e-06
macro= 0  E= -541.345890413748  delta_E= -1.36424e-12  |g|= 1.75438e-06  1 KF 2 JK
Canonicalize SCF orbitals
macro X = 1  E=-541.345890413748  |g|= 1.75438e-06  total 2 KF 4 JK
converged SCF energy = -541.345890413748  <S^2> = 0.99849167  2S+1 = 2.2347185
uhf_internal: lowest eigs of H = [0.03226562 0.03317574 0.04866549]
<class 'pyscf.soscf.newton_ah.SecondOrderUHF'> wavefunction is stable in the internal stability analysis
uhf_real2complex: lowest eigs of H = [0.01726879 0.01730062 0.02684457]
<class 'pyscf.soscf.newton_ah.SecondOrderUHF'> wavefunction is stable in the real -> complex stability analysis
uhf_external: lowest eigs of H = [0.00013933 0.02902178 0.03141847]
<class 'pyscf.soscf.newton_ah.SecondOrderUHF'> wavefunction is stable in the UHF/UKS -> GHF/GKS stability analysis




******** <class 'pyscf.soscf.newton_ah.SecondOrderUHF'> ********
method = SecondOrderUHF
initial guess = chk
damping factor = 0
level_shift factor = 0.5
DIIS = <class 'pyscf.scf.diis.CDIIS'>
diis_start_cycle = 1
diis_space = 8
diis_damp = 0
SCF conv_tol = 1e-09
SCF conv_tol_grad = None
SCF max_cycles = 50
direct_scf = True
direct_scf_tol = 1e-13
chkfile to save SCF result = umf.chk
max_memory 4000 MB (current use 352 MB)
number electrons alpha = 26  beta = 26
******** <class 'pyscf.scf.uhf.UHF'> Newton solver flags ********
SCF tol = 1e-09
conv_tol_grad = None
max. SCF cycles = 50
direct_scf = True
direct_scf_tol = 1e-13
chkfile to save SCF result = umf.chk
max_cycle_inner = 12
max_stepsize = 0.05
ah_start_tol = 1e+09
ah_level_shift = 0
ah_conv_tol = 1e-12
ah_lindep = 1e-14
ah_start_cycle = 1
ah_max_cycle = 40
ah_grad_trust_region = 2.5
kf_interval = 4
kf_trust_region = 5
canonicalization = True
max_memory 4000 MB (current use 352 MB)
Set conv_tol_grad to 3.16228e-05
  alpha nocc = 26  HOMO = -0.776345538775235  LUMO = -0.40434718621763
  beta  nocc = 26  HOMO = -0.776345594194287  LUMO = -0.40434716262575
Initial guess E= -541.345890413748  |g|= 5.8855e-06
macro= 0  E= -541.345890413749  delta_E= -1.59162e-12  |g|= 5.8855e-06  1 KF 2 JK
Canonicalize SCF orbitals
macro X = 1  E=-541.345890413749  |g|= 5.8855e-06  total 2 KF 4 JK
converged SCF energy = -541.345890413749  <S^2> = 0.99849167  2S+1 = 2.2347185
uhf_internal: lowest eigs of H = [0.03226106 0.03312067 0.04769533]
<class 'pyscf.soscf.newton_ah.SecondOrderUHF'> wavefunction is stable in the internal stability analysis
uhf_real2complex: lowest eigs of H = [0.01805163 0.0292533  0.02932483]
<class 'pyscf.soscf.newton_ah.SecondOrderUHF'> wavefunction is stable in the real -> complex stability analysis
uhf_external: lowest eigs of H = [6.74682695e-05 5.72561898e-03 1.95446238e-02]
<class 'pyscf.soscf.newton_ah.SecondOrderUHF'> wavefunction is stable in the UHF/UKS -> GHF/GKS stability analysis




******** <class 'pyscf.soscf.newton_ah.SecondOrderUHF'> ********
method = SecondOrderUHF
initial guess = chk
damping factor = 0
level_shift factor = 0.5
DIIS = <class 'pyscf.scf.diis.CDIIS'>
diis_start_cycle = 1
diis_space = 8
diis_damp = 0
SCF conv_tol = 1e-09
SCF conv_tol_grad = None
SCF max_cycles = 50
direct_scf = True
direct_scf_tol = 1e-13
chkfile to save SCF result = umf.chk
max_memory 4000 MB (current use 353 MB)
number electrons alpha = 26  beta = 26
******** <class 'pyscf.scf.uhf.UHF'> Newton solver flags ********
SCF tol = 1e-09
conv_tol_grad = None
max. SCF cycles = 50
direct_scf = True
direct_scf_tol = 1e-13
chkfile to save SCF result = umf.chk
max_cycle_inner = 12
max_stepsize = 0.05
ah_start_tol = 1e+09
ah_level_shift = 0
ah_conv_tol = 1e-12
ah_lindep = 1e-14
ah_start_cycle = 1
ah_max_cycle = 40
ah_grad_trust_region = 2.5
kf_interval = 4
kf_trust_region = 5
canonicalization = True
max_memory 4000 MB (current use 353 MB)
Set conv_tol_grad to 3.16228e-05
  alpha nocc = 26  HOMO = -0.776345538228634  LUMO = -0.404347186654928
  beta  nocc = 26  HOMO = -0.776345593443434  LUMO = -0.404347161927561
Initial guess E= -541.345890413749  |g|= 3.26683e-06
macro= 0  E= -541.345890413748  delta_E= 1.13687e-12  |g|= 3.26683e-06  1 KF 2 JK
Canonicalize SCF orbitals
macro X = 1  E=-541.345890413748  |g|= 3.26683e-06  total 2 KF 4 JK
converged SCF energy = -541.345890413748  <S^2> = 0.99849167  2S+1 = 2.2347185
uhf_internal: lowest eigs of H = [0.0324038  0.03307363 0.04918421]
<class 'pyscf.soscf.newton_ah.SecondOrderUHF'> wavefunction is stable in the internal stability analysis
uhf_real2complex: lowest eigs of H = [0.01746884 0.02670914 0.02671784]
<class 'pyscf.soscf.newton_ah.SecondOrderUHF'> wavefunction is stable in the real -> complex stability analysis
uhf_external: lowest eigs of H = [2.45822569e-05 5.76631132e-03 1.93648311e-02]
<class 'pyscf.soscf.newton_ah.SecondOrderUHF'> wavefunction is stable in the UHF/UKS -> GHF/GKS stability analysis




******** <class 'pyscf.soscf.newton_ah.SecondOrderUHF'> ********
method = SecondOrderUHF
initial guess = chk
damping factor = 0
level_shift factor = 0.5
DIIS = <class 'pyscf.scf.diis.CDIIS'>
diis_start_cycle = 1
diis_space = 8
diis_damp = 0
SCF conv_tol = 1e-09
SCF conv_tol_grad = None
SCF max_cycles = 50
direct_scf = True
direct_scf_tol = 1e-13
chkfile to save SCF result = umf.chk
max_memory 4000 MB (current use 354 MB)
number electrons alpha = 26  beta = 26
******** <class 'pyscf.scf.uhf.UHF'> Newton solver flags ********
SCF tol = 1e-09
conv_tol_grad = None
max. SCF cycles = 50
direct_scf = True
direct_scf_tol = 1e-13
chkfile to save SCF result = umf.chk
max_cycle_inner = 12
max_stepsize = 0.05
ah_start_tol = 1e+09
ah_level_shift = 0
ah_conv_tol = 1e-12
ah_lindep = 1e-14
ah_start_cycle = 1
ah_max_cycle = 40
ah_grad_trust_region = 2.5
kf_interval = 4
kf_trust_region = 5
canonicalization = True
max_memory 4000 MB (current use 354 MB)
Set conv_tol_grad to 3.16228e-05
  alpha nocc = 26  HOMO = -0.776345537596355  LUMO = -0.404347187142085
  beta  nocc = 26  HOMO = -0.776345592426841  LUMO = -0.404347161164412
Initial guess E= -541.345890413748  |g|= 3.53823e-06
macro= 0  E= -541.345890413749  delta_E= -1.59162e-12  |g|= 3.53823e-06  1 KF 2 JK
Canonicalize SCF orbitals
macro X = 1  E=-541.345890413749  |g|= 3.53823e-06  total 2 KF 4 JK
converged SCF energy = -541.345890413749  <S^2> = 0.99849167  2S+1 = 2.2347185
uhf_internal: lowest eigs of H = [0.03241086 0.04785043 0.05316584]
<class 'pyscf.soscf.newton_ah.SecondOrderUHF'> wavefunction is stable in the internal stability analysis

******** <class 'pyscf.cc.uccsd.UCCSD'> ********
CC2 = 0
CCSD nocc = (np.int64(16), np.int64(16)), nmo = (108, 108)
frozen orbitals 10
max_cycle = 100
direct = 0
conv_tol = 1e-07
conv_tol_normt = 1e-06
diis_space = 6
diis_start_cycle = 0
diis_start_energy_diff = 1e+09
max_memory 4000 MB (current use 354 MB)
Init t2, MP2 energy = -0.71058230591272
Init E_corr(UCCSD) = -0.710582305915384
cycle = 1  E_corr(UCCSD) = -0.661411853627755  dE = 0.0491704523  norm(t1,t2) = 0.181801
cycle = 2  E_corr(UCCSD) = -0.703135127874505  dE = -0.0417232742  norm(t1,t2) = 0.0726811
cycle = 3  E_corr(UCCSD) = -0.701684201674644  dE = 0.0014509262  norm(t1,t2) = 0.0727299
cycle = 4  E_corr(UCCSD) = -0.722377107349669  dE = -0.0206929057  norm(t1,t2) = 0.0603724
cycle = 5  E_corr(UCCSD) = -0.731977462250781  dE = -0.0096003549  norm(t1,t2) = 0.0339174
cycle = 6  E_corr(UCCSD) = -0.731091222263926  dE = 0.000886239987  norm(t1,t2) = 0.0163419
cycle = 7  E_corr(UCCSD) = -0.732887463176957  dE = -0.00179624091  norm(t1,t2) = 0.009875
cycle = 8  E_corr(UCCSD) = -0.733824968044072  dE = -0.000937504867  norm(t1,t2) = 0.00727638
cycle = 9  E_corr(UCCSD) = -0.734011752483205  dE = -0.000186784439  norm(t1,t2) = 0.00586636
cycle = 10  E_corr(UCCSD) = -0.734204243600997  dE = -0.000192491118  norm(t1,t2) = 0.00421253
cycle = 11  E_corr(UCCSD) = -0.734358869859886  dE = -0.000154626259  norm(t1,t2) = 0.00332312
cycle = 12  E_corr(UCCSD) = -0.734446147938881  dE = -8.7278079e-05  norm(t1,t2) = 0.00271087
cycle = 13  E_corr(UCCSD) = -0.734802425608261  dE = -0.000356277669  norm(t1,t2) = 0.00175721
cycle = 14  E_corr(UCCSD) = -0.734841254742344  dE = -3.88291341e-05  norm(t1,t2) = 0.000934433
cycle = 15  E_corr(UCCSD) = -0.734842692156791  dE = -1.43741445e-06  norm(t1,t2) = 0.000518367
cycle = 16  E_corr(UCCSD) = -0.73481633968086  dE = 2.63524759e-05  norm(t1,t2) = 0.000346182
cycle = 17  E_corr(UCCSD) = -0.734770016355597  dE = 4.63233253e-05  norm(t1,t2) = 0.000220193
cycle = 18  E_corr(UCCSD) = -0.734742784236749  dE = 2.72321188e-05  norm(t1,t2) = 0.000114569
cycle = 19  E_corr(UCCSD) = -0.73474427087058  dE = -1.48663383e-06  norm(t1,t2) = 6.86498e-05
cycle = 20  E_corr(UCCSD) = -0.734738203015922  dE = 6.06785466e-06  norm(t1,t2) = 5.57682e-05
cycle = 21  E_corr(UCCSD) = -0.734740850438223  dE = -2.6474223e-06  norm(t1,t2) = 4.61358e-05
cycle = 22  E_corr(UCCSD) = -0.734745913580689  dE = -5.06314247e-06  norm(t1,t2) = 3.71002e-05
cycle = 23  E_corr(UCCSD) = -0.734748647554644  dE = -2.73397396e-06  norm(t1,t2) = 2.88395e-05
cycle = 24  E_corr(UCCSD) = -0.734752235525397  dE = -3.58797075e-06  norm(t1,t2) = 2.2525e-05
cycle = 25  E_corr(UCCSD) = -0.734752909534327  dE = -6.74008929e-07  norm(t1,t2) = 1.76034e-05
cycle = 26  E_corr(UCCSD) = -0.734750872623864  dE = 2.03691046e-06  norm(t1,t2) = 1.05861e-05
cycle = 27  E_corr(UCCSD) = -0.734751290473585  dE = -4.1784972e-07  norm(t1,t2) = 5.172e-06
cycle = 28  E_corr(UCCSD) = -0.734750460927134  dE = 8.2954645e-07  norm(t1,t2) = 3.67581e-06
cycle = 29  E_corr(UCCSD) = -0.734750352786853  dE = 1.08140281e-07  norm(t1,t2) = 1.67626e-06
cycle = 30  E_corr(UCCSD) = -0.734750406102856  dE = -5.33160023e-08  norm(t1,t2) = 9.20493e-07
UCCSD converged
E(UCCSD) = -542.0806408198523  E_corr = -0.7347504061028557
UCCSD(T) correction = -0.0439743346877757
spin = 0  ccsd(t) energy is: -542.12461515454
#
# Preparing AFQMC calculation
# If you import pyscf cc modules and use MPI for AFQMC in the same script, finalize MPI before calling the AFQMC driver.
# Calculating Cholesky integrals
# Finished calculating Cholesky integrals
#
# Size of the correlation space:
# Number of electrons: (16, 16)
# Number of basis functions: 108
# Number of Cholesky vectors: 670
#
# recovered !!
# Hostname: sharmagroup-rn
# System Type: Linux
# Machine Type: x86_64
# Processor: x86_64
# Hostname: sharmagroup-rn
# System Type: Linux
# Machine Type: x86_64
# Processor: x86_64
# Using GPU.
# System: Linux
# Node Name: sharmagroup-rn
# Release: 6.14.0-33-generic
# Version: #33~24.04.1-Ubuntu SMP PREEMPT_DYNAMIC Fri Sep 19 17:02:30 UTC 2
# Machine: x86_64
# Processor: x86_64
# Number of MPI ranks: 1
#
# norb: 108
# nelec: (16, 16)
#
# n_eql: 3
# n_prop_steps: 50
# n_ene_blocks: 5
# n_sr_blocks: 5
# n_blocks: 10
# n_walkers: 30
# seed: 2
# walker_type: rhf
# trial: uccsd_pt2_ad
# dt: 0.005
# free_projection: False
# use_gpu: True
# n_exp_terms: 6
# orbital_rotation: True
# do_sr: True
# symmetry: False
# save_walkers: False
# ene0: 0.0
# n_batch: 1
# LNO: False
# orbE: 0
# maxError: 0.001
#
# 

# Propagating with 30 walkers
# Equilibration sweeps:
#   Iter  <exp(t1)>  <t2>  <e0>  <e1>  energy  Walltime
      0  -2.364973  0.019473  556.064877   2.747412   -544.190894  18.14
