#INFO: **** input file is /home/sharmagroup/sharmagroup/project/afqmc_ccpt/cu2o2/f0/s8/ccsd.py ****
import numpy as np
from pyscf import gto, scf, cc

norb_frozen = 10
f = 0
s = 8
# bond lengths
cu_cu = 2.8 + f * 0.8
o_o = 2.3 - f * 0.9

atomString = f'Cu {-cu_cu/2} 0. 0.; Cu {cu_cu/2} 0. 0.; O 0. {o_o/2} 0.; O 0. {-o_o/2} 0.'

mol = gto.M(atom = atomString,
    basis = {'O': gto.basis.parse('''
O    S
 105374.95                   0.459000000E-04             -0.105000000E-04            0.900000000E-05             -0.109000000E-04
  15679.240                  0.360700000E-03             -0.825000000E-04            0.705000000E-04             -0.822000000E-04
   3534.5447                 0.191980000E-02             -0.441200000E-03            0.375700000E-03             -0.467500000E-03
    987.36516                0.820670000E-02             -0.188640000E-02            0.161460000E-02             -0.184650000E-02
    315.97875                0.297257000E-01             -0.695400000E-02            0.593400000E-02             -0.755850000E-02
    111.65428                0.904558000E-01             -0.217208000E-01            0.187866000E-01             -0.210868000E-01
     42.699451               0.217405400E+00             -0.568513000E-01            0.494683000E-01             -0.667511000E-01
     17.395596               0.368765700E+00             -0.113963500E+00            0.103039900E+00             -0.109367300E+00
      7.4383090              0.337279800E+00             -0.162020100E+00            0.162058600E+00             -0.273143100E+00
      3.2228620              0.967505000E-01             -0.333800000E-01            0.936700000E-03             0.209713700E+00
      1.2538770              0.256740000E-02             0.365506800E+00             -0.822425100E+00            0.120348070E+01
       .49515500             0.137460000E-02             0.552003100E+00             -0.101790200E+00            -0.677469400E+00
       .19166500             -0.141000000E-03            0.223639300E+00             0.425393900E+00             -0.142988400E+01
       .06708300             0.683000000E-04             0.657450000E-02             0.687702800E+00             0.148910680E+01
O    P
    200.00000                0.893300000E-03            -0.838400000E-03            0.126180000E-02
     46.533367               0.736900000E-02            -0.684910000E-02            0.111628000E-01
     14.621809               0.349392000E-01            -0.328505000E-01            0.518316000E-01
      5.3130640              0.115298500E+00            -0.110006000E+00            0.197884500E+00
      2.1025250              0.258323100E+00            -0.313526300E+00            0.570765200E+00
       .85022300             0.369623100E+00            -0.319601100E+00            -0.178929100E+00
       .33759700             0.323878900E+00            0.221724300E+00             -0.898207700E+00
       .12889200             0.146798900E+00            0.562261600E+00             0.266664300E+00
       .04511200             0.336127000E-01            0.301325100E+00             0.625899400E+00
O    D
      3.7500000              0.12849340            -0.21820550
      1.3125000              0.52118840            -0.48176950
       .45937500             0.43457840             0.13575950
       .16078100             0.14574090             0.82977340
    '''),
    'Cu': gto.basis.parse('''
Cu    S
     27.6963200              0.2311320              0.0000000              0.0000000              0.0000000              0.0000000              0.0000000
     13.5053500             -0.6568110              0.0000000              0.0000000              0.0000000              0.0000000              0.0000000
      8.8153550             -0.5458750              0.0000000              0.0000000              0.0000000              0.0000000              0.0000000
      2.3808050              0.0000000              1.0000000              0.0000000              0.0000000              0.0000000              0.0000000
      0.9526160              0.0000000              0.0000000              1.0000000              0.0000000              0.0000000              0.0000000
      0.1126620              0.0000000              0.0000000              0.0000000              1.0000000              0.0000000              0.0000000
      0.0404860              0.0000000              0.0000000              0.0000000              0.0000000              1.0000000              0.0000000
      0.0100000              0.0000000              0.0000000              0.0000000              0.0000000              0.0000000              1.0000000
Cu    P
     93.5043270              0.0228290              0.0000000              0.0000000              0.0000000              0.0000000
     16.2854640             -1.0095130              0.0000000              0.0000000              0.0000000              0.0000000
      5.9942360              0.0000000              0.2464500              0.0000000              0.0000000              0.0000000
      2.5368750              0.0000000              0.7920240              0.0000000              0.0000000              0.0000000
      0.8979340              0.0000000              0.0000000              1.0000000              0.0000000              0.0000000
      0.1317290              0.0000000              0.0000000              0.0000000              1.0000000              0.0000000
      0.0308780              0.0000000              0.0000000              0.0000000              0.0000000              1.0000000
Cu    D
     41.2250060              0.0446940              0.0000000              0.0000000
     12.3432500              0.2121060              0.0000000              0.0000000
      4.2019200              0.4534230              0.0000000              0.0000000
      1.3798250              0.5334650              0.0000000              0.0000000
      0.3834530              0.0000000              1.0000000              0.0000000
      0.1000000              0.0000000              0.0000000              1.0000000
    ''')},
    ecp = {'Cu': gto.basis.parse_ecp('''
Cu nelec 10
Cu ul
2       1.000000000            0.000000000
Cu S
2      30.220000000          355.770158000
2      13.190000000           70.865357000
Cu P
2      33.130000000          233.891976000
2      13.220000000           53.947299000
Cu D
2      38.420000000          -31.272165000
2      13.260000000           -2.741104000
    ''')},
    verbose=4, unit='angstrom', symmetry=0, spin=s, charge=2)
# mf = scf.RHF(mol)
# mf.level_shift = 0.5
# mf.kernel()

umf = scf.RHF(mol)
umf.chkfile = 'rmf.chk'
# umf.init_guess = 'chk'
umf.level_shift = 0.5
umf.kernel()
mo1 = umf.stability()[0]
umf = umf.newton().run(mo1, umf.mo_occ)
mo1 = umf.stability()[0]
umf = umf.newton().run(mo1, umf.mo_occ)
mo1 = umf.stability()[0]
umf = umf.newton().run(mo1, umf.mo_occ)
mo1 = umf.stability()[0]
umf = umf.newton().run(mo1, umf.mo_occ)
umf.stability()

mycc = cc.CCSD(umf)
mycc.frozen = norb_frozen
mycc.max_cycle = 100
mycc.run()
et = mycc.ccsd_t()
print(f'spin = {s}  ccsd(t) energy is: { mycc.e_tot + et}')

options = {'n_eql': 3,
           'n_prop_steps': 50,
            'n_ene_blocks': 5,
            'n_sr_blocks': 5,
            'n_blocks': 10,
            'n_walkers': 30,
            'seed': 2,
            'walker_type': 'rhf',
            'trial': 'uccsd_pt2_ad', # ccsd_pt,ccsd_pt_ad,ccsd_pt2_ad, ucisd
            'dt':0.005,
            'free_projection':False,
            'ad_mode':None,
            'use_gpu': True,
            }

# from ad_afqmc import pyscf_interface
# from ad_afqmc.ccsd_pt import sample_uccsd_pt2
# pyscf_interface.prep_afqmc(mycc,options,chol_cut=1e-5)
# sample_uccsd_pt2.run_afqmc(options)
#INFO: ******************** input file end ********************


System: uname_result(system='Linux', node='sharmagroup-rn', release='6.14.0-33-generic', version='#33~24.04.1-Ubuntu SMP PREEMPT_DYNAMIC Fri Sep 19 17:02:30 UTC 2', machine='x86_64')  Threads 16
Python 3.11.14 (main, Oct 21 2025, 18:31:21) [GCC 11.2.0]
numpy 2.3.1  scipy 1.16.2  h5py 3.14.0
Date: Mon Oct 27 17:34:11 2025
PySCF version 2.11.0
PySCF path  /home/sharmagroup/sharmagroup/pyscf
GIT HEAD (branch master) 3d1768f5e33b144b606c3d2c81c12ee54d794501

[CONFIG] conf_file None
[INPUT] verbose = 4
[INPUT] num. atoms = 4
[INPUT] num. electrons = 52
[INPUT] charge = 2
[INPUT] spin (= nelec alpha-beta = 2S) = 8
[INPUT] symmetry 0 subgroup None
[INPUT] Mole.unit = angstrom
[INPUT] Symbol           X                Y                Z      unit          X                Y                Z       unit  Magmom
[INPUT]  1 Cu    -1.400000000000   0.000000000000   0.000000000000 AA   -2.645616574391   0.000000000000   0.000000000000 Bohr   0.0
[INPUT]  2 Cu     1.400000000000   0.000000000000   0.000000000000 AA    2.645616574391   0.000000000000   0.000000000000 Bohr   0.0
[INPUT]  3 O      0.000000000000   1.150000000000   0.000000000000 AA    0.000000000000   2.173185043250   0.000000000000 Bohr   0.0
[INPUT]  4 O      0.000000000000  -1.150000000000   0.000000000000 AA    0.000000000000  -2.173185043250   0.000000000000 Bohr   0.0

nuclear repulsion = 260.534383992932
number of shells = 12
number of NR pGTOs = 240
number of NR cGTOs = 118
basis = {'O': [[0, [105374.95, 4.59e-05, -1.05e-05, 9e-06, -1.09e-05], [15679.24, 0.0003607, -8.25e-05, 7.05e-05, -8.22e-05], [3534.5447, 0.0019198, -0.0004412, 0.0003757, -0.0004675], [987.36516, 0.0082067, -0.0018864, 0.0016146, -0.0018465], [315.97875, 0.0297257, -0.006954, 0.005934, -0.0075585], [111.65428, 0.0904558, -0.0217208, 0.0187866, -0.0210868], [42.699451, 0.2174054, -0.0568513, 0.0494683, -0.0667511], [17.395596, 0.3687657, -0.1139635, 0.1030399, -0.1093673], [7.438309, 0.3372798, -0.1620201, 0.1620586, -0.2731431], [3.222862, 0.0967505, -0.03338, 0.0009367, 0.2097137], [1.253877, 0.0025674, 0.3655068, -0.8224251, 1.2034807], [0.495155, 0.0013746, 0.5520031, -0.1017902, -0.6774694], [0.191665, -0.000141, 0.2236393, 0.4253939, -1.429884], [0.067083, 6.83e-05, 0.0065745, 0.6877028, 1.4891068]], [1, [200.0, 0.0008933, -0.0008384, 0.0012618], [46.533367, 0.007369, -0.0068491, 0.0111628], [14.621809, 0.0349392, -0.0328505, 0.0518316], [5.313064, 0.1152985, -0.110006, 0.1978845], [2.102525, 0.2583231, -0.3135263, 0.5707652], [0.850223, 0.3696231, -0.3196011, -0.1789291], [0.337597, 0.3238789, 0.2217243, -0.8982077], [0.128892, 0.1467989, 0.5622616, 0.2666643], [0.045112, 0.0336127, 0.3013251, 0.6258994]], [2, [3.75, 0.1284934, -0.2182055], [1.3125, 0.5211884, -0.4817695], [0.459375, 0.4345784, 0.1357595], [0.160781, 0.1457409, 0.8297734]]], 'Cu': [[0, [27.69632, 0.231132, 0.0, 0.0, 0.0, 0.0, 0.0], [13.50535, -0.656811, 0.0, 0.0, 0.0, 0.0, 0.0], [8.815355, -0.545875, 0.0, 0.0, 0.0, 0.0, 0.0], [2.380805, 0.0, 1.0, 0.0, 0.0, 0.0, 0.0], [0.952616, 0.0, 0.0, 1.0, 0.0, 0.0, 0.0], [0.112662, 0.0, 0.0, 0.0, 1.0, 0.0, 0.0], [0.040486, 0.0, 0.0, 0.0, 0.0, 1.0, 0.0], [0.01, 0.0, 0.0, 0.0, 0.0, 0.0, 1.0]], [1, [93.504327, 0.022829, 0.0, 0.0, 0.0, 0.0], [16.285464, -1.009513, 0.0, 0.0, 0.0, 0.0], [5.994236, 0.0, 0.24645, 0.0, 0.0, 0.0], [2.536875, 0.0, 0.792024, 0.0, 0.0, 0.0], [0.897934, 0.0, 0.0, 1.0, 0.0, 0.0], [0.131729, 0.0, 0.0, 0.0, 1.0, 0.0], [0.030878, 0.0, 0.0, 0.0, 0.0, 1.0]], [2, [41.225006, 0.044694, 0.0, 0.0], [12.34325, 0.212106, 0.0, 0.0], [4.20192, 0.453423, 0.0, 0.0], [1.379825, 0.533465, 0.0, 0.0], [0.383453, 0.0, 1.0, 0.0], [0.1, 0.0, 0.0, 1.0]]]}
ecp = {'Cu': [10, [[-1, [[], [], [], [], [], [], []]], [0, [[], [], [[30.22, 355.770158], [13.19, 70.865357]], [], [], [], []]], [1, [[], [], [[33.13, 233.891976], [13.22, 53.947299]], [], [], [], []]], [2, [[], [], [[38.42, -31.272165], [13.26, -2.741104]], [], [], [], []]]]]}
CPU time:         0.24


******** <class 'pyscf.scf.rohf.ROHF'> ********
method = ROHF
initial guess = minao
damping factor = 0
level_shift factor = 0.5
DIIS = <class 'pyscf.scf.diis.CDIIS'>
diis_start_cycle = 1
diis_space = 8
diis_damp = 0
SCF conv_tol = 1e-09
SCF conv_tol_grad = None
SCF max_cycles = 50
direct_scf = True
direct_scf_tol = 1e-13
chkfile to save SCF result = rmf.chk
max_memory 4000 MB (current use 109 MB)
num. doubly occ = 22  num. singly occ = 8
Set gradient conv threshold to 3.16228e-05
init E= -475.452687119517
  HOMO = 0.305945016619731  LUMO = 0.489462532745751
cycle= 1 E= -540.18435339264  delta_E= -64.7  |g|= 2.89  |ddm|= 3.33
  HOMO = -0.262288552739474  LUMO = 0.135765582531981
cycle= 2 E= -540.467633181382  delta_E= -0.283  |g|= 0.741  |ddm|= 1.48
  HOMO = -0.248643356020728  LUMO = 0.18344689728411
cycle= 3 E= -540.457598912426  delta_E= 0.01  |g|= 1.03  |ddm|=  1.1
  HOMO = -0.231600040895645  LUMO = 0.189829672016573
cycle= 4 E= -540.588951095079  delta_E= -0.131  |g|= 0.311  |ddm|= 0.295
  HOMO = -0.221831307461584  LUMO = 0.193473747232555
cycle= 5 E= -540.618735564447  delta_E= -0.0298  |g|= 0.0726  |ddm|= 0.216
  HOMO = -0.221302107299135  LUMO = 0.194294450292
cycle= 6 E= -540.629398293946  delta_E= -0.0107  |g|= 0.129  |ddm|= 0.186
  HOMO = -0.221533374354436  LUMO = 0.194296707560116
cycle= 7 E= -540.633724111209  delta_E= -0.00433  |g|= 0.178  |ddm|= 0.0859
  HOMO = -0.219724087757327  LUMO = 0.194114716318994
cycle= 8 E= -540.630026934392  delta_E= 0.0037  |g|= 0.195  |ddm|= 0.0458
  HOMO = -0.218979821063349  LUMO = 0.193801086461114
cycle= 9 E= -540.622638677928  delta_E= 0.00739  |g|= 0.208  |ddm|= 0.117
  HOMO = -0.219495664942292  LUMO = 0.194315790904638
cycle= 10 E= -540.620808942958  delta_E= 0.00183  |g|= 0.203  |ddm|= 0.128
  HOMO = -0.216951145501875  LUMO = 0.194126026082189
cycle= 11 E= -540.616142593838  delta_E= 0.00467  |g|= 0.236  |ddm|= 0.097
  HOMO = -0.217748534999286  LUMO = 0.194125790580642
cycle= 12 E= -540.617473047473  delta_E= -0.00133  |g|= 0.232  |ddm|= 0.0637
  HOMO = -0.217690907061918  LUMO = 0.194105279274168
cycle= 13 E= -540.617998323861  delta_E= -0.000525  |g|= 0.237  |ddm|= 0.0386
  HOMO = -0.216826617397863  LUMO = 0.194086010767896
cycle= 14 E= -540.616514638508  delta_E= 0.00148  |g|= 0.251  |ddm|= 0.032
  HOMO = -0.235777832804347  LUMO = 0.194911937123657
cycle= 15 E= -540.649031378835  delta_E= -0.0325  |g|= 0.0731  |ddm|= 0.505
  HOMO = -0.236800311807627  LUMO = 0.195078163750204
cycle= 16 E= -540.659796209085  delta_E= -0.0108  |g|= 0.0937  |ddm|= 0.188
  HOMO = -0.236469960534158  LUMO = 0.195104569300834
cycle= 17 E= -540.662564926334  delta_E= -0.00277  |g|= 0.125  |ddm|= 0.0646
  HOMO = -0.2323890960557  LUMO = 0.195217312042688
cycle= 18 E= -540.657682642846  delta_E= 0.00488  |g|= 0.183  |ddm|= 0.0692
  HOMO = -0.228744188996207  LUMO = 0.195254621751854
cycle= 19 E= -540.650143834316  delta_E= 0.00754  |g|= 0.207  |ddm|= 0.114
  HOMO = -0.231895735004237  LUMO = 0.195483036410077
cycle= 20 E= -540.656204233597  delta_E= -0.00606  |g|= 0.185  |ddm|= 0.0834
  HOMO = -0.220246083527828  LUMO = 0.194970950201017
cycle= 21 E= -540.633397071997  delta_E= 0.0228  |g|= 0.269  |ddm|=  0.3
  HOMO = -0.234316485253803  LUMO = 0.195492489837884
cycle= 22 E= -540.655613996382  delta_E= -0.0222  |g|= 0.155  |ddm|= 0.283
  HOMO = -0.234267938509439  LUMO = 0.195521524637937
cycle= 23 E= -540.660817743478  delta_E= -0.0052  |g|= 0.186  |ddm|= 0.0945
  HOMO = -0.230225159543914  LUMO = 0.195274148490918
cycle= 24 E= -540.653147319865  delta_E= 0.00767  |g|= 0.235  |ddm|= 0.0879
  HOMO = -0.231189762746574  LUMO = 0.195265603028114
cycle= 25 E= -540.653136659573  delta_E= 1.07e-05  |g|= 0.225  |ddm|= 0.017
  HOMO = -0.234259666246183  LUMO = 0.195166169021593
cycle= 26 E= -540.65785169631  delta_E= -0.00472  |g|= 0.179  |ddm|= 0.0722
  HOMO = -0.23393701185339  LUMO = 0.195160097684942
cycle= 27 E= -540.657959700063  delta_E= -0.000108  |g|= 0.184  |ddm|= 0.0174
  HOMO = -0.237496256291751  LUMO = 0.195330638951356
cycle= 28 E= -540.665706694641  delta_E= -0.00775  |g|= 0.179  |ddm|= 0.115
  HOMO = -0.235526268909204  LUMO = 0.195146390658015
cycle= 29 E= -540.664517357096  delta_E= 0.00119  |g|= 0.207  |ddm|= 0.0601
  HOMO = -0.236914179507326  LUMO = 0.19520303122767
cycle= 30 E= -540.666707108755  delta_E= -0.00219  |g|=  0.2  |ddm|= 0.0366
  HOMO = -0.236274239540072  LUMO = 0.195168148209141
cycle= 31 E= -540.666088653824  delta_E= 0.000618  |g|= 0.209  |ddm|= 0.0138
  HOMO = -0.239520015496672  LUMO = 0.19532592046782
cycle= 32 E= -540.671281136066  delta_E= -0.00519  |g|= 0.176  |ddm|= 0.0951
  HOMO = -0.238019582486775  LUMO = 0.195258367675164
cycle= 33 E= -540.669795785547  delta_E= 0.00149  |g|= 0.192  |ddm|= 0.0191
  HOMO = -0.236392683776484  LUMO = 0.195201390089173
cycle= 34 E= -540.66539456423  delta_E= 0.0044  |g|= 0.198  |ddm|= 0.0783
  HOMO = -0.242076840398946  LUMO = 0.195370174152863
cycle= 35 E= -540.677099184226  delta_E= -0.0117  |g|= 0.138  |ddm|= 0.163
  HOMO = -0.252899750523307  LUMO = 0.195751784348448
cycle= 36 E= -540.699814624047  delta_E= -0.0227  |g|= 0.0893  |ddm|= 0.367
  HOMO = -0.262705843918537  LUMO = 0.195871141834052
cycle= 37 E= -540.715135095609  delta_E= -0.0153  |g|= 0.0491  |ddm|= 0.359
  HOMO = -0.264753827997633  LUMO = 0.195948670244886
cycle= 38 E= -540.720387173003  delta_E= -0.00525  |g|= 0.0495  |ddm|= 0.169
  HOMO = -0.263768591048347  LUMO = 0.195711411919374
cycle= 39 E= -540.725740405047  delta_E= -0.00535  |g|= 0.0863  |ddm|= 0.114
  HOMO = -0.258810946463172  LUMO = 0.195840194452692
cycle= 40 E= -540.722080073629  delta_E= 0.00366  |g|= 0.133  |ddm|= 0.102
  HOMO = -0.261114929114022  LUMO = 0.195956267234472
cycle= 41 E= -540.721610192746  delta_E= 0.00047  |g|= 0.115  |ddm|= 0.0569
  HOMO = -0.260295862613261  LUMO = 0.195989559052586
cycle= 42 E= -540.72010540457  delta_E= 0.0015  |g|= 0.126  |ddm|= 0.0534
  HOMO = -0.259182049152501  LUMO = 0.196004027084977
cycle= 43 E= -540.718483761205  delta_E= 0.00162  |g|= 0.125  |ddm|= 0.0552
  HOMO = -0.259049551837176  LUMO = 0.196034385442659
cycle= 44 E= -540.715804178627  delta_E= 0.00268  |g|= 0.13  |ddm|= 0.127
  HOMO = -0.261533711278958  LUMO = 0.196085821911817
cycle= 45 E= -540.717915818146  delta_E= -0.00211  |g|= 0.116  |ddm|= 0.0686
  HOMO = -0.260615135494878  LUMO = 0.196096086287265
cycle= 46 E= -540.717319223457  delta_E= 0.000597  |g|= 0.135  |ddm|= 0.0159
  HOMO = -0.263192965089385  LUMO = 0.196046577463254
cycle= 47 E= -540.719978624806  delta_E= -0.00266  |g|= 0.119  |ddm|= 0.0559
  HOMO = -0.262097202025076  LUMO = 0.195862178293655
cycle= 48 E= -540.719330360565  delta_E= 0.000648  |g|= 0.136  |ddm|= 0.0469
  HOMO = -0.265029141163262  LUMO = 0.195632680397078
cycle= 49 E= -540.725139597307  delta_E= -0.00581  |g|= 0.138  |ddm|= 0.0922
  HOMO = -0.261299766360537  LUMO = 0.195731265555271
cycle= 50 E= -540.721914898839  delta_E= 0.00322  |g|= 0.177  |ddm|= 0.106
SCF not converged.
SCF energy = -540.721914898839
rohf_internal: lowest eigs of H = [-0.59161854 -0.39900301 -0.37822657]
<class 'pyscf.scf.rohf.ROHF'> wavefunction has an internal instability




******** <class 'pyscf.soscf.newton_ah.SecondOrderROHF'> ********
method = SecondOrderROHF
initial guess = minao
damping factor = 0
level_shift factor = 0.5
DIIS = <class 'pyscf.scf.diis.CDIIS'>
diis_start_cycle = 1
diis_space = 8
diis_damp = 0
SCF conv_tol = 1e-09
SCF conv_tol_grad = None
SCF max_cycles = 50
direct_scf = True
direct_scf_tol = 1e-13
chkfile to save SCF result = rmf.chk
max_memory 4000 MB (current use 347 MB)
num. doubly occ = 22  num. singly occ = 8
******** <class 'pyscf.scf.rohf.ROHF'> Newton solver flags ********
SCF tol = 1e-09
conv_tol_grad = None
max. SCF cycles = 50
direct_scf = True
direct_scf_tol = 1e-13
chkfile to save SCF result = rmf.chk
max_cycle_inner = 12
max_stepsize = 0.05
ah_start_tol = 1e+09
ah_level_shift = 0
ah_conv_tol = 1e-12
ah_lindep = 1e-14
ah_start_cycle = 1
ah_max_cycle = 40
ah_grad_trust_region = 2.5
kf_interval = 4
kf_trust_region = 5
canonicalization = True
max_memory 4000 MB (current use 347 MB)
Set conv_tol_grad to 3.16228e-05
  HOMO = -0.504192506123744  LUMO = -0.303077040346108
Initial guess E= -540.869581618829  |g|= 0.232554
macro= 0  E= -540.963782055333  delta_E= -0.0942004  |g|= 0.339856  3 KF 17 JK
macro= 1  E= -540.972135939382  delta_E= -0.00835388  |g|= 0.0300175  3 KF 13 JK
macro= 2  E= -540.972431103306  delta_E= -0.000295164  |g|= 2.52119e-05  6 KF 31 JK
macro= 3  E= -540.972431103306  delta_E= -4.54747e-13  |g|= 7.6795e-06  1 KF 2 JK
Canonicalize SCF orbitals
macro X = 4  E=-540.972431103306  |g|= 7.6795e-06  total 14 KF 68 JK
converged SCF energy = -540.972431103306
rohf_internal: lowest eigs of H = [-0.04680516  0.0254397   0.02676069]
<class 'pyscf.soscf.newton_ah.SecondOrderROHF'> wavefunction has an internal instability




******** <class 'pyscf.soscf.newton_ah.SecondOrderROHF'> ********
method = SecondOrderROHF
initial guess = minao
damping factor = 0
level_shift factor = 0.5
DIIS = <class 'pyscf.scf.diis.CDIIS'>
diis_start_cycle = 1
diis_space = 8
diis_damp = 0
SCF conv_tol = 1e-09
SCF conv_tol_grad = None
SCF max_cycles = 50
direct_scf = True
direct_scf_tol = 1e-13
chkfile to save SCF result = rmf.chk
max_memory 4000 MB (current use 353 MB)
num. doubly occ = 22  num. singly occ = 8
******** <class 'pyscf.scf.rohf.ROHF'> Newton solver flags ********
SCF tol = 1e-09
conv_tol_grad = None
max. SCF cycles = 50
direct_scf = True
direct_scf_tol = 1e-13
chkfile to save SCF result = rmf.chk
max_cycle_inner = 12
max_stepsize = 0.05
ah_start_tol = 1e+09
ah_level_shift = 0
ah_conv_tol = 1e-12
ah_lindep = 1e-14
ah_start_cycle = 1
ah_max_cycle = 40
ah_grad_trust_region = 2.5
kf_interval = 4
kf_trust_region = 5
canonicalization = True
max_memory 4000 MB (current use 353 MB)
Set conv_tol_grad to 3.16228e-05
  HOMO = -0.485604542201493  LUMO = -0.301883520036165
Initial guess E= -540.978448116012  |g|= 0.1135
macro= 0  E= -540.99323693988  delta_E= -0.0147888  |g|= 0.0259502  3 KF 14 JK
macro= 1  E= -540.996239131306  delta_E= -0.00300219  |g|= 0.0221109  3 KF 15 JK
macro= 2  E= -540.996698216504  delta_E= -0.000459085  |g|= 0.00453698  3 KF 25 JK
macro= 3  E= -540.996748631775  delta_E= -5.04153e-05  |g|= 0.00166026  4 KF 26 JK
macro= 4  E= -540.996752438492  delta_E= -3.80672e-06  |g|= 0.000852583  3 KF 18 JK
macro= 5  E= -540.996753046553  delta_E= -6.08061e-07  |g|= 6.07569e-05  4 KF 31 JK
macro= 6  E= -540.996753047419  delta_E= -8.65839e-10  |g|= 3.47225e-05  1 KF 3 JK
macro= 7  E= -540.996753047419  delta_E= 0  |g|= 1.2361e-05  1 KF 2 JK
Canonicalize SCF orbitals
macro X = 8  E=-540.996753047419  |g|= 1.2361e-05  total 23 KF 143 JK
converged SCF energy = -540.996753047419
rohf_internal: lowest eigs of H = [0.006173   0.02778228 0.03148151]
<class 'pyscf.soscf.newton_ah.SecondOrderROHF'> wavefunction is stable in the internal stability analysis




******** <class 'pyscf.soscf.newton_ah.SecondOrderROHF'> ********
method = SecondOrderROHF
initial guess = minao
damping factor = 0
level_shift factor = 0.5
DIIS = <class 'pyscf.scf.diis.CDIIS'>
diis_start_cycle = 1
diis_space = 8
diis_damp = 0
SCF conv_tol = 1e-09
SCF conv_tol_grad = None
SCF max_cycles = 50
direct_scf = True
direct_scf_tol = 1e-13
chkfile to save SCF result = rmf.chk
max_memory 4000 MB (current use 354 MB)
num. doubly occ = 22  num. singly occ = 8
******** <class 'pyscf.scf.rohf.ROHF'> Newton solver flags ********
SCF tol = 1e-09
conv_tol_grad = None
max. SCF cycles = 50
direct_scf = True
direct_scf_tol = 1e-13
chkfile to save SCF result = rmf.chk
max_cycle_inner = 12
max_stepsize = 0.05
ah_start_tol = 1e+09
ah_level_shift = 0
ah_conv_tol = 1e-12
ah_lindep = 1e-14
ah_start_cycle = 1
ah_max_cycle = 40
ah_grad_trust_region = 2.5
kf_interval = 4
kf_trust_region = 5
canonicalization = True
max_memory 4000 MB (current use 354 MB)
Set conv_tol_grad to 3.16228e-05
  HOMO = -0.48637672380073  LUMO = -0.299764419696676
Initial guess E= -540.996753047419  |g|= 1.26132e-05
macro= 0  E= -540.996753049987  delta_E= -2.56773e-09  |g|= 1.26132e-05  1 KF 11 JK
macro= 1  E= -540.996753050124  delta_E= -1.37106e-10  |g|= 1.39019e-05  1 KF 3 JK
Canonicalize SCF orbitals
macro X = 2  E=-540.996753050124  |g|= 1.39019e-05  total 3 KF 17 JK
converged SCF energy = -540.996753050124
rohf_internal: lowest eigs of H = [0.00632641 0.02718032 0.03589571]
<class 'pyscf.soscf.newton_ah.SecondOrderROHF'> wavefunction is stable in the internal stability analysis




******** <class 'pyscf.soscf.newton_ah.SecondOrderROHF'> ********
method = SecondOrderROHF
initial guess = minao
damping factor = 0
level_shift factor = 0.5
DIIS = <class 'pyscf.scf.diis.CDIIS'>
diis_start_cycle = 1
diis_space = 8
diis_damp = 0
SCF conv_tol = 1e-09
SCF conv_tol_grad = None
SCF max_cycles = 50
direct_scf = True
direct_scf_tol = 1e-13
chkfile to save SCF result = rmf.chk
max_memory 4000 MB (current use 356 MB)
num. doubly occ = 22  num. singly occ = 8
******** <class 'pyscf.scf.rohf.ROHF'> Newton solver flags ********
SCF tol = 1e-09
conv_tol_grad = None
max. SCF cycles = 50
direct_scf = True
direct_scf_tol = 1e-13
chkfile to save SCF result = rmf.chk
max_cycle_inner = 12
max_stepsize = 0.05
ah_start_tol = 1e+09
ah_level_shift = 0
ah_conv_tol = 1e-12
ah_lindep = 1e-14
ah_start_cycle = 1
ah_max_cycle = 40
ah_grad_trust_region = 2.5
kf_interval = 4
kf_trust_region = 5
canonicalization = True
max_memory 4000 MB (current use 356 MB)
Set conv_tol_grad to 3.16228e-05
  HOMO = -0.486376864444859  LUMO = -0.299764486767613
Initial guess E= -540.996753050124  |g|= 7.20566e-06
macro= 0  E= -540.996753050928  delta_E= -8.04903e-10  |g|= 7.20566e-06  1 KF 9 JK
Canonicalize SCF orbitals
macro X = 1  E=-540.996753050928  |g|= 7.20566e-06  total 2 KF 11 JK
converged SCF energy = -540.996753050928
rohf_internal: lowest eigs of H = [0.00619432 0.02763559 0.03597134]
<class 'pyscf.soscf.newton_ah.SecondOrderROHF'> wavefunction is stable in the internal stability analysis

WARN: RCCSD method does not support ROHF method. ROHF object is converted to UHF object and UCCSD method is called.


******** <class 'pyscf.cc.uccsd.UCCSD'> ********
CC2 = 0
CCSD nocc = (np.int64(20), np.int64(12)), nmo = (108, 108)
frozen orbitals 10
max_cycle = 100
direct = 0
conv_tol = 1e-07
conv_tol_normt = 1e-06
diis_space = 6
diis_start_cycle = 0
diis_start_energy_diff = 1e+09
max_memory 4000 MB (current use 356 MB)
Init t2, MP2 energy = -0.529770704149853
Init E_corr(UCCSD) = -0.541174550123671
cycle = 1  E_corr(UCCSD) = -0.53600167947104  dE = 0.00517287065  norm(t1,t2) = 0.16717
cycle = 2  E_corr(UCCSD) = -0.570194389126868  dE = -0.0341927097  norm(t1,t2) = 0.0676085
cycle = 3  E_corr(UCCSD) = -0.568644101938368  dE = 0.00155028719  norm(t1,t2) = 0.0737742
cycle = 4  E_corr(UCCSD) = -0.580692265805746  dE = -0.0120481639  norm(t1,t2) = 0.0511064
cycle = 5  E_corr(UCCSD) = -0.587930532019023  dE = -0.00723826621  norm(t1,t2) = 0.0334818
cycle = 6  E_corr(UCCSD) = -0.590778328681215  dE = -0.00284779666  norm(t1,t2) = 0.0213266
cycle = 7  E_corr(UCCSD) = -0.591409167242013  dE = -0.000630838561  norm(t1,t2) = 0.0128481
cycle = 8  E_corr(UCCSD) = -0.59326958931174  dE = -0.00186042207  norm(t1,t2) = 0.00962686
cycle = 9  E_corr(UCCSD) = -0.594924176113483  dE = -0.0016545868  norm(t1,t2) = 0.00706066
cycle = 10  E_corr(UCCSD) = -0.594937052371643  dE = -1.28762582e-05  norm(t1,t2) = 0.00381144
cycle = 11  E_corr(UCCSD) = -0.595371253166514  dE = -0.000434200795  norm(t1,t2) = 0.00266538
cycle = 12  E_corr(UCCSD) = -0.595305938990495  dE = 6.5314176e-05  norm(t1,t2) = 0.00168019
cycle = 13  E_corr(UCCSD) = -0.595444536128246  dE = -0.000138597138  norm(t1,t2) = 0.0013759
cycle = 14  E_corr(UCCSD) = -0.595564396936127  dE = -0.000119860808  norm(t1,t2) = 0.00100585
cycle = 15  E_corr(UCCSD) = -0.595595284019022  dE = -3.08870829e-05  norm(t1,t2) = 0.000804463
cycle = 16  E_corr(UCCSD) = -0.595626293622752  dE = -3.10096037e-05  norm(t1,t2) = 0.000659605
cycle = 17  E_corr(UCCSD) = -0.595608818839882  dE = 1.74747829e-05  norm(t1,t2) = 0.000536925
cycle = 18  E_corr(UCCSD) = -0.59552996734452  dE = 7.88514954e-05  norm(t1,t2) = 0.000315071
cycle = 19  E_corr(UCCSD) = -0.595523804255293  dE = 6.16308923e-06  norm(t1,t2) = 0.000226159
cycle = 20  E_corr(UCCSD) = -0.59550097683242  dE = 2.28274229e-05  norm(t1,t2) = 0.000138025
cycle = 21  E_corr(UCCSD) = -0.59549606182613  dE = 4.91500629e-06  norm(t1,t2) = 0.000108213
cycle = 22  E_corr(UCCSD) = -0.595500325943644  dE = -4.26411751e-06  norm(t1,t2) = 7.2647e-05
cycle = 23  E_corr(UCCSD) = -0.595501987949354  dE = -1.66200571e-06  norm(t1,t2) = 5.75154e-05
cycle = 24  E_corr(UCCSD) = -0.595505965633166  dE = -3.97768381e-06  norm(t1,t2) = 4.33006e-05
cycle = 25  E_corr(UCCSD) = -0.59550760138391  dE = -1.63575074e-06  norm(t1,t2) = 3.42853e-05
cycle = 26  E_corr(UCCSD) = -0.59550554607648  dE = 2.05530743e-06  norm(t1,t2) = 2.04712e-05
cycle = 27  E_corr(UCCSD) = -0.595505747160017  dE = -2.01083537e-07  norm(t1,t2) = 1.4369e-05
cycle = 28  E_corr(UCCSD) = -0.595504876451884  dE = 8.70708133e-07  norm(t1,t2) = 1.12174e-05
cycle = 29  E_corr(UCCSD) = -0.595504108215883  dE = 7.68236e-07  norm(t1,t2) = 1.00568e-05
cycle = 30  E_corr(UCCSD) = -0.595503828030451  dE = 2.80185432e-07  norm(t1,t2) = 9.00265e-06
cycle = 31  E_corr(UCCSD) = -0.5955035768709  dE = 2.51159551e-07  norm(t1,t2) = 8.38075e-06
cycle = 32  E_corr(UCCSD) = -0.595503522911398  dE = 5.39595021e-08  norm(t1,t2) = 7.93187e-06
cycle = 33  E_corr(UCCSD) = -0.595503512567112  dE = 1.03442868e-08  norm(t1,t2) = 7.73265e-06
cycle = 34  E_corr(UCCSD) = -0.595503490675173  dE = 2.18919385e-08  norm(t1,t2) = 7.62375e-06
cycle = 35  E_corr(UCCSD) = -0.595503477266373  dE = 1.34088004e-08  norm(t1,t2) = 7.57409e-06
cycle = 36  E_corr(UCCSD) = -0.595503535272721  dE = -5.80063486e-08  norm(t1,t2) = 7.5277e-06
cycle = 37  E_corr(UCCSD) = -0.595503573672082  dE = -3.83993605e-08  norm(t1,t2) = 7.48038e-06
cycle = 38  E_corr(UCCSD) = -0.595503662417368  dE = -8.87452858e-08  norm(t1,t2) = 7.43015e-06
cycle = 39  E_corr(UCCSD) = -0.595503751931837  dE = -8.95144697e-08  norm(t1,t2) = 7.38832e-06
cycle = 40  E_corr(UCCSD) = -0.59550380334757  dE = -5.14157327e-08  norm(t1,t2) = 7.35004e-06
cycle = 41  E_corr(UCCSD) = -0.59550384465953  dE = -4.131196e-08  norm(t1,t2) = 7.30991e-06
cycle = 42  E_corr(UCCSD) = -0.59550386988808  dE = -2.52285501e-08  norm(t1,t2) = 7.23175e-06
cycle = 43  E_corr(UCCSD) = -0.595503788584169  dE = 8.13039109e-08  norm(t1,t2) = 7.14775e-06
cycle = 44  E_corr(UCCSD) = -0.595503672211349  dE = 1.1637282e-07  norm(t1,t2) = 6.97723e-06
cycle = 45  E_corr(UCCSD) = -0.595503499524325  dE = 1.72687024e-07  norm(t1,t2) = 6.76777e-06
cycle = 46  E_corr(UCCSD) = -0.595503291231766  dE = 2.08292559e-07  norm(t1,t2) = 6.48667e-06
cycle = 47  E_corr(UCCSD) = -0.595503147444086  dE = 1.43787681e-07  norm(t1,t2) = 6.21293e-06
cycle = 48  E_corr(UCCSD) = -0.595503037385495  dE = 1.10058591e-07  norm(t1,t2) = 5.85329e-06
cycle = 49  E_corr(UCCSD) = -0.595503145678018  dE = -1.08292523e-07  norm(t1,t2) = 5.32511e-06
cycle = 50  E_corr(UCCSD) = -0.595503150464625  dE = -4.78660678e-09  norm(t1,t2) = 4.60981e-06
cycle = 51  E_corr(UCCSD) = -0.595503348348944  dE = -1.9788432e-07  norm(t1,t2) = 4.42675e-06
cycle = 52  E_corr(UCCSD) = -0.595503553625056  dE = -2.05276112e-07  norm(t1,t2) = 3.81535e-06
cycle = 53  E_corr(UCCSD) = -0.595503678297242  dE = -1.24672187e-07  norm(t1,t2) = 3.05851e-06
cycle = 54  E_corr(UCCSD) = -0.595503746577259  dE = -6.8280017e-08  norm(t1,t2) = 2.40326e-06
cycle = 55  E_corr(UCCSD) = -0.595503849603595  dE = -1.03026335e-07  norm(t1,t2) = 1.95309e-06
cycle = 56  E_corr(UCCSD) = -0.595503969948909  dE = -1.20345314e-07  norm(t1,t2) = 1.54173e-06
cycle = 57  E_corr(UCCSD) = -0.595504020633108  dE = -5.06841989e-08  norm(t1,t2) = 1.17476e-06
cycle = 58  E_corr(UCCSD) = -0.595504025375475  dE = -4.74236739e-09  norm(t1,t2) = 9.93995e-07
UCCSD converged
E(UCCSD) = -541.5922570763039  E_corr = -0.5955040253754751
UCCSD(T) correction = -0.0342300564609725
spin = 8  ccsd(t) energy is: -541.6264871327649
