#INFO: **** input file is /home/sharmagroup/sharmagroup/project/afqmc_ccpt/cu2o2/f0/s0/ccsd.py ****
import numpy as np
from pyscf import gto, scf, cc

norb_frozen = 10
f = 0
s = 0
# bond lengths
cu_cu = 2.8 + f * 0.8
o_o = 2.3 - f * 0.9

atomString = f'Cu {-cu_cu/2} 0. 0.; Cu {cu_cu/2} 0. 0.; O 0. {o_o/2} 0.; O 0. {-o_o/2} 0.'

mol = gto.M(atom = atomString,
    basis = {'O': gto.basis.parse('''
O    S
 105374.95                   0.459000000E-04             -0.105000000E-04            0.900000000E-05             -0.109000000E-04
  15679.240                  0.360700000E-03             -0.825000000E-04            0.705000000E-04             -0.822000000E-04
   3534.5447                 0.191980000E-02             -0.441200000E-03            0.375700000E-03             -0.467500000E-03
    987.36516                0.820670000E-02             -0.188640000E-02            0.161460000E-02             -0.184650000E-02
    315.97875                0.297257000E-01             -0.695400000E-02            0.593400000E-02             -0.755850000E-02
    111.65428                0.904558000E-01             -0.217208000E-01            0.187866000E-01             -0.210868000E-01
     42.699451               0.217405400E+00             -0.568513000E-01            0.494683000E-01             -0.667511000E-01
     17.395596               0.368765700E+00             -0.113963500E+00            0.103039900E+00             -0.109367300E+00
      7.4383090              0.337279800E+00             -0.162020100E+00            0.162058600E+00             -0.273143100E+00
      3.2228620              0.967505000E-01             -0.333800000E-01            0.936700000E-03             0.209713700E+00
      1.2538770              0.256740000E-02             0.365506800E+00             -0.822425100E+00            0.120348070E+01
       .49515500             0.137460000E-02             0.552003100E+00             -0.101790200E+00            -0.677469400E+00
       .19166500             -0.141000000E-03            0.223639300E+00             0.425393900E+00             -0.142988400E+01
       .06708300             0.683000000E-04             0.657450000E-02             0.687702800E+00             0.148910680E+01
O    P
    200.00000                0.893300000E-03            -0.838400000E-03            0.126180000E-02
     46.533367               0.736900000E-02            -0.684910000E-02            0.111628000E-01
     14.621809               0.349392000E-01            -0.328505000E-01            0.518316000E-01
      5.3130640              0.115298500E+00            -0.110006000E+00            0.197884500E+00
      2.1025250              0.258323100E+00            -0.313526300E+00            0.570765200E+00
       .85022300             0.369623100E+00            -0.319601100E+00            -0.178929100E+00
       .33759700             0.323878900E+00            0.221724300E+00             -0.898207700E+00
       .12889200             0.146798900E+00            0.562261600E+00             0.266664300E+00
       .04511200             0.336127000E-01            0.301325100E+00             0.625899400E+00
O    D
      3.7500000              0.12849340            -0.21820550
      1.3125000              0.52118840            -0.48176950
       .45937500             0.43457840             0.13575950
       .16078100             0.14574090             0.82977340
    '''),
    'Cu': gto.basis.parse('''
Cu    S
     27.6963200              0.2311320              0.0000000              0.0000000              0.0000000              0.0000000              0.0000000
     13.5053500             -0.6568110              0.0000000              0.0000000              0.0000000              0.0000000              0.0000000
      8.8153550             -0.5458750              0.0000000              0.0000000              0.0000000              0.0000000              0.0000000
      2.3808050              0.0000000              1.0000000              0.0000000              0.0000000              0.0000000              0.0000000
      0.9526160              0.0000000              0.0000000              1.0000000              0.0000000              0.0000000              0.0000000
      0.1126620              0.0000000              0.0000000              0.0000000              1.0000000              0.0000000              0.0000000
      0.0404860              0.0000000              0.0000000              0.0000000              0.0000000              1.0000000              0.0000000
      0.0100000              0.0000000              0.0000000              0.0000000              0.0000000              0.0000000              1.0000000
Cu    P
     93.5043270              0.0228290              0.0000000              0.0000000              0.0000000              0.0000000
     16.2854640             -1.0095130              0.0000000              0.0000000              0.0000000              0.0000000
      5.9942360              0.0000000              0.2464500              0.0000000              0.0000000              0.0000000
      2.5368750              0.0000000              0.7920240              0.0000000              0.0000000              0.0000000
      0.8979340              0.0000000              0.0000000              1.0000000              0.0000000              0.0000000
      0.1317290              0.0000000              0.0000000              0.0000000              1.0000000              0.0000000
      0.0308780              0.0000000              0.0000000              0.0000000              0.0000000              1.0000000
Cu    D
     41.2250060              0.0446940              0.0000000              0.0000000
     12.3432500              0.2121060              0.0000000              0.0000000
      4.2019200              0.4534230              0.0000000              0.0000000
      1.3798250              0.5334650              0.0000000              0.0000000
      0.3834530              0.0000000              1.0000000              0.0000000
      0.1000000              0.0000000              0.0000000              1.0000000
    ''')},
    ecp = {'Cu': gto.basis.parse_ecp('''
Cu nelec 10
Cu ul
2       1.000000000            0.000000000
Cu S
2      30.220000000          355.770158000
2      13.190000000           70.865357000
Cu P
2      33.130000000          233.891976000
2      13.220000000           53.947299000
Cu D
2      38.420000000          -31.272165000
2      13.260000000           -2.741104000
    ''')},
    verbose=4, unit='angstrom', symmetry=0, spin=s, charge=2)
# mf = scf.RHF(mol)
# mf.level_shift = 0.5
# mf.kernel()

umf = scf.RHF(mol)
umf.chkfile = 'rmf.chk'
umf.init_guess = 'chk'
umf.level_shift = 0.5
umf.kernel()
mo1 = umf.stability(external=True)[0]
umf = umf.newton().run(mo1, umf.mo_occ)
mo1 = umf.stability(external=True)[0]
umf = umf.newton().run(mo1, umf.mo_occ)
mo1 = umf.stability(external=True)[0]
umf = umf.newton().run(mo1, umf.mo_occ)
mo1 = umf.stability(external=True)[0]
umf = umf.newton().run(mo1, umf.mo_occ)
umf.stability()

mycc = cc.CCSD(umf)
mycc.frozen = norb_frozen
mycc.max_cycle = 100
mycc.run()
et = mycc.ccsd_t()
print(f'spin = {s}  ccsd(t) energy is: { mycc.e_tot + et}')

options = {'n_eql': 3,
           'n_prop_steps': 50,
            'n_ene_blocks': 5,
            'n_sr_blocks': 5,
            'n_blocks': 10,
            'n_walkers': 30,
            'seed': 2,
            'walker_type': 'rhf',
            'trial': 'uccsd_pt2_ad', # ccsd_pt,ccsd_pt_ad,ccsd_pt2_ad, ucisd
            'dt':0.005,
            'free_projection':False,
            'ad_mode':None,
            'use_gpu': True,
            }

# from ad_afqmc import pyscf_interface
# from ad_afqmc.ccsd_pt import sample_uccsd_pt2
# pyscf_interface.prep_afqmc(mycc,options,chol_cut=1e-5)
# sample_uccsd_pt2.run_afqmc(options)
#INFO: ******************** input file end ********************


System: uname_result(system='Linux', node='sharmagroup-rn', release='6.14.0-33-generic', version='#33~24.04.1-Ubuntu SMP PREEMPT_DYNAMIC Fri Sep 19 17:02:30 UTC 2', machine='x86_64')  Threads 16
Python 3.11.14 (main, Oct 21 2025, 18:31:21) [GCC 11.2.0]
numpy 2.3.1  scipy 1.16.2  h5py 3.14.0
Date: Mon Oct 27 17:15:12 2025
PySCF version 2.11.0
PySCF path  /home/sharmagroup/sharmagroup/pyscf
GIT HEAD (branch master) 3d1768f5e33b144b606c3d2c81c12ee54d794501

[CONFIG] conf_file None
[INPUT] verbose = 4
[INPUT] num. atoms = 4
[INPUT] num. electrons = 52
[INPUT] charge = 2
[INPUT] spin (= nelec alpha-beta = 2S) = 0
[INPUT] symmetry 0 subgroup None
[INPUT] Mole.unit = angstrom
[INPUT] Symbol           X                Y                Z      unit          X                Y                Z       unit  Magmom
[INPUT]  1 Cu    -1.400000000000   0.000000000000   0.000000000000 AA   -2.645616574391   0.000000000000   0.000000000000 Bohr   0.0
[INPUT]  2 Cu     1.400000000000   0.000000000000   0.000000000000 AA    2.645616574391   0.000000000000   0.000000000000 Bohr   0.0
[INPUT]  3 O      0.000000000000   1.150000000000   0.000000000000 AA    0.000000000000   2.173185043250   0.000000000000 Bohr   0.0
[INPUT]  4 O      0.000000000000  -1.150000000000   0.000000000000 AA    0.000000000000  -2.173185043250   0.000000000000 Bohr   0.0

nuclear repulsion = 260.534383992932
number of shells = 12
number of NR pGTOs = 240
number of NR cGTOs = 118
basis = {'O': [[0, [105374.95, 4.59e-05, -1.05e-05, 9e-06, -1.09e-05], [15679.24, 0.0003607, -8.25e-05, 7.05e-05, -8.22e-05], [3534.5447, 0.0019198, -0.0004412, 0.0003757, -0.0004675], [987.36516, 0.0082067, -0.0018864, 0.0016146, -0.0018465], [315.97875, 0.0297257, -0.006954, 0.005934, -0.0075585], [111.65428, 0.0904558, -0.0217208, 0.0187866, -0.0210868], [42.699451, 0.2174054, -0.0568513, 0.0494683, -0.0667511], [17.395596, 0.3687657, -0.1139635, 0.1030399, -0.1093673], [7.438309, 0.3372798, -0.1620201, 0.1620586, -0.2731431], [3.222862, 0.0967505, -0.03338, 0.0009367, 0.2097137], [1.253877, 0.0025674, 0.3655068, -0.8224251, 1.2034807], [0.495155, 0.0013746, 0.5520031, -0.1017902, -0.6774694], [0.191665, -0.000141, 0.2236393, 0.4253939, -1.429884], [0.067083, 6.83e-05, 0.0065745, 0.6877028, 1.4891068]], [1, [200.0, 0.0008933, -0.0008384, 0.0012618], [46.533367, 0.007369, -0.0068491, 0.0111628], [14.621809, 0.0349392, -0.0328505, 0.0518316], [5.313064, 0.1152985, -0.110006, 0.1978845], [2.102525, 0.2583231, -0.3135263, 0.5707652], [0.850223, 0.3696231, -0.3196011, -0.1789291], [0.337597, 0.3238789, 0.2217243, -0.8982077], [0.128892, 0.1467989, 0.5622616, 0.2666643], [0.045112, 0.0336127, 0.3013251, 0.6258994]], [2, [3.75, 0.1284934, -0.2182055], [1.3125, 0.5211884, -0.4817695], [0.459375, 0.4345784, 0.1357595], [0.160781, 0.1457409, 0.8297734]]], 'Cu': [[0, [27.69632, 0.231132, 0.0, 0.0, 0.0, 0.0, 0.0], [13.50535, -0.656811, 0.0, 0.0, 0.0, 0.0, 0.0], [8.815355, -0.545875, 0.0, 0.0, 0.0, 0.0, 0.0], [2.380805, 0.0, 1.0, 0.0, 0.0, 0.0, 0.0], [0.952616, 0.0, 0.0, 1.0, 0.0, 0.0, 0.0], [0.112662, 0.0, 0.0, 0.0, 1.0, 0.0, 0.0], [0.040486, 0.0, 0.0, 0.0, 0.0, 1.0, 0.0], [0.01, 0.0, 0.0, 0.0, 0.0, 0.0, 1.0]], [1, [93.504327, 0.022829, 0.0, 0.0, 0.0, 0.0], [16.285464, -1.009513, 0.0, 0.0, 0.0, 0.0], [5.994236, 0.0, 0.24645, 0.0, 0.0, 0.0], [2.536875, 0.0, 0.792024, 0.0, 0.0, 0.0], [0.897934, 0.0, 0.0, 1.0, 0.0, 0.0], [0.131729, 0.0, 0.0, 0.0, 1.0, 0.0], [0.030878, 0.0, 0.0, 0.0, 0.0, 1.0]], [2, [41.225006, 0.044694, 0.0, 0.0], [12.34325, 0.212106, 0.0, 0.0], [4.20192, 0.453423, 0.0, 0.0], [1.379825, 0.533465, 0.0, 0.0], [0.383453, 0.0, 1.0, 0.0], [0.1, 0.0, 0.0, 1.0]]]}
ecp = {'Cu': [10, [[-1, [[], [], [], [], [], [], []]], [0, [[], [], [[30.22, 355.770158], [13.19, 70.865357]], [], [], [], []]], [1, [[], [], [[33.13, 233.891976], [13.22, 53.947299]], [], [], [], []]], [2, [[], [], [[38.42, -31.272165], [13.26, -2.741104]], [], [], [], []]]]]}
CPU time:         0.24


******** <class 'pyscf.scf.hf.RHF'> ********
method = RHF
initial guess = chk
damping factor = 0
level_shift factor = 0.5
DIIS = <class 'pyscf.scf.diis.CDIIS'>
diis_start_cycle = 1
diis_space = 8
diis_damp = 0
SCF conv_tol = 1e-09
SCF conv_tol_grad = None
SCF max_cycles = 50
direct_scf = True
direct_scf_tol = 1e-13
chkfile to save SCF result = rmf.chk
max_memory 4000 MB (current use 108 MB)
Set gradient conv threshold to 3.16228e-05

WARN: Fail in reading rmf.chk. Use MINAO initial guess

Initial guess from minao.
init E= -475.452687119517
  HOMO = -0.338301889050263  LUMO = -0.295999321507294
cycle= 1 E= -540.78437228199  delta_E= -65.3  |g|= 2.79  |ddm|= 4.06
  HOMO = -1.01861939803443  LUMO = -0.178744745466478
cycle= 2 E= -540.985284560422  delta_E= -0.201  |g|= 0.39  |ddm|= 0.596
  HOMO = -0.954973096250442  LUMO = -0.093507962280403
cycle= 3 E= -541.019419348205  delta_E= -0.0341  |g|= 0.201  |ddm|= 0.326
  HOMO = -0.958307831832182  LUMO = -0.0779568242805403
cycle= 4 E= -541.035770261332  delta_E= -0.0164  |g|= 0.174  |ddm|= 0.209
  HOMO = -0.953957974534782  LUMO = -0.0641438568171599
cycle= 5 E= -541.048462909563  delta_E= -0.0127  |g|= 0.0962  |ddm|= 0.205
  HOMO = -0.943954966603251  LUMO = -0.0495242237109868
cycle= 6 E= -541.055711726616  delta_E= -0.00725  |g|= 0.0539  |ddm|= 0.18
  HOMO = -0.947359133878167  LUMO = -0.0469846699369537
cycle= 7 E= -541.059240201528  delta_E= -0.00353  |g|= 0.0453  |ddm|= 0.143
  HOMO = -0.947821938393875  LUMO = -0.0457993488246657
cycle= 8 E= -541.060568030747  delta_E= -0.00133  |g|= 0.0301  |ddm|= 0.0876
  HOMO = -0.948525623342897  LUMO = -0.0453851180859017
cycle= 9 E= -541.061000241147  delta_E= -0.000432  |g|= 0.0272  |ddm|= 0.0563
  HOMO = -0.94898303578765  LUMO = -0.0452766630003984
cycle= 10 E= -541.061159078957  delta_E= -0.000159  |g|= 0.0163  |ddm|= 0.029
  HOMO = -0.949509884317926  LUMO = -0.0453123001268187
cycle= 11 E= -541.061211542969  delta_E= -5.25e-05  |g|= 0.009  |ddm|= 0.0167
  HOMO = -0.949427102961985  LUMO = -0.0451072273789177
cycle= 12 E= -541.061227279051  delta_E= -1.57e-05  |g|= 0.00466  |ddm|= 0.00863
  HOMO = -0.949573793317172  LUMO = -0.0451393383857271
cycle= 13 E= -541.061231972338  delta_E= -4.69e-06  |g|= 0.00279  |ddm|= 0.00519
  HOMO = -0.94960557073831  LUMO = -0.0450832625554438
cycle= 14 E= -541.061233553908  delta_E= -1.58e-06  |g|= 0.00154  |ddm|= 0.00295
  HOMO = -0.949643682878654  LUMO = -0.0450579093172053
cycle= 15 E= -541.061234058384  delta_E= -5.04e-07  |g|= 0.000868  |ddm|= 0.00181
  HOMO = -0.949641208100362  LUMO = -0.0450504682645296
cycle= 16 E= -541.061234201875  delta_E= -1.43e-07  |g|= 0.000479  |ddm|= 0.000945
  HOMO = -0.949644008256733  LUMO = -0.0450493423143495
cycle= 17 E= -541.061234242695  delta_E= -4.08e-08  |g|= 0.000268  |ddm|= 0.000522
  HOMO = -0.94963494932995  LUMO = -0.0450526510054024
cycle= 18 E= -541.061234253329  delta_E= -1.06e-08  |g|= 0.000131  |ddm|= 0.000228
  HOMO = -0.949631174993897  LUMO = -0.0450552446561835
cycle= 19 E= -541.061234255768  delta_E= -2.44e-09  |g|= 6.21e-05  |ddm|= 9.73e-05
  HOMO = -0.949629436902726  LUMO = -0.0450560272089019
cycle= 20 E= -541.061234256314  delta_E= -5.46e-10  |g|= 2.56e-05  |ddm|= 4.07e-05
  HOMO = -0.949630184082474  LUMO = -0.545055420043297
Extra cycle  E= -541.061234256196  delta_E= 1.17e-10  |g|= 4.68e-05  |ddm|= 4.46e-05
converged SCF energy = -541.061234256196
rhf_internal: lowest eigs of H = [-0.09763342  0.00906066  0.20901277]
<class 'pyscf.scf.hf.RHF'> wavefunction has an internal instability
rhf_real2complex: lowest eigs of H = [-0.03663429  0.02108656  0.02940367]
<class 'pyscf.scf.hf.RHF'> wavefunction has an real -> complex instability
rhf_external: lowest eigs of H = [-0.31723379 -0.29396629 -0.16322387]
<class 'pyscf.scf.hf.RHF'> wavefunction has an RHF/RKS -> UHF/UKS instability




******** <class 'pyscf.soscf.newton_ah.SecondOrderRHF'> ********
method = SecondOrderRHF
initial guess = chk
damping factor = 0
level_shift factor = 0.5
DIIS = <class 'pyscf.scf.diis.CDIIS'>
diis_start_cycle = 1
diis_space = 8
diis_damp = 0
SCF conv_tol = 1e-09
SCF conv_tol_grad = None
SCF max_cycles = 50
direct_scf = True
direct_scf_tol = 1e-13
chkfile to save SCF result = rmf.chk
max_memory 4000 MB (current use 344 MB)
******** <class 'pyscf.scf.hf.RHF'> Newton solver flags ********
SCF tol = 1e-09
conv_tol_grad = None
max. SCF cycles = 50
direct_scf = True
direct_scf_tol = 1e-13
chkfile to save SCF result = rmf.chk
max_cycle_inner = 12
max_stepsize = 0.05
ah_start_tol = 1e+09
ah_level_shift = 0
ah_conv_tol = 1e-12
ah_lindep = 1e-14
ah_start_cycle = 1
ah_max_cycle = 40
ah_grad_trust_region = 2.5
kf_interval = 4
kf_trust_region = 5
canonicalization = True
max_memory 4000 MB (current use 344 MB)
Set conv_tol_grad to 3.16228e-05
  HOMO = -0.92067576739843  LUMO = -0.504532733526917
Initial guess E= -540.963334139484  |g|= 0.520898
macro= 0  E= -541.067037833245  delta_E= -0.103704  |g|= 0.0553975  3 KF 15 JK
macro= 1  E= -541.06833541116  delta_E= -0.00129758  |g|= 0.00109975  4 KF 19 JK
macro= 2  E= -541.068335744272  delta_E= -3.33112e-07  |g|= 6.60277e-05  2 KF 14 JK
macro= 3  E= -541.068335744272  delta_E= 4.54747e-13  |g|= 1.01642e-05  1 KF 2 JK
Canonicalize SCF orbitals
macro X = 4  E=-541.068335744272  |g|= 1.01642e-05  total 11 KF 55 JK
converged SCF energy = -541.068335744272
rhf_internal: lowest eigs of H = [0.08933756 0.11597322 0.12567585]
<class 'pyscf.soscf.newton_ah.SecondOrderRHF'> wavefunction is stable in the internal stability analysis
rhf_real2complex: lowest eigs of H = [-0.02198422 -0.01556505 -0.01447151]
<class 'pyscf.soscf.newton_ah.SecondOrderRHF'> wavefunction has an real -> complex instability
rhf_external: lowest eigs of H = [-0.36459527 -0.33045551 -0.07964359]
<class 'pyscf.soscf.newton_ah.SecondOrderRHF'> wavefunction has an RHF/RKS -> UHF/UKS instability




******** <class 'pyscf.soscf.newton_ah.SecondOrderRHF'> ********
method = SecondOrderRHF
initial guess = chk
damping factor = 0
level_shift factor = 0.5
DIIS = <class 'pyscf.scf.diis.CDIIS'>
diis_start_cycle = 1
diis_space = 8
diis_damp = 0
SCF conv_tol = 1e-09
SCF conv_tol_grad = None
SCF max_cycles = 50
direct_scf = True
direct_scf_tol = 1e-13
chkfile to save SCF result = rmf.chk
max_memory 4000 MB (current use 348 MB)
******** <class 'pyscf.scf.hf.RHF'> Newton solver flags ********
SCF tol = 1e-09
conv_tol_grad = None
max. SCF cycles = 50
direct_scf = True
direct_scf_tol = 1e-13
chkfile to save SCF result = rmf.chk
max_cycle_inner = 12
max_stepsize = 0.05
ah_start_tol = 1e+09
ah_level_shift = 0
ah_conv_tol = 1e-12
ah_lindep = 1e-14
ah_start_cycle = 1
ah_max_cycle = 40
ah_grad_trust_region = 2.5
kf_interval = 4
kf_trust_region = 5
canonicalization = True
max_memory 4000 MB (current use 348 MB)
Set conv_tol_grad to 3.16228e-05
  HOMO = -0.95432951728685  LUMO = -0.535424454682846
Initial guess E= -541.068335744272  |g|= 1.01713e-05
macro= 0  E= -541.068335744315  delta_E= -4.36557e-11  |g|= 1.01713e-05  1 KF 3 JK
Canonicalize SCF orbitals
macro X = 1  E=-541.068335744315  |g|= 1.01713e-05  total 2 KF 5 JK
converged SCF energy = -541.068335744315
rhf_internal: lowest eigs of H = [0.08929486 0.11545353 0.12533543]
<class 'pyscf.soscf.newton_ah.SecondOrderRHF'> wavefunction is stable in the internal stability analysis
rhf_real2complex: lowest eigs of H = [-0.0219662  -0.01552405 -0.01446453]
<class 'pyscf.soscf.newton_ah.SecondOrderRHF'> wavefunction has an real -> complex instability
rhf_external: lowest eigs of H = [-0.36459795 -0.33045387 -0.08023687]
<class 'pyscf.soscf.newton_ah.SecondOrderRHF'> wavefunction has an RHF/RKS -> UHF/UKS instability




******** <class 'pyscf.soscf.newton_ah.SecondOrderRHF'> ********
method = SecondOrderRHF
initial guess = chk
damping factor = 0
level_shift factor = 0.5
DIIS = <class 'pyscf.scf.diis.CDIIS'>
diis_start_cycle = 1
diis_space = 8
diis_damp = 0
SCF conv_tol = 1e-09
SCF conv_tol_grad = None
SCF max_cycles = 50
direct_scf = True
direct_scf_tol = 1e-13
chkfile to save SCF result = rmf.chk
max_memory 4000 MB (current use 349 MB)
******** <class 'pyscf.scf.hf.RHF'> Newton solver flags ********
SCF tol = 1e-09
conv_tol_grad = None
max. SCF cycles = 50
direct_scf = True
direct_scf_tol = 1e-13
chkfile to save SCF result = rmf.chk
max_cycle_inner = 12
max_stepsize = 0.05
ah_start_tol = 1e+09
ah_level_shift = 0
ah_conv_tol = 1e-12
ah_lindep = 1e-14
ah_start_cycle = 1
ah_max_cycle = 40
ah_grad_trust_region = 2.5
kf_interval = 4
kf_trust_region = 5
canonicalization = True
max_memory 4000 MB (current use 349 MB)
Set conv_tol_grad to 3.16228e-05
  HOMO = -0.954330436684081  LUMO = -0.535425265401593
Initial guess E= -541.068335744315  |g|= 8.99375e-06
macro= 0  E= -541.068335744317  delta_E= -2.27374e-12  |g|= 8.99375e-06  1 KF 2 JK
Canonicalize SCF orbitals
macro X = 1  E=-541.068335744317  |g|= 8.99375e-06  total 2 KF 4 JK
converged SCF energy = -541.068335744317
rhf_internal: lowest eigs of H = [0.08938214 0.11543468 0.12532373]
<class 'pyscf.soscf.newton_ah.SecondOrderRHF'> wavefunction is stable in the internal stability analysis
rhf_real2complex: lowest eigs of H = [-0.02198406 -0.01554362 -0.0144697 ]
<class 'pyscf.soscf.newton_ah.SecondOrderRHF'> wavefunction has an real -> complex instability
rhf_external: lowest eigs of H = [-0.36459745 -0.33045647 -0.08010653]
<class 'pyscf.soscf.newton_ah.SecondOrderRHF'> wavefunction has an RHF/RKS -> UHF/UKS instability




******** <class 'pyscf.soscf.newton_ah.SecondOrderRHF'> ********
method = SecondOrderRHF
initial guess = chk
damping factor = 0
level_shift factor = 0.5
DIIS = <class 'pyscf.scf.diis.CDIIS'>
diis_start_cycle = 1
diis_space = 8
diis_damp = 0
SCF conv_tol = 1e-09
SCF conv_tol_grad = None
SCF max_cycles = 50
direct_scf = True
direct_scf_tol = 1e-13
chkfile to save SCF result = rmf.chk
max_memory 4000 MB (current use 350 MB)
******** <class 'pyscf.scf.hf.RHF'> Newton solver flags ********
SCF tol = 1e-09
conv_tol_grad = None
max. SCF cycles = 50
direct_scf = True
direct_scf_tol = 1e-13
chkfile to save SCF result = rmf.chk
max_cycle_inner = 12
max_stepsize = 0.05
ah_start_tol = 1e+09
ah_level_shift = 0
ah_conv_tol = 1e-12
ah_lindep = 1e-14
ah_start_cycle = 1
ah_max_cycle = 40
ah_grad_trust_region = 2.5
kf_interval = 4
kf_trust_region = 5
canonicalization = True
max_memory 4000 MB (current use 350 MB)
Set conv_tol_grad to 3.16228e-05
  HOMO = -0.954330411565424  LUMO = -0.53542524091443
Initial guess E= -541.068335744317  |g|= 7.31754e-06
macro= 0  E= -541.068335744317  delta_E= 2.27374e-13  |g|= 7.31754e-06  1 KF 2 JK
Canonicalize SCF orbitals
macro X = 1  E=-541.068335744317  |g|= 7.31754e-06  total 2 KF 4 JK
converged SCF energy = -541.068335744317
rhf_internal: lowest eigs of H = [0.08931537 0.11544609 0.12747228]
<class 'pyscf.soscf.newton_ah.SecondOrderRHF'> wavefunction is stable in the internal stability analysis

******** <class 'pyscf.cc.ccsd.CCSD'> ********
CC2 = 0
CCSD nocc = 16, nmo = 108
frozen orbitals 10
max_cycle = 100
direct = 0
conv_tol = 1e-07
conv_tol_normt = 1e-05
diis_space = 6
diis_start_cycle = 0
diis_start_energy_diff = 1e+09
max_memory 4000 MB (current use 350 MB)
Init t2, MP2 energy = -542.079919224993  E_corr(MP2) -1.01158348067623
Init E_corr(CCSD) = -1.0115834806835
cycle = 1  E_corr(CCSD) = -0.783091357967785  dE = 0.228492123  norm(t1,t2) = 0.257319
cycle = 2  E_corr(CCSD) = -0.972545052060983  dE = -0.189453694  norm(t1,t2) = 0.19348
cycle = 3  E_corr(CCSD) = -0.914640954202382  dE = 0.0579040979  norm(t1,t2) = 0.15369
cycle = 4  E_corr(CCSD) = -0.917761813057225  dE = -0.00312085885  norm(t1,t2) = 0.0353493
cycle = 5  E_corr(CCSD) = -0.930431462861657  dE = -0.0126696498  norm(t1,t2) = 0.0220639
cycle = 6  E_corr(CCSD) = -0.932747538422589  dE = -0.00231607556  norm(t1,t2) = 0.0149934
cycle = 7  E_corr(CCSD) = -0.931208911545152  dE = 0.00153862688  norm(t1,t2) = 0.0107871
cycle = 8  E_corr(CCSD) = -0.931662207165565  dE = -0.00045329562  norm(t1,t2) = 0.00834395
cycle = 9  E_corr(CCSD) = -0.932637121692423  dE = -0.000974914527  norm(t1,t2) = 0.00616901
cycle = 10  E_corr(CCSD) = -0.932248540753159  dE = 0.000388580939  norm(t1,t2) = 0.00478536
cycle = 11  E_corr(CCSD) = -0.932404459559605  dE = -0.000155918806  norm(t1,t2) = 0.00344329
cycle = 12  E_corr(CCSD) = -0.932822074114283  dE = -0.000417614555  norm(t1,t2) = 0.00266558
cycle = 13  E_corr(CCSD) = -0.932701041135642  dE = 0.000121032979  norm(t1,t2) = 0.00213619
cycle = 14  E_corr(CCSD) = -0.932837420063802  dE = -0.000136378928  norm(t1,t2) = 0.00130845
cycle = 15  E_corr(CCSD) = -0.932847923183686  dE = -1.05031199e-05  norm(t1,t2) = 0.000912174
cycle = 16  E_corr(CCSD) = -0.932747283457449  dE = 0.000100639726  norm(t1,t2) = 0.000815838
cycle = 17  E_corr(CCSD) = -0.932811978752736  dE = -6.46952953e-05  norm(t1,t2) = 0.000600589
cycle = 18  E_corr(CCSD) = -0.932814649678617  dE = -2.67092588e-06  norm(t1,t2) = 0.000472795
cycle = 19  E_corr(CCSD) = -0.932806220938584  dE = 8.42874003e-06  norm(t1,t2) = 0.000342749
cycle = 20  E_corr(CCSD) = -0.932856139021879  dE = -4.99180833e-05  norm(t1,t2) = 0.000213442
cycle = 21  E_corr(CCSD) = -0.932858821397009  dE = -2.68237513e-06  norm(t1,t2) = 0.00013554
cycle = 22  E_corr(CCSD) = -0.932865352123775  dE = -6.53072677e-06  norm(t1,t2) = 0.000103429
cycle = 23  E_corr(CCSD) = -0.932877935970901  dE = -1.25838471e-05  norm(t1,t2) = 8.27659e-05
cycle = 24  E_corr(CCSD) = -0.932863758095496  dE = 1.41778754e-05  norm(t1,t2) = 6.37834e-05
cycle = 25  E_corr(CCSD) = -0.932863827706514  dE = -6.96110179e-08  norm(t1,t2) = 4.86159e-05
cycle = 26  E_corr(CCSD) = -0.932863185614715  dE = 6.42091799e-07  norm(t1,t2) = 3.46027e-05
cycle = 27  E_corr(CCSD) = -0.932858944544466  dE = 4.24107025e-06  norm(t1,t2) = 2.51789e-05
cycle = 28  E_corr(CCSD) = -0.932860125233859  dE = -1.18068939e-06  norm(t1,t2) = 1.38433e-05
cycle = 29  E_corr(CCSD) = -0.93286042761197  dE = -3.02378111e-07  norm(t1,t2) = 8.15381e-06
cycle = 30  E_corr(CCSD) = -0.932859829615494  dE = 5.97996476e-07  norm(t1,t2) = 5.96732e-06
cycle = 31  E_corr(CCSD) = -0.932860419939971  dE = -5.90324478e-07  norm(t1,t2) = 3.78941e-06
cycle = 32  E_corr(CCSD) = -0.932860377217941  dE = 4.27220308e-08  norm(t1,t2) = 2.46917e-06
CCSD converged
E(CCSD) = -542.0011961215347  E_corr = -0.9328603772179407
CCSD(T) correction = -0.0867137833824952
spin = 0  ccsd(t) energy is: -542.0879099049172
