#INFO: **** input file is /home/sharmagroup/sharmagroup/project/afqmc_ccpt/cu2o2/f0/s0/ccsd.py ****
import numpy as np
from pyscf import gto, scf, cc

norb_frozen = 10
f = 0
s = 0
# bond lengths
cu_cu = 2.8 + f * 0.8
o_o = 2.3 - f * 0.9

atomString = f'Cu {-cu_cu/2} 0. 0.; Cu {cu_cu/2} 0. 0.; O 0. {o_o/2} 0.; O 0. {-o_o/2} 0.'

mol = gto.M(atom = atomString,
    basis = {'O': gto.basis.parse('''
O    S
 105374.95                   0.459000000E-04             -0.105000000E-04            0.900000000E-05             -0.109000000E-04
  15679.240                  0.360700000E-03             -0.825000000E-04            0.705000000E-04             -0.822000000E-04
   3534.5447                 0.191980000E-02             -0.441200000E-03            0.375700000E-03             -0.467500000E-03
    987.36516                0.820670000E-02             -0.188640000E-02            0.161460000E-02             -0.184650000E-02
    315.97875                0.297257000E-01             -0.695400000E-02            0.593400000E-02             -0.755850000E-02
    111.65428                0.904558000E-01             -0.217208000E-01            0.187866000E-01             -0.210868000E-01
     42.699451               0.217405400E+00             -0.568513000E-01            0.494683000E-01             -0.667511000E-01
     17.395596               0.368765700E+00             -0.113963500E+00            0.103039900E+00             -0.109367300E+00
      7.4383090              0.337279800E+00             -0.162020100E+00            0.162058600E+00             -0.273143100E+00
      3.2228620              0.967505000E-01             -0.333800000E-01            0.936700000E-03             0.209713700E+00
      1.2538770              0.256740000E-02             0.365506800E+00             -0.822425100E+00            0.120348070E+01
       .49515500             0.137460000E-02             0.552003100E+00             -0.101790200E+00            -0.677469400E+00
       .19166500             -0.141000000E-03            0.223639300E+00             0.425393900E+00             -0.142988400E+01
       .06708300             0.683000000E-04             0.657450000E-02             0.687702800E+00             0.148910680E+01
O    P
    200.00000                0.893300000E-03            -0.838400000E-03            0.126180000E-02
     46.533367               0.736900000E-02            -0.684910000E-02            0.111628000E-01
     14.621809               0.349392000E-01            -0.328505000E-01            0.518316000E-01
      5.3130640              0.115298500E+00            -0.110006000E+00            0.197884500E+00
      2.1025250              0.258323100E+00            -0.313526300E+00            0.570765200E+00
       .85022300             0.369623100E+00            -0.319601100E+00            -0.178929100E+00
       .33759700             0.323878900E+00            0.221724300E+00             -0.898207700E+00
       .12889200             0.146798900E+00            0.562261600E+00             0.266664300E+00
       .04511200             0.336127000E-01            0.301325100E+00             0.625899400E+00
O    D
      3.7500000              0.12849340            -0.21820550
      1.3125000              0.52118840            -0.48176950
       .45937500             0.43457840             0.13575950
       .16078100             0.14574090             0.82977340
    '''),
    'Cu': gto.basis.parse('''
Cu    S
     27.6963200              0.2311320              0.0000000              0.0000000              0.0000000              0.0000000              0.0000000
     13.5053500             -0.6568110              0.0000000              0.0000000              0.0000000              0.0000000              0.0000000
      8.8153550             -0.5458750              0.0000000              0.0000000              0.0000000              0.0000000              0.0000000
      2.3808050              0.0000000              1.0000000              0.0000000              0.0000000              0.0000000              0.0000000
      0.9526160              0.0000000              0.0000000              1.0000000              0.0000000              0.0000000              0.0000000
      0.1126620              0.0000000              0.0000000              0.0000000              1.0000000              0.0000000              0.0000000
      0.0404860              0.0000000              0.0000000              0.0000000              0.0000000              1.0000000              0.0000000
      0.0100000              0.0000000              0.0000000              0.0000000              0.0000000              0.0000000              1.0000000
Cu    P
     93.5043270              0.0228290              0.0000000              0.0000000              0.0000000              0.0000000
     16.2854640             -1.0095130              0.0000000              0.0000000              0.0000000              0.0000000
      5.9942360              0.0000000              0.2464500              0.0000000              0.0000000              0.0000000
      2.5368750              0.0000000              0.7920240              0.0000000              0.0000000              0.0000000
      0.8979340              0.0000000              0.0000000              1.0000000              0.0000000              0.0000000
      0.1317290              0.0000000              0.0000000              0.0000000              1.0000000              0.0000000
      0.0308780              0.0000000              0.0000000              0.0000000              0.0000000              1.0000000
Cu    D
     41.2250060              0.0446940              0.0000000              0.0000000
     12.3432500              0.2121060              0.0000000              0.0000000
      4.2019200              0.4534230              0.0000000              0.0000000
      1.3798250              0.5334650              0.0000000              0.0000000
      0.3834530              0.0000000              1.0000000              0.0000000
      0.1000000              0.0000000              0.0000000              1.0000000
    ''')},
    ecp = {'Cu': gto.basis.parse_ecp('''
Cu nelec 10
Cu ul
2       1.000000000            0.000000000
Cu S
2      30.220000000          355.770158000
2      13.190000000           70.865357000
Cu P
2      33.130000000          233.891976000
2      13.220000000           53.947299000
Cu D
2      38.420000000          -31.272165000
2      13.260000000           -2.741104000
    ''')},
    verbose=4, unit='angstrom', symmetry=0, spin=s, charge=2)
# mf = scf.RHF(mol)
# mf.level_shift = 0.5
# mf.kernel()

umf = scf.UHF(mol)
umf.chkfile = 'umf.chk'
umf.init_guess = 'chk'
umf.level_shift = 0.5
umf.kernel()
mo1 = umf.stability(external=True)[0]
umf = umf.newton().run(mo1, umf.mo_occ)
mo1 = umf.stability(external=True)[0]
umf = umf.newton().run(mo1, umf.mo_occ)
mo1 = umf.stability(external=True)[0]
umf = umf.newton().run(mo1, umf.mo_occ)
mo1 = umf.stability(external=True)[0]
umf = umf.newton().run(mo1, umf.mo_occ)
umf.stability()

mycc = cc.CCSD(umf)
mycc.frozen = norb_frozen
mycc.max_cycle = 100
mycc.run()
et = mycc.ccsd_t()
print(f'spin = {s}  ccsd(t) energy is: { mycc.e_tot + et}')

options = {'n_eql': 3,
           'n_prop_steps': 50,
            'n_ene_blocks': 5,
            'n_sr_blocks': 5,
            'n_blocks': 10,
            'n_walkers': 30,
            'seed': 2,
            'walker_type': 'rhf',
            'trial': 'uccsd_pt2_ad', # ccsd_pt,ccsd_pt_ad,ccsd_pt2_ad, ucisd
            'dt':0.005,
            'free_projection':False,
            'ad_mode':None,
            'use_gpu': True,
            }

# from ad_afqmc import pyscf_interface
# from ad_afqmc.ccsd_pt import sample_uccsd_pt2
# pyscf_interface.prep_afqmc(mycc,options,chol_cut=1e-5)
# sample_uccsd_pt2.run_afqmc(options)
#INFO: ******************** input file end ********************


System: uname_result(system='Linux', node='sharmagroup-rn', release='6.14.0-33-generic', version='#33~24.04.1-Ubuntu SMP PREEMPT_DYNAMIC Fri Sep 19 17:02:30 UTC 2', machine='x86_64')  Threads 16
Python 3.11.14 (main, Oct 21 2025, 18:31:21) [GCC 11.2.0]
numpy 2.3.1  scipy 1.16.2  h5py 3.14.0
Date: Mon Oct 27 17:46:32 2025
PySCF version 2.11.0
PySCF path  /home/sharmagroup/sharmagroup/pyscf
GIT HEAD (branch master) 3d1768f5e33b144b606c3d2c81c12ee54d794501

[CONFIG] conf_file None
[INPUT] verbose = 4
[INPUT] num. atoms = 4
[INPUT] num. electrons = 52
[INPUT] charge = 2
[INPUT] spin (= nelec alpha-beta = 2S) = 0
[INPUT] symmetry 0 subgroup None
[INPUT] Mole.unit = angstrom
[INPUT] Symbol           X                Y                Z      unit          X                Y                Z       unit  Magmom
[INPUT]  1 Cu    -1.400000000000   0.000000000000   0.000000000000 AA   -2.645616574391   0.000000000000   0.000000000000 Bohr   0.0
[INPUT]  2 Cu     1.400000000000   0.000000000000   0.000000000000 AA    2.645616574391   0.000000000000   0.000000000000 Bohr   0.0
[INPUT]  3 O      0.000000000000   1.150000000000   0.000000000000 AA    0.000000000000   2.173185043250   0.000000000000 Bohr   0.0
[INPUT]  4 O      0.000000000000  -1.150000000000   0.000000000000 AA    0.000000000000  -2.173185043250   0.000000000000 Bohr   0.0

nuclear repulsion = 260.534383992932
number of shells = 12
number of NR pGTOs = 240
number of NR cGTOs = 118
basis = {'O': [[0, [105374.95, 4.59e-05, -1.05e-05, 9e-06, -1.09e-05], [15679.24, 0.0003607, -8.25e-05, 7.05e-05, -8.22e-05], [3534.5447, 0.0019198, -0.0004412, 0.0003757, -0.0004675], [987.36516, 0.0082067, -0.0018864, 0.0016146, -0.0018465], [315.97875, 0.0297257, -0.006954, 0.005934, -0.0075585], [111.65428, 0.0904558, -0.0217208, 0.0187866, -0.0210868], [42.699451, 0.2174054, -0.0568513, 0.0494683, -0.0667511], [17.395596, 0.3687657, -0.1139635, 0.1030399, -0.1093673], [7.438309, 0.3372798, -0.1620201, 0.1620586, -0.2731431], [3.222862, 0.0967505, -0.03338, 0.0009367, 0.2097137], [1.253877, 0.0025674, 0.3655068, -0.8224251, 1.2034807], [0.495155, 0.0013746, 0.5520031, -0.1017902, -0.6774694], [0.191665, -0.000141, 0.2236393, 0.4253939, -1.429884], [0.067083, 6.83e-05, 0.0065745, 0.6877028, 1.4891068]], [1, [200.0, 0.0008933, -0.0008384, 0.0012618], [46.533367, 0.007369, -0.0068491, 0.0111628], [14.621809, 0.0349392, -0.0328505, 0.0518316], [5.313064, 0.1152985, -0.110006, 0.1978845], [2.102525, 0.2583231, -0.3135263, 0.5707652], [0.850223, 0.3696231, -0.3196011, -0.1789291], [0.337597, 0.3238789, 0.2217243, -0.8982077], [0.128892, 0.1467989, 0.5622616, 0.2666643], [0.045112, 0.0336127, 0.3013251, 0.6258994]], [2, [3.75, 0.1284934, -0.2182055], [1.3125, 0.5211884, -0.4817695], [0.459375, 0.4345784, 0.1357595], [0.160781, 0.1457409, 0.8297734]]], 'Cu': [[0, [27.69632, 0.231132, 0.0, 0.0, 0.0, 0.0, 0.0], [13.50535, -0.656811, 0.0, 0.0, 0.0, 0.0, 0.0], [8.815355, -0.545875, 0.0, 0.0, 0.0, 0.0, 0.0], [2.380805, 0.0, 1.0, 0.0, 0.0, 0.0, 0.0], [0.952616, 0.0, 0.0, 1.0, 0.0, 0.0, 0.0], [0.112662, 0.0, 0.0, 0.0, 1.0, 0.0, 0.0], [0.040486, 0.0, 0.0, 0.0, 0.0, 1.0, 0.0], [0.01, 0.0, 0.0, 0.0, 0.0, 0.0, 1.0]], [1, [93.504327, 0.022829, 0.0, 0.0, 0.0, 0.0], [16.285464, -1.009513, 0.0, 0.0, 0.0, 0.0], [5.994236, 0.0, 0.24645, 0.0, 0.0, 0.0], [2.536875, 0.0, 0.792024, 0.0, 0.0, 0.0], [0.897934, 0.0, 0.0, 1.0, 0.0, 0.0], [0.131729, 0.0, 0.0, 0.0, 1.0, 0.0], [0.030878, 0.0, 0.0, 0.0, 0.0, 1.0]], [2, [41.225006, 0.044694, 0.0, 0.0], [12.34325, 0.212106, 0.0, 0.0], [4.20192, 0.453423, 0.0, 0.0], [1.379825, 0.533465, 0.0, 0.0], [0.383453, 0.0, 1.0, 0.0], [0.1, 0.0, 0.0, 1.0]]]}
ecp = {'Cu': [10, [[-1, [[], [], [], [], [], [], []]], [0, [[], [], [[30.22, 355.770158], [13.19, 70.865357]], [], [], [], []]], [1, [[], [], [[33.13, 233.891976], [13.22, 53.947299]], [], [], [], []]], [2, [[], [], [[38.42, -31.272165], [13.26, -2.741104]], [], [], [], []]]]]}
CPU time:         0.25


******** <class 'pyscf.scf.uhf.UHF'> ********
method = UHF
initial guess = chk
damping factor = 0
level_shift factor = 0.5
DIIS = <class 'pyscf.scf.diis.CDIIS'>
diis_start_cycle = 1
diis_space = 8
diis_damp = 0
SCF conv_tol = 1e-09
SCF conv_tol_grad = None
SCF max_cycles = 50
direct_scf = True
direct_scf_tol = 1e-13
chkfile to save SCF result = umf.chk
max_memory 4000 MB (current use 108 MB)
number electrons alpha = 26  beta = 26
Set gradient conv threshold to 3.16228e-05
init E= -541.393165372942
  alpha nocc = 26  HOMO = -0.905880237876941  LUMO = 0.101257980457518
  beta  nocc = 26  HOMO = -0.905880039571978  LUMO = 0.101257983163166
cycle= 1 E= -541.393165372948  delta_E= -6.37e-12  |g|= 2.03e-06  |ddm|= 2.22e-06
  alpha nocc = 26  HOMO = -0.905880214889865  LUMO = -0.398742019764638
  beta  nocc = 26  HOMO = -0.905880019230998  LUMO = -0.398742011887658
Extra cycle  E= -541.393165372956  delta_E= -7.73e-12  |g|= 1.89e-06  |ddm|= 3.52e-06
converged SCF energy = -541.393165372956  <S^2> = 2.0097205  2S+1 = 3.0064734
uhf_internal: lowest eigs of H = [0.00822159 0.00965091 0.06104706]
<class 'pyscf.scf.uhf.UHF'> wavefunction is stable in the internal stability analysis
uhf_real2complex: lowest eigs of H = [0.0174098  0.01750145 0.03072463]
<class 'pyscf.scf.uhf.UHF'> wavefunction is stable in the real -> complex stability analysis
uhf_external: lowest eigs of H = [-0.00438799  0.00035834  0.00050222]
<class 'pyscf.scf.uhf.UHF'> wavefunction has an UHF/UKS -> GHF/GKS instability




******** <class 'pyscf.soscf.newton_ah.SecondOrderUHF'> ********
method = SecondOrderUHF
initial guess = chk
damping factor = 0
level_shift factor = 0.5
DIIS = <class 'pyscf.scf.diis.CDIIS'>
diis_start_cycle = 1
diis_space = 8
diis_damp = 0
SCF conv_tol = 1e-09
SCF conv_tol_grad = None
SCF max_cycles = 50
direct_scf = True
direct_scf_tol = 1e-13
chkfile to save SCF result = umf.chk
max_memory 4000 MB (current use 354 MB)
number electrons alpha = 26  beta = 26
******** <class 'pyscf.scf.uhf.UHF'> Newton solver flags ********
SCF tol = 1e-09
conv_tol_grad = None
max. SCF cycles = 50
direct_scf = True
direct_scf_tol = 1e-13
chkfile to save SCF result = umf.chk
max_cycle_inner = 12
max_stepsize = 0.05
ah_start_tol = 1e+09
ah_level_shift = 0
ah_conv_tol = 1e-12
ah_lindep = 1e-14
ah_start_cycle = 1
ah_max_cycle = 40
ah_grad_trust_region = 2.5
kf_interval = 4
kf_trust_region = 5
canonicalization = True
max_memory 4000 MB (current use 354 MB)
Set conv_tol_grad to 3.16228e-05
  alpha nocc = 26  HOMO = -0.905880210485826  LUMO = -0.398742022663055
  beta  nocc = 26  HOMO = -0.905880022065141  LUMO = -0.398742010421913
Initial guess E= -541.393165372956  |g|= 1.88757e-06
macro= 0  E= -541.393165372968  delta_E= -1.15961e-11  |g|= 1.88757e-06  1 KF 2 JK
Canonicalize SCF orbitals
macro X = 1  E=-541.393165372968  |g|= 1.88757e-06  total 2 KF 4 JK
converged SCF energy = -541.393165372968  <S^2> = 2.0097206  2S+1 = 3.0064734
uhf_internal: lowest eigs of H = [0.00816446 0.00963366 0.06047872]
<class 'pyscf.soscf.newton_ah.SecondOrderUHF'> wavefunction is stable in the internal stability analysis
uhf_real2complex: lowest eigs of H = [0.01738936 0.01755236 0.03075051]
<class 'pyscf.soscf.newton_ah.SecondOrderUHF'> wavefunction is stable in the real -> complex stability analysis
uhf_external: lowest eigs of H = [-0.00470838  0.0003487   0.00057509]
<class 'pyscf.soscf.newton_ah.SecondOrderUHF'> wavefunction has an UHF/UKS -> GHF/GKS instability




******** <class 'pyscf.soscf.newton_ah.SecondOrderUHF'> ********
method = SecondOrderUHF
initial guess = chk
damping factor = 0
level_shift factor = 0.5
DIIS = <class 'pyscf.scf.diis.CDIIS'>
diis_start_cycle = 1
diis_space = 8
diis_damp = 0
SCF conv_tol = 1e-09
SCF conv_tol_grad = None
SCF max_cycles = 50
direct_scf = True
direct_scf_tol = 1e-13
chkfile to save SCF result = umf.chk
max_memory 4000 MB (current use 356 MB)
number electrons alpha = 26  beta = 26
******** <class 'pyscf.scf.uhf.UHF'> Newton solver flags ********
SCF tol = 1e-09
conv_tol_grad = None
max. SCF cycles = 50
direct_scf = True
direct_scf_tol = 1e-13
chkfile to save SCF result = umf.chk
max_cycle_inner = 12
max_stepsize = 0.05
ah_start_tol = 1e+09
ah_level_shift = 0
ah_conv_tol = 1e-12
ah_lindep = 1e-14
ah_start_cycle = 1
ah_max_cycle = 40
ah_grad_trust_region = 2.5
kf_interval = 4
kf_trust_region = 5
canonicalization = True
max_memory 4000 MB (current use 356 MB)
Set conv_tol_grad to 3.16228e-05
  alpha nocc = 26  HOMO = -0.905880190508173  LUMO = -0.39874202313601
  beta  nocc = 26  HOMO = -0.905879993632711  LUMO = -0.398741996024569
Initial guess E= -541.393165372968  |g|= 8.39955e-06
macro= 0  E= -541.393165372971  delta_E= -2.95586e-12  |g|= 8.39955e-06  1 KF 2 JK
Canonicalize SCF orbitals
macro X = 1  E=-541.393165372971  |g|= 8.39955e-06  total 2 KF 4 JK
converged SCF energy = -541.393165372971  <S^2> = 2.0097206  2S+1 = 3.0064734
uhf_internal: lowest eigs of H = [0.00820839 0.00961833 0.06039718]
<class 'pyscf.soscf.newton_ah.SecondOrderUHF'> wavefunction is stable in the internal stability analysis
uhf_real2complex: lowest eigs of H = [0.0173874  0.01742587 0.03064559]
<class 'pyscf.soscf.newton_ah.SecondOrderUHF'> wavefunction is stable in the real -> complex stability analysis
uhf_external: lowest eigs of H = [-4.58881825e-03  1.34578153e-05  1.35284475e-04]
<class 'pyscf.soscf.newton_ah.SecondOrderUHF'> wavefunction has an UHF/UKS -> GHF/GKS instability




******** <class 'pyscf.soscf.newton_ah.SecondOrderUHF'> ********
method = SecondOrderUHF
initial guess = chk
damping factor = 0
level_shift factor = 0.5
DIIS = <class 'pyscf.scf.diis.CDIIS'>
diis_start_cycle = 1
diis_space = 8
diis_damp = 0
SCF conv_tol = 1e-09
SCF conv_tol_grad = None
SCF max_cycles = 50
direct_scf = True
direct_scf_tol = 1e-13
chkfile to save SCF result = umf.chk
max_memory 4000 MB (current use 357 MB)
number electrons alpha = 26  beta = 26
******** <class 'pyscf.scf.uhf.UHF'> Newton solver flags ********
SCF tol = 1e-09
conv_tol_grad = None
max. SCF cycles = 50
direct_scf = True
direct_scf_tol = 1e-13
chkfile to save SCF result = umf.chk
max_cycle_inner = 12
max_stepsize = 0.05
ah_start_tol = 1e+09
ah_level_shift = 0
ah_conv_tol = 1e-12
ah_lindep = 1e-14
ah_start_cycle = 1
ah_max_cycle = 40
ah_grad_trust_region = 2.5
kf_interval = 4
kf_trust_region = 5
canonicalization = True
max_memory 4000 MB (current use 357 MB)
Set conv_tol_grad to 3.16228e-05
  alpha nocc = 26  HOMO = -0.905880190344333  LUMO = -0.398742023703226
  beta  nocc = 26  HOMO = -0.905879999427628  LUMO = -0.398741997772884
Initial guess E= -541.393165372971  |g|= 6.94034e-06
macro= 0  E= -541.393165372971  delta_E= -9.09495e-13  |g|= 6.94034e-06  1 KF 2 JK
Canonicalize SCF orbitals
macro X = 1  E=-541.393165372971  |g|= 6.94034e-06  total 2 KF 4 JK
converged SCF energy = -541.393165372971  <S^2> = 2.0097206  2S+1 = 3.0064734
uhf_internal: lowest eigs of H = [0.00819244 0.00959595 0.06038632]
<class 'pyscf.soscf.newton_ah.SecondOrderUHF'> wavefunction is stable in the internal stability analysis
uhf_real2complex: lowest eigs of H = [0.01739465 0.01744394 0.03061183]
<class 'pyscf.soscf.newton_ah.SecondOrderUHF'> wavefunction is stable in the real -> complex stability analysis
uhf_external: lowest eigs of H = [-0.00458033  0.00010235  0.0006083 ]
<class 'pyscf.soscf.newton_ah.SecondOrderUHF'> wavefunction has an UHF/UKS -> GHF/GKS instability




******** <class 'pyscf.soscf.newton_ah.SecondOrderUHF'> ********
method = SecondOrderUHF
initial guess = chk
damping factor = 0
level_shift factor = 0.5
DIIS = <class 'pyscf.scf.diis.CDIIS'>
diis_start_cycle = 1
diis_space = 8
diis_damp = 0
SCF conv_tol = 1e-09
SCF conv_tol_grad = None
SCF max_cycles = 50
direct_scf = True
direct_scf_tol = 1e-13
chkfile to save SCF result = umf.chk
max_memory 4000 MB (current use 357 MB)
number electrons alpha = 26  beta = 26
******** <class 'pyscf.scf.uhf.UHF'> Newton solver flags ********
SCF tol = 1e-09
conv_tol_grad = None
max. SCF cycles = 50
direct_scf = True
direct_scf_tol = 1e-13
chkfile to save SCF result = umf.chk
max_cycle_inner = 12
max_stepsize = 0.05
ah_start_tol = 1e+09
ah_level_shift = 0
ah_conv_tol = 1e-12
ah_lindep = 1e-14
ah_start_cycle = 1
ah_max_cycle = 40
ah_grad_trust_region = 2.5
kf_interval = 4
kf_trust_region = 5
canonicalization = True
max_memory 4000 MB (current use 357 MB)
Set conv_tol_grad to 3.16228e-05
  alpha nocc = 26  HOMO = -0.905880190520642  LUMO = -0.398742023937897
  beta  nocc = 26  HOMO = -0.905880001094818  LUMO = -0.39874199821817
Initial guess E= -541.393165372971  |g|= 4.57874e-06
macro= 0  E= -541.393165372973  delta_E= -1.59162e-12  |g|= 4.57874e-06  1 KF 2 JK
Canonicalize SCF orbitals
macro X = 1  E=-541.393165372973  |g|= 4.57874e-06  total 2 KF 4 JK
converged SCF energy = -541.393165372973  <S^2> = 2.0097206  2S+1 = 3.0064734
uhf_internal: lowest eigs of H = [0.00824572 0.00965377 0.07733142]
<class 'pyscf.soscf.newton_ah.SecondOrderUHF'> wavefunction is stable in the internal stability analysis

******** <class 'pyscf.cc.uccsd.UCCSD'> ********
CC2 = 0
CCSD nocc = (np.int64(16), np.int64(16)), nmo = (108, 108)
frozen orbitals 10
max_cycle = 100
direct = 0
conv_tol = 1e-07
conv_tol_normt = 1e-06
diis_space = 6
diis_start_cycle = 0
diis_start_energy_diff = 1e+09
max_memory 4000 MB (current use 358 MB)
Init t2, MP2 energy = -0.619068307330714
Init E_corr(UCCSD) = -0.61906830733619
cycle = 1  E_corr(UCCSD) = -0.599408335862538  dE = 0.0196599715  norm(t1,t2) = 0.159259
cycle = 2  E_corr(UCCSD) = -0.632239479164089  dE = -0.0328311433  norm(t1,t2) = 0.061152
cycle = 3  E_corr(UCCSD) = -0.631303857636508  dE = 0.000935621528  norm(t1,t2) = 0.0541774
cycle = 4  E_corr(UCCSD) = -0.646887009473035  dE = -0.0155831518  norm(t1,t2) = 0.0411111
cycle = 5  E_corr(UCCSD) = -0.650152700913485  dE = -0.00326569144  norm(t1,t2) = 0.0200104
cycle = 6  E_corr(UCCSD) = -0.65103700343234  dE = -0.000884302519  norm(t1,t2) = 0.0134215
cycle = 7  E_corr(UCCSD) = -0.652692896369657  dE = -0.00165589294  norm(t1,t2) = 0.00922688
cycle = 8  E_corr(UCCSD) = -0.653539995676559  dE = -0.000847099307  norm(t1,t2) = 0.00621446
cycle = 9  E_corr(UCCSD) = -0.653902417768978  dE = -0.000362422092  norm(t1,t2) = 0.00425263
cycle = 10  E_corr(UCCSD) = -0.654119891694049  dE = -0.000217473925  norm(t1,t2) = 0.00292477
cycle = 11  E_corr(UCCSD) = -0.654233800136603  dE = -0.000113908443  norm(t1,t2) = 0.00202385
cycle = 12  E_corr(UCCSD) = -0.654281561778411  dE = -4.77616418e-05  norm(t1,t2) = 0.00160797
cycle = 13  E_corr(UCCSD) = -0.654366846174798  dE = -8.52843964e-05  norm(t1,t2) = 0.00128835
cycle = 14  E_corr(UCCSD) = -0.654359274547178  dE = 7.57162762e-06  norm(t1,t2) = 0.00100845
cycle = 15  E_corr(UCCSD) = -0.654345164569744  dE = 1.41099774e-05  norm(t1,t2) = 0.000851124
cycle = 16  E_corr(UCCSD) = -0.654331965347916  dE = 1.31992218e-05  norm(t1,t2) = 0.000729232
cycle = 17  E_corr(UCCSD) = -0.654313216015349  dE = 1.87493326e-05  norm(t1,t2) = 0.000646951
cycle = 18  E_corr(UCCSD) = -0.654298740602792  dE = 1.44754126e-05  norm(t1,t2) = 0.000597596
cycle = 19  E_corr(UCCSD) = -0.654289102745442  dE = 9.63785735e-06  norm(t1,t2) = 0.000550706
cycle = 20  E_corr(UCCSD) = -0.654285207324605  dE = 3.89542084e-06  norm(t1,t2) = 0.000518508
cycle = 21  E_corr(UCCSD) = -0.654286037621263  dE = -8.30296658e-07  norm(t1,t2) = 0.00049095
cycle = 22  E_corr(UCCSD) = -0.654291758241561  dE = -5.7206203e-06  norm(t1,t2) = 0.000462914
cycle = 23  E_corr(UCCSD) = -0.654300911732397  dE = -9.15349084e-06  norm(t1,t2) = 0.000436066
cycle = 24  E_corr(UCCSD) = -0.654312911327278  dE = -1.19995949e-05  norm(t1,t2) = 0.000406412
cycle = 25  E_corr(UCCSD) = -0.654328183338063  dE = -1.52720108e-05  norm(t1,t2) = 0.000372644
cycle = 26  E_corr(UCCSD) = -0.654344789707007  dE = -1.66063689e-05  norm(t1,t2) = 0.000333091
cycle = 27  E_corr(UCCSD) = -0.654359422745033  dE = -1.4633038e-05  norm(t1,t2) = 0.00029284
cycle = 28  E_corr(UCCSD) = -0.654377163795843  dE = -1.77410508e-05  norm(t1,t2) = 0.000252458
cycle = 29  E_corr(UCCSD) = -0.654385279440525  dE = -8.11564468e-06  norm(t1,t2) = 0.000209379
cycle = 30  E_corr(UCCSD) = -0.654394183210116  dE = -8.90376959e-06  norm(t1,t2) = 0.000180623
cycle = 31  E_corr(UCCSD) = -0.654399263440559  dE = -5.08023044e-06  norm(t1,t2) = 0.000153215
cycle = 32  E_corr(UCCSD) = -0.654400842554543  dE = -1.57911398e-06  norm(t1,t2) = 0.000130382
cycle = 33  E_corr(UCCSD) = -0.654402498914138  dE = -1.65635959e-06  norm(t1,t2) = 0.000113951
cycle = 34  E_corr(UCCSD) = -0.65440148497492  dE = 1.01393922e-06  norm(t1,t2) = 9.71907e-05
cycle = 35  E_corr(UCCSD) = -0.654401556239091  dE = -7.12641712e-08  norm(t1,t2) = 8.54083e-05
cycle = 36  E_corr(UCCSD) = -0.654401087692766  dE = 4.68546325e-07  norm(t1,t2) = 7.38358e-05
cycle = 37  E_corr(UCCSD) = -0.654400966066805  dE = 1.21625961e-07  norm(t1,t2) = 6.59212e-05
cycle = 38  E_corr(UCCSD) = -0.65440185435497  dE = -8.88288165e-07  norm(t1,t2) = 6.00151e-05
cycle = 39  E_corr(UCCSD) = -0.654402846410282  dE = -9.92055312e-07  norm(t1,t2) = 5.51044e-05
cycle = 40  E_corr(UCCSD) = -0.654404694260918  dE = -1.84785064e-06  norm(t1,t2) = 5.00638e-05
cycle = 41  E_corr(UCCSD) = -0.654406634432494  dE = -1.94017158e-06  norm(t1,t2) = 4.46209e-05
cycle = 42  E_corr(UCCSD) = -0.65440838828851  dE = -1.75385602e-06  norm(t1,t2) = 4.03227e-05
cycle = 43  E_corr(UCCSD) = -0.654409890190568  dE = -1.50190206e-06  norm(t1,t2) = 3.54563e-05
cycle = 44  E_corr(UCCSD) = -0.654410978538948  dE = -1.08834838e-06  norm(t1,t2) = 3.14704e-05
cycle = 45  E_corr(UCCSD) = -0.654411966548047  dE = -9.88009099e-07  norm(t1,t2) = 2.79672e-05
cycle = 46  E_corr(UCCSD) = -0.654412635735168  dE = -6.69187121e-07  norm(t1,t2) = 2.29958e-05
cycle = 47  E_corr(UCCSD) = -0.654412939531116  dE = -3.03795948e-07  norm(t1,t2) = 1.88948e-05
cycle = 48  E_corr(UCCSD) = -0.654413184701284  dE = -2.45170168e-07  norm(t1,t2) = 1.59591e-05
cycle = 49  E_corr(UCCSD) = -0.654413242706658  dE = -5.80053742e-08  norm(t1,t2) = 1.39379e-05
cycle = 50  E_corr(UCCSD) = -0.654413445716833  dE = -2.03010175e-07  norm(t1,t2) = 1.24518e-05
cycle = 51  E_corr(UCCSD) = -0.654413573360314  dE = -1.2764348e-07  norm(t1,t2) = 1.11719e-05
cycle = 52  E_corr(UCCSD) = -0.654413887914707  dE = -3.14554393e-07  norm(t1,t2) = 1.02789e-05
cycle = 53  E_corr(UCCSD) = -0.654414143788309  dE = -2.55873602e-07  norm(t1,t2) = 9.19651e-06
cycle = 54  E_corr(UCCSD) = -0.654414374773599  dE = -2.3098529e-07  norm(t1,t2) = 8.39395e-06
cycle = 55  E_corr(UCCSD) = -0.654414550585408  dE = -1.75811809e-07  norm(t1,t2) = 7.88149e-06
cycle = 56  E_corr(UCCSD) = -0.654414713809554  dE = -1.63224146e-07  norm(t1,t2) = 7.43174e-06
cycle = 57  E_corr(UCCSD) = -0.654414863337495  dE = -1.49527941e-07  norm(t1,t2) = 6.96839e-06
cycle = 58  E_corr(UCCSD) = -0.654414964749602  dE = -1.01412107e-07  norm(t1,t2) = 6.35532e-06
cycle = 59  E_corr(UCCSD) = -0.654415104861056  dE = -1.40111453e-07  norm(t1,t2) = 5.78663e-06
cycle = 60  E_corr(UCCSD) = -0.654415201318451  dE = -9.64573954e-08  norm(t1,t2) = 4.8523e-06
cycle = 61  E_corr(UCCSD) = -0.654415304456092  dE = -1.03137641e-07  norm(t1,t2) = 4.06498e-06
cycle = 62  E_corr(UCCSD) = -0.654415424761415  dE = -1.20305323e-07  norm(t1,t2) = 3.46548e-06
cycle = 63  E_corr(UCCSD) = -0.654415560827176  dE = -1.36065761e-07  norm(t1,t2) = 2.92204e-06
cycle = 64  E_corr(UCCSD) = -0.654415712868765  dE = -1.52041589e-07  norm(t1,t2) = 2.4803e-06
cycle = 65  E_corr(UCCSD) = -0.654415845069821  dE = -1.32201057e-07  norm(t1,t2) = 2.05106e-06
cycle = 66  E_corr(UCCSD) = -0.654415986250139  dE = -1.41180317e-07  norm(t1,t2) = 1.73385e-06
cycle = 67  E_corr(UCCSD) = -0.654416067311258  dE = -8.10611194e-08  norm(t1,t2) = 1.41104e-06
cycle = 68  E_corr(UCCSD) = -0.654416109092822  dE = -4.17815643e-08  norm(t1,t2) = 1.20341e-06
cycle = 69  E_corr(UCCSD) = -0.6544161169693  dE = -7.87647825e-09  norm(t1,t2) = 1.08906e-06
cycle = 70  E_corr(UCCSD) = -0.654416120331773  dE = -3.3624723e-09  norm(t1,t2) = 1.0218e-06
cycle = 71  E_corr(UCCSD) = -0.654416106806081  dE = 1.3525692e-08  norm(t1,t2) = 9.65069e-07
UCCSD converged
E(UCCSD) = -542.0475814797788  E_corr = -0.6544161068060808
UCCSD(T) correction = -0.0342417685630689
spin = 0  ccsd(t) energy is: -542.081823248342
